

************************************************************************************
* NEW SESSION **********************************************************************
************************************************************************************

08/13/2025 17:31:59
***mDentSeverity:0,0,0,0,0,0,0,2
***mLastImpactMagnitude:61.7
***mAccumulatedImpactMagnitude:7,786.1
***mMaxImpactMagnitude:2,105.9
***mLastImpactPos:x=-0.9455 y=-0.1200 z=2.1115
***mLastImpactET:92.8600006103516
***mOverheating:0
***mDetached:0
***Front Wheels:Left Flat:0    Left Detached:0        Right Flat:0    Right Detached:0
***Rear Wheels:Left Flat:0    Left Detached:0        Right Flat:0    Right Detached:0


08/13/2025 17:58:47
mDentSeverity:0,0,0,0,0,0,0,2
mLastImpactMagnitude:61.7
***mAccumulatedImpactMagnitude:0.0
***mMaxImpactMagnitude:0.0
mLastImpactPos:x=-0.9455 y=-0.1200 z=2.1115
mLastImpactET:92.8600006103516
mOverheating:0
mDetached:0
Front Wheels:Left Flat:0    Left Detached:0        Right Flat:0    Right Detached:0
Rear Wheels:Left Flat:0    Left Detached:0        Right Flat:0    Right Detached:0


08/13/2025 17:58:47
mDentSeverity:0,0,0,0,0,0,0,2
***mLastImpactMagnitude:0.0
mAccumulatedImpactMagnitude:0.0
mMaxImpactMagnitude:0.0
***mLastImpactPos:x=0.0000 y=0.0000 z=0.0000
***mLastImpactET:0
mOverheating:0
mDetached:0
Front Wheels:Left Flat:0    Left Detached:0        Right Flat:0    Right Detached:0
Rear Wheels:Left Flat:0    Left Detached:0        Right Flat:0    Right Detached:0


08/13/2025 17:58:47
***mDentSeverity:0,0,0,0,0,0,0,0
mLastImpactMagnitude:0.0
mAccumulatedImpactMagnitude:0.0
mMaxImpactMagnitude:0.0
mLastImpactPos:x=0.0000 y=0.0000 z=0.0000
mLastImpactET:0
mOverheating:0
mDetached:0
Front Wheels:Left Flat:0    Left Detached:0        Right Flat:0    Right Detached:0
Rear Wheels:Left Flat:0    Left Detached:0        Right Flat:0    Right Detached:0

