

************************************************************************************
* NEW SESSION **********************************************************************
************************************************************************************

07/16/2025 20:24:37
***mDentSeverity:0,2,0,0,2,0,0,2
***mLastImpactMagnitude:2,366.5
***mAccumulatedImpactMagnitude:167,211.4
***mMaxImpactMagnitude:54,959.9
***mLastImpactPos:x=-0.9498 y=0.2702 z=2.4060
***mLastImpactET:139.339996337891
***mOverheating:0
***mDetached:0
***Front Wheels:Left Flat:0    Left Detached:1        Right Flat:0    Right Detached:0
***Rear Wheels:Left Flat:0    Left Detached:0        Right Flat:0    Right Detached:0


07/16/2025 20:32:19
mDentSeverity:0,2,0,0,2,0,0,2
***mLastImpactMagnitude:4,519.0
mAccumulatedImpactMagnitude:167,211.4
mMaxImpactMagnitude:54,959.9
***mLastImpactPos:x=-0.8735 y=-0.0491 z=-2.5405
***mLastImpactET:162.460006713867
mOverheating:0
mDetached:0
Front Wheels:Left Flat:0    Left Detached:1        Right Flat:0    Right Detached:0
Rear Wheels:Left Flat:0    Left Detached:0        Right Flat:0    Right Detached:0


07/16/2025 20:32:19
***mDentSeverity:2,2,0,0,2,0,0,2
mLastImpactMagnitude:4,519.0
mAccumulatedImpactMagnitude:167,211.4
mMaxImpactMagnitude:54,959.9
mLastImpactPos:x=-0.8735 y=-0.0491 z=-2.5405
mLastImpactET:162.460006713867
mOverheating:0
mDetached:0
Front Wheels:Left Flat:0    Left Detached:1        Right Flat:0    Right Detached:0
Rear Wheels:Left Flat:0    Left Detached:0        Right Flat:0    Right Detached:0


07/16/2025 20:32:19
mDentSeverity:2,2,0,0,2,0,0,2
mLastImpactMagnitude:4,519.0
***mAccumulatedImpactMagnitude:171,730.4
mMaxImpactMagnitude:54,959.9
mLastImpactPos:x=-0.8735 y=-0.0491 z=-2.5405
mLastImpactET:162.460006713867
mOverheating:0
mDetached:0
Front Wheels:Left Flat:0    Left Detached:1        Right Flat:0    Right Detached:0
Rear Wheels:Left Flat:0    Left Detached:0        Right Flat:0    Right Detached:0

