

************************************************************************************
* NEW SESSION **********************************************************************
************************************************************************************

07/21/2025 17:47:24
***mGamePhase:GreenFlag(5)
***mSession:Race(10)
***mYellowFlagState:NoFlag(0)
***mSector:2
***mCurrentSector:0x00000001
***mInRealtimeFC:true(1)
***mInRealtimeSU:true(1)
***mSectorFlag[0]:Unknown(11)
***mSectorFlag[1]:Unknown(11)
***mSectorFlag[2]:Unknown(11)
***mInPits:false(0)
***mIsPlayer:true(1)
***mPlace:20
***mPitState:None(0)
***mIndividualPhase:GreenFlag(5)
***mFlag:Green(0)
***mUnderYellow:0
***mCountLapFlag:CountLapAndTime(2)
***mInGarageStall:false(0)
***mFinishStatus:None(0)
***mLapNumber:2
***mTotalLaps:2
***mMaxLaps:2147483647
***mNumVehicles:20
***mHeadlights:true(1)
***mSpeedLimiter:false(0)
***mFrontTireCompoundIndex:false(0)
***mRearTireCompoundIndex:false(0)
***mFrontTireCompoundName:Medium
***mRearTireCompoundName:Medium
***mFrontFlapActivated:false(0)
***mRearFlapActivated:false(0)
***mRearFlapLegalStatus:Disallowed(0)
***mIgnitionStarter:Ignition(1)
***mSpeedLimiterAvailable:true(1)
***mAntiStallActivated:false(0)
***mStartLight:0
***mNumRedLights:5
***mNumPitstops:0
***mNumPenalties:0
***mLapsBehindNext:2
***mLapsBehindLeader:2
***mPlayerHeadlights:true(1)
***mServerScored:true(1)
***mQualification:14
