

************************************************************************************
* NEW SESSION **********************************************************************
************************************************************************************

07/31/2025 11:27:26
***mGamePhase:GreenFlag(5)
***mSession:Practice(1)
***mYellowFlagState:NoFlag(0)
***mSector:1
***mCurrentSector:0x80000000
***mInRealtimeFC:false(0)
***mInRealtimeSU:false(0)
***mSectorFlag[0]:Unknown(11)
***mSectorFlag[1]:Unknown(11)
***mSectorFlag[2]:Unknown(11)
***mControl:AI(1)
***mInPits:true(1)
***mIsPlayer:true(1)
***mPlace:34
***mPitState:Unknown(5)
***mIndividualPhase:GreenFlag(5)
***mFlag:Green(0)
***mUnderYellow:0
***mCountLapFlag:CountLapButNotTime(1)
***mInGarageStall:true(1)
***mFinishStatus:None(0)
***mLapNumber:0
***mTotalLaps:0
***mMaxLaps:2147483647

***mNumVehicles:36
mScheduledStops:true(255)
***mHeadlights:false(0)
***mSpeedLimiter:false(0)
***mFrontTireCompoundIndex:false(0)
***mRearTireCompoundIndex:false(0)
***mFrontTireCompoundName:Medium
***mRearTireCompoundName:Medium
***mFrontFlapActivated:false(0)
***mRearFlapActivated:false(0)
***mRearFlapLegalStatus:Disallowed(0)
***mIgnitionStarter:Off(0)
***mSpeedLimiterAvailable:true(1)
***mAntiStallActivated:false(0)
***mStartLight:0
***mNumRedLights:5
***mNumPitstops:0
***mNumPenalties:0
***mLapsBehindNext:0
***mLapsBehindLeader:2
***mPlayerHeadlights:false(0)
***mServerScored:true(1)
***mQualification:34


07/31/2025 11:27:47
mGamePhase:GreenFlag(5)
mSession:Practice(1)
mYellowFlagState:NoFlag(0)
mSector:1
mCurrentSector:0x80000000
***mInRealtimeFC:true(1)
mInRealtimeSU:false(0)
mSectorFlag[0]:Unknown(11)
mSectorFlag[1]:Unknown(11)
mSectorFlag[2]:Unknown(11)
mControl:AI(1)
mInPits:true(1)
mIsPlayer:true(1)
mPlace:34
mPitState:Unknown(5)
mIndividualPhase:GreenFlag(5)
mFlag:Green(0)
mUnderYellow:0
mCountLapFlag:CountLapButNotTime(1)
mInGarageStall:true(1)
mFinishStatus:None(0)
mLapNumber:0
mTotalLaps:0
mMaxLaps:2147483647

mNumVehicles:36
mScheduledStops:true(255)
mHeadlights:false(0)
mSpeedLimiter:false(0)
mFrontTireCompoundIndex:false(0)
mRearTireCompoundIndex:false(0)
mFrontTireCompoundName:Medium
mRearTireCompoundName:Medium
mFrontFlapActivated:false(0)
mRearFlapActivated:false(0)
mRearFlapLegalStatus:Disallowed(0)
mIgnitionStarter:Off(0)
mSpeedLimiterAvailable:true(1)
mAntiStallActivated:false(0)
mStartLight:0
mNumRedLights:5
mNumPitstops:0
mNumPenalties:0
mLapsBehindNext:0
mLapsBehindLeader:2
mPlayerHeadlights:false(0)
mServerScored:true(1)
mQualification:34


07/31/2025 11:27:49
mGamePhase:GreenFlag(5)
mSession:Practice(1)
mYellowFlagState:NoFlag(0)
mSector:1
mCurrentSector:0x80000000
mInRealtimeFC:true(1)
mInRealtimeSU:false(0)
mSectorFlag[0]:Unknown(11)
mSectorFlag[1]:Unknown(11)
mSectorFlag[2]:Unknown(11)
mControl:AI(1)
mInPits:true(1)
mIsPlayer:true(1)
mPlace:34
mPitState:Unknown(5)
mIndividualPhase:GreenFlag(5)
mFlag:Green(0)
mUnderYellow:0
mCountLapFlag:CountLapButNotTime(1)
mInGarageStall:true(1)
mFinishStatus:None(0)
mLapNumber:0
mTotalLaps:0
mMaxLaps:2147483647

mNumVehicles:36
mScheduledStops:true(255)
mHeadlights:false(0)
***mSpeedLimiter:true(1)
mFrontTireCompoundIndex:false(0)
mRearTireCompoundIndex:false(0)
mFrontTireCompoundName:Medium
mRearTireCompoundName:Medium
mFrontFlapActivated:false(0)
mRearFlapActivated:false(0)
mRearFlapLegalStatus:Disallowed(0)
mIgnitionStarter:Off(0)
mSpeedLimiterAvailable:true(1)
mAntiStallActivated:false(0)
mStartLight:0
mNumRedLights:5
mNumPitstops:0
mNumPenalties:0
mLapsBehindNext:0
mLapsBehindLeader:2
mPlayerHeadlights:false(0)
mServerScored:true(1)
mQualification:34


07/31/2025 11:27:49
mGamePhase:GreenFlag(5)
mSession:Practice(1)
mYellowFlagState:NoFlag(0)
mSector:1
mCurrentSector:0x80000000
mInRealtimeFC:true(1)
***mInRealtimeSU:true(1)
mSectorFlag[0]:Unknown(11)
mSectorFlag[1]:Unknown(11)
mSectorFlag[2]:Unknown(11)
***mControl:Player(0)
mInPits:true(1)
mIsPlayer:true(1)
mPlace:34
mPitState:Unknown(5)
mIndividualPhase:GreenFlag(5)
mFlag:Green(0)
mUnderYellow:0
mCountLapFlag:CountLapButNotTime(1)
mInGarageStall:true(1)
mFinishStatus:None(0)
mLapNumber:0
mTotalLaps:0
mMaxLaps:2147483647

mNumVehicles:36
mScheduledStops:true(255)
mHeadlights:false(0)
mSpeedLimiter:true(1)
mFrontTireCompoundIndex:false(0)
mRearTireCompoundIndex:false(0)
mFrontTireCompoundName:Medium
mRearTireCompoundName:Medium
mFrontFlapActivated:false(0)
mRearFlapActivated:false(0)
mRearFlapLegalStatus:Disallowed(0)
mIgnitionStarter:Off(0)
mSpeedLimiterAvailable:true(1)
mAntiStallActivated:false(0)
mStartLight:0
mNumRedLights:5
mNumPitstops:0
mNumPenalties:0
mLapsBehindNext:0
mLapsBehindLeader:2
mPlayerHeadlights:false(0)
mServerScored:true(1)
mQualification:34


07/31/2025 11:27:51
mGamePhase:GreenFlag(5)
mSession:Practice(1)
mYellowFlagState:NoFlag(0)
mSector:1
mCurrentSector:0x80000000
mInRealtimeFC:true(1)
mInRealtimeSU:true(1)
mSectorFlag[0]:Unknown(11)
mSectorFlag[1]:Unknown(11)
mSectorFlag[2]:Unknown(11)
mControl:Player(0)
mInPits:true(1)
mIsPlayer:true(1)
mPlace:34
mPitState:Unknown(5)
mIndividualPhase:GreenFlag(5)
mFlag:Green(0)
mUnderYellow:0
mCountLapFlag:CountLapButNotTime(1)
mInGarageStall:true(1)
mFinishStatus:None(0)
mLapNumber:0
mTotalLaps:0
mMaxLaps:2147483647

mNumVehicles:36
mScheduledStops:true(255)
mHeadlights:false(0)
mSpeedLimiter:true(1)
mFrontTireCompoundIndex:false(0)
mRearTireCompoundIndex:false(0)
mFrontTireCompoundName:Medium
mRearTireCompoundName:Medium
mFrontFlapActivated:false(0)
mRearFlapActivated:false(0)
mRearFlapLegalStatus:Disallowed(0)
***mIgnitionStarter:Ignition(1)
mSpeedLimiterAvailable:true(1)
mAntiStallActivated:false(0)
mStartLight:0
mNumRedLights:5
mNumPitstops:0
mNumPenalties:0
mLapsBehindNext:0
mLapsBehindLeader:2
mPlayerHeadlights:false(0)
mServerScored:true(1)
mQualification:34


07/31/2025 11:27:51
mGamePhase:GreenFlag(5)
mSession:Practice(1)
mYellowFlagState:NoFlag(0)
mSector:1
mCurrentSector:0x80000000
mInRealtimeFC:true(1)
mInRealtimeSU:true(1)
mSectorFlag[0]:Unknown(11)
mSectorFlag[1]:Unknown(11)
mSectorFlag[2]:Unknown(11)
mControl:Player(0)
mInPits:true(1)
mIsPlayer:true(1)
mPlace:34
mPitState:Unknown(5)
mIndividualPhase:GreenFlag(5)
mFlag:Green(0)
mUnderYellow:0
mCountLapFlag:CountLapButNotTime(1)
mInGarageStall:true(1)
mFinishStatus:None(0)
mLapNumber:0
mTotalLaps:0
mMaxLaps:2147483647

mNumVehicles:36
mScheduledStops:true(255)
mHeadlights:false(0)
mSpeedLimiter:true(1)
mFrontTireCompoundIndex:false(0)
mRearTireCompoundIndex:false(0)
mFrontTireCompoundName:Medium
mRearTireCompoundName:Medium
mFrontFlapActivated:false(0)
mRearFlapActivated:false(0)
mRearFlapLegalStatus:Disallowed(0)
***mIgnitionStarter:IgnitionAndStarter(2)
mSpeedLimiterAvailable:true(1)
mAntiStallActivated:false(0)
mStartLight:0
mNumRedLights:5
mNumPitstops:0
mNumPenalties:0
mLapsBehindNext:0
mLapsBehindLeader:2
mPlayerHeadlights:false(0)
mServerScored:true(1)
mQualification:34


07/31/2025 11:27:52
mGamePhase:GreenFlag(5)
mSession:Practice(1)
mYellowFlagState:NoFlag(0)
mSector:1
mCurrentSector:0x80000000
mInRealtimeFC:true(1)
mInRealtimeSU:true(1)
mSectorFlag[0]:Unknown(11)
mSectorFlag[1]:Unknown(11)
mSectorFlag[2]:Unknown(11)
mControl:Player(0)
mInPits:true(1)
mIsPlayer:true(1)
mPlace:34
mPitState:Unknown(5)
mIndividualPhase:GreenFlag(5)
mFlag:Green(0)
mUnderYellow:0
mCountLapFlag:CountLapButNotTime(1)
mInGarageStall:true(1)
mFinishStatus:None(0)
mLapNumber:0
mTotalLaps:0
mMaxLaps:2147483647

mNumVehicles:36
mScheduledStops:true(255)
mHeadlights:false(0)
mSpeedLimiter:true(1)
mFrontTireCompoundIndex:false(0)
mRearTireCompoundIndex:false(0)
mFrontTireCompoundName:Medium
mRearTireCompoundName:Medium
mFrontFlapActivated:false(0)
mRearFlapActivated:false(0)
mRearFlapLegalStatus:Disallowed(0)
***mIgnitionStarter:Ignition(1)
mSpeedLimiterAvailable:true(1)
mAntiStallActivated:false(0)
mStartLight:0
mNumRedLights:5
mNumPitstops:0
mNumPenalties:0
mLapsBehindNext:0
mLapsBehindLeader:2
mPlayerHeadlights:false(0)
mServerScored:true(1)
mQualification:34


07/31/2025 11:27:54
mGamePhase:GreenFlag(5)
mSession:Practice(1)
mYellowFlagState:NoFlag(0)
mSector:1
mCurrentSector:0x80000000
mInRealtimeFC:true(1)
mInRealtimeSU:true(1)
mSectorFlag[0]:Unknown(11)
mSectorFlag[1]:Unknown(11)
mSectorFlag[2]:Unknown(11)
mControl:Player(0)
mInPits:true(1)
mIsPlayer:true(1)
mPlace:34
mPitState:Unknown(5)
mIndividualPhase:GreenFlag(5)
mFlag:Green(0)
mUnderYellow:0
mCountLapFlag:CountLapButNotTime(1)
***mInGarageStall:false(0)
mFinishStatus:None(0)
mLapNumber:0
mTotalLaps:0
mMaxLaps:2147483647

mNumVehicles:36
mScheduledStops:true(255)
mHeadlights:false(0)
mSpeedLimiter:true(1)
mFrontTireCompoundIndex:false(0)
mRearTireCompoundIndex:false(0)
mFrontTireCompoundName:Medium
mRearTireCompoundName:Medium
mFrontFlapActivated:false(0)
mRearFlapActivated:false(0)
mRearFlapLegalStatus:Disallowed(0)
mIgnitionStarter:Ignition(1)
mSpeedLimiterAvailable:true(1)
mAntiStallActivated:false(0)
mStartLight:0
mNumRedLights:5
mNumPitstops:0
mNumPenalties:0
mLapsBehindNext:0
mLapsBehindLeader:2
mPlayerHeadlights:false(0)
mServerScored:true(1)
mQualification:34


07/31/2025 11:28:00
mGamePhase:GreenFlag(5)
mSession:Practice(1)
mYellowFlagState:NoFlag(0)
mSector:1
mCurrentSector:0x80000000
mInRealtimeFC:true(1)
mInRealtimeSU:true(1)
mSectorFlag[0]:Unknown(11)
mSectorFlag[1]:Unknown(11)
mSectorFlag[2]:Unknown(11)
mControl:Player(0)
mInPits:true(1)
mIsPlayer:true(1)
***mPlace:29
mPitState:Unknown(5)
mIndividualPhase:GreenFlag(5)
mFlag:Green(0)
mUnderYellow:0
mCountLapFlag:CountLapButNotTime(1)
mInGarageStall:false(0)
mFinishStatus:None(0)
mLapNumber:0
mTotalLaps:0
mMaxLaps:2147483647

mNumVehicles:36
mScheduledStops:true(255)
mHeadlights:false(0)
mSpeedLimiter:true(1)
mFrontTireCompoundIndex:false(0)
mRearTireCompoundIndex:false(0)
mFrontTireCompoundName:Medium
mRearTireCompoundName:Medium
mFrontFlapActivated:false(0)
mRearFlapActivated:false(0)
mRearFlapLegalStatus:Disallowed(0)
mIgnitionStarter:Ignition(1)
mSpeedLimiterAvailable:true(1)
mAntiStallActivated:false(0)
mStartLight:0
mNumRedLights:5
mNumPitstops:0
mNumPenalties:0
mLapsBehindNext:0
mLapsBehindLeader:2
mPlayerHeadlights:false(0)
mServerScored:true(1)
mQualification:34


07/31/2025 11:28:02
mGamePhase:GreenFlag(5)
mSession:Practice(1)
mYellowFlagState:NoFlag(0)
mSector:1
mCurrentSector:0x80000000
mInRealtimeFC:true(1)
mInRealtimeSU:true(1)
mSectorFlag[0]:Unknown(11)
mSectorFlag[1]:Unknown(11)
mSectorFlag[2]:Unknown(11)
mControl:Player(0)
mInPits:true(1)
mIsPlayer:true(1)
***mPlace:28
mPitState:Unknown(5)
mIndividualPhase:GreenFlag(5)
mFlag:Green(0)
mUnderYellow:0
mCountLapFlag:CountLapButNotTime(1)
mInGarageStall:false(0)
mFinishStatus:None(0)
mLapNumber:0
mTotalLaps:0
mMaxLaps:2147483647

mNumVehicles:36
mScheduledStops:true(255)
mHeadlights:false(0)
mSpeedLimiter:true(1)
mFrontTireCompoundIndex:false(0)
mRearTireCompoundIndex:false(0)
mFrontTireCompoundName:Medium
mRearTireCompoundName:Medium
mFrontFlapActivated:false(0)
mRearFlapActivated:false(0)
mRearFlapLegalStatus:Disallowed(0)
mIgnitionStarter:Ignition(1)
mSpeedLimiterAvailable:true(1)
mAntiStallActivated:false(0)
mStartLight:0
mNumRedLights:5
mNumPitstops:0
mNumPenalties:0
mLapsBehindNext:0
mLapsBehindLeader:2
mPlayerHeadlights:false(0)
mServerScored:true(1)
mQualification:34


07/31/2025 11:28:13
mGamePhase:GreenFlag(5)
mSession:Practice(1)
mYellowFlagState:NoFlag(0)
mSector:1
***mCurrentSector:0x00000000
mInRealtimeFC:true(1)
mInRealtimeSU:true(1)
mSectorFlag[0]:Unknown(11)
mSectorFlag[1]:Unknown(11)
mSectorFlag[2]:Unknown(11)
mControl:Player(0)
mInPits:true(1)
mIsPlayer:true(1)
mPlace:28
mPitState:Unknown(5)
mIndividualPhase:GreenFlag(5)
mFlag:Green(0)
mUnderYellow:0
mCountLapFlag:CountLapButNotTime(1)
mInGarageStall:false(0)
mFinishStatus:None(0)
mLapNumber:0
mTotalLaps:0
mMaxLaps:2147483647

mNumVehicles:36
mScheduledStops:true(255)
mHeadlights:false(0)
mSpeedLimiter:true(1)
mFrontTireCompoundIndex:false(0)
mRearTireCompoundIndex:false(0)
mFrontTireCompoundName:Medium
mRearTireCompoundName:Medium
mFrontFlapActivated:false(0)
mRearFlapActivated:false(0)
mRearFlapLegalStatus:Disallowed(0)
mIgnitionStarter:Ignition(1)
mSpeedLimiterAvailable:true(1)
mAntiStallActivated:false(0)
mStartLight:0
mNumRedLights:5
mNumPitstops:0
mNumPenalties:0
mLapsBehindNext:0
mLapsBehindLeader:2
mPlayerHeadlights:false(0)
mServerScored:true(1)
mQualification:34


07/31/2025 11:28:14
mGamePhase:GreenFlag(5)
mSession:Practice(1)
mYellowFlagState:NoFlag(0)
mSector:1
mCurrentSector:0x00000000
mInRealtimeFC:true(1)
mInRealtimeSU:true(1)
mSectorFlag[0]:Unknown(11)
mSectorFlag[1]:Unknown(11)
mSectorFlag[2]:Unknown(11)
mControl:Player(0)
***mInPits:false(0)
mIsPlayer:true(1)
mPlace:28
***mPitState:None(0)
mIndividualPhase:GreenFlag(5)
mFlag:Green(0)
mUnderYellow:0
mCountLapFlag:CountLapButNotTime(1)
mInGarageStall:false(0)
mFinishStatus:None(0)
mLapNumber:0
mTotalLaps:0
mMaxLaps:2147483647

mNumVehicles:36
mScheduledStops:true(255)
mHeadlights:false(0)
mSpeedLimiter:true(1)
mFrontTireCompoundIndex:false(0)
mRearTireCompoundIndex:false(0)
mFrontTireCompoundName:Medium
mRearTireCompoundName:Medium
mFrontFlapActivated:false(0)
mRearFlapActivated:false(0)
mRearFlapLegalStatus:Disallowed(0)
mIgnitionStarter:Ignition(1)
mSpeedLimiterAvailable:true(1)
mAntiStallActivated:false(0)
mStartLight:0
mNumRedLights:5
mNumPitstops:0
mNumPenalties:0
mLapsBehindNext:0
mLapsBehindLeader:2
mPlayerHeadlights:false(0)
mServerScored:true(1)
mQualification:34


07/31/2025 11:28:14
mGamePhase:GreenFlag(5)
mSession:Practice(1)
mYellowFlagState:NoFlag(0)
mSector:1
mCurrentSector:0x00000000
mInRealtimeFC:true(1)
mInRealtimeSU:true(1)
mSectorFlag[0]:Unknown(11)
mSectorFlag[1]:Unknown(11)
mSectorFlag[2]:Unknown(11)
mControl:Player(0)
mInPits:false(0)
mIsPlayer:true(1)
mPlace:28
mPitState:None(0)
mIndividualPhase:GreenFlag(5)
mFlag:Green(0)
mUnderYellow:0
mCountLapFlag:CountLapButNotTime(1)
mInGarageStall:false(0)
mFinishStatus:None(0)
mLapNumber:0
mTotalLaps:0
mMaxLaps:2147483647

mNumVehicles:36
mScheduledStops:true(255)
mHeadlights:false(0)
***mSpeedLimiter:false(0)
mFrontTireCompoundIndex:false(0)
mRearTireCompoundIndex:false(0)
mFrontTireCompoundName:Medium
mRearTireCompoundName:Medium
mFrontFlapActivated:false(0)
mRearFlapActivated:false(0)
mRearFlapLegalStatus:Disallowed(0)
mIgnitionStarter:Ignition(1)
mSpeedLimiterAvailable:true(1)
mAntiStallActivated:false(0)
mStartLight:0
mNumRedLights:5
mNumPitstops:0
mNumPenalties:0
mLapsBehindNext:0
mLapsBehindLeader:2
mPlayerHeadlights:false(0)
mServerScored:true(1)
mQualification:34


07/31/2025 11:28:14
mGamePhase:GreenFlag(5)
mSession:Practice(1)
mYellowFlagState:NoFlag(0)
mSector:1
mCurrentSector:0x00000000
mInRealtimeFC:true(1)
mInRealtimeSU:true(1)
mSectorFlag[0]:Unknown(11)
mSectorFlag[1]:Unknown(11)
mSectorFlag[2]:Unknown(11)
mControl:Player(0)
mInPits:false(0)
mIsPlayer:true(1)
mPlace:28
mPitState:None(0)
mIndividualPhase:GreenFlag(5)
***mFlag:Blue(6)
mUnderYellow:0
mCountLapFlag:CountLapButNotTime(1)
mInGarageStall:false(0)
mFinishStatus:None(0)
mLapNumber:0
mTotalLaps:0
mMaxLaps:2147483647

mNumVehicles:36
mScheduledStops:true(255)
mHeadlights:false(0)
mSpeedLimiter:false(0)
mFrontTireCompoundIndex:false(0)
mRearTireCompoundIndex:false(0)
mFrontTireCompoundName:Medium
mRearTireCompoundName:Medium
mFrontFlapActivated:false(0)
mRearFlapActivated:false(0)
mRearFlapLegalStatus:Disallowed(0)
mIgnitionStarter:Ignition(1)
mSpeedLimiterAvailable:true(1)
mAntiStallActivated:false(0)
mStartLight:0
mNumRedLights:5
mNumPitstops:0
mNumPenalties:0
mLapsBehindNext:0
mLapsBehindLeader:2
mPlayerHeadlights:false(0)
mServerScored:true(1)
mQualification:34


07/31/2025 11:28:15
mGamePhase:GreenFlag(5)
mSession:Practice(1)
mYellowFlagState:NoFlag(0)
mSector:1
mCurrentSector:0x00000000
mInRealtimeFC:true(1)
mInRealtimeSU:true(1)
mSectorFlag[0]:Unknown(11)
mSectorFlag[1]:Unknown(11)
mSectorFlag[2]:Unknown(11)
mControl:Player(0)
mInPits:false(0)
mIsPlayer:true(1)
mPlace:28
mPitState:None(0)
mIndividualPhase:GreenFlag(5)
***mFlag:Green(0)
mUnderYellow:0
mCountLapFlag:CountLapButNotTime(1)
mInGarageStall:false(0)
mFinishStatus:None(0)
mLapNumber:0
mTotalLaps:0
mMaxLaps:2147483647

mNumVehicles:36
mScheduledStops:true(255)
mHeadlights:false(0)
mSpeedLimiter:false(0)
mFrontTireCompoundIndex:false(0)
mRearTireCompoundIndex:false(0)
mFrontTireCompoundName:Medium
mRearTireCompoundName:Medium
mFrontFlapActivated:false(0)
mRearFlapActivated:false(0)
mRearFlapLegalStatus:Disallowed(0)
mIgnitionStarter:Ignition(1)
mSpeedLimiterAvailable:true(1)
mAntiStallActivated:false(0)
mStartLight:0
mNumRedLights:5
mNumPitstops:0
mNumPenalties:0
mLapsBehindNext:0
mLapsBehindLeader:2
mPlayerHeadlights:false(0)
mServerScored:true(1)
mQualification:34


07/31/2025 11:28:52
mGamePhase:GreenFlag(5)
mSession:Practice(1)
mYellowFlagState:NoFlag(0)
mSector:1
***mCurrentSector:0x00000001
mInRealtimeFC:true(1)
mInRealtimeSU:true(1)
mSectorFlag[0]:Unknown(11)
mSectorFlag[1]:Unknown(11)
mSectorFlag[2]:Unknown(11)
mControl:Player(0)
mInPits:false(0)
mIsPlayer:true(1)
mPlace:28
mPitState:None(0)
mIndividualPhase:GreenFlag(5)
mFlag:Green(0)
mUnderYellow:0
mCountLapFlag:CountLapButNotTime(1)
mInGarageStall:false(0)
mFinishStatus:None(0)
mLapNumber:0
mTotalLaps:0
mMaxLaps:2147483647

mNumVehicles:36
mScheduledStops:true(255)
mHeadlights:false(0)
mSpeedLimiter:false(0)
mFrontTireCompoundIndex:false(0)
mRearTireCompoundIndex:false(0)
mFrontTireCompoundName:Medium
mRearTireCompoundName:Medium
mFrontFlapActivated:false(0)
mRearFlapActivated:false(0)
mRearFlapLegalStatus:Disallowed(0)
mIgnitionStarter:Ignition(1)
mSpeedLimiterAvailable:true(1)
mAntiStallActivated:false(0)
mStartLight:0
mNumRedLights:5
mNumPitstops:0
mNumPenalties:0
mLapsBehindNext:0
mLapsBehindLeader:2
mPlayerHeadlights:false(0)
mServerScored:true(1)
mQualification:34


07/31/2025 11:28:53
mGamePhase:GreenFlag(5)
mSession:Practice(1)
mYellowFlagState:NoFlag(0)
***mSector:2
mCurrentSector:0x00000001
mInRealtimeFC:true(1)
mInRealtimeSU:true(1)
mSectorFlag[0]:Unknown(11)
mSectorFlag[1]:Unknown(11)
mSectorFlag[2]:Unknown(11)
mControl:Player(0)
mInPits:false(0)
mIsPlayer:true(1)
mPlace:28
mPitState:None(0)
mIndividualPhase:GreenFlag(5)
mFlag:Green(0)
mUnderYellow:0
mCountLapFlag:CountLapButNotTime(1)
mInGarageStall:false(0)
mFinishStatus:None(0)
mLapNumber:0
mTotalLaps:0
mMaxLaps:2147483647

mNumVehicles:36
mScheduledStops:true(255)
mHeadlights:false(0)
mSpeedLimiter:false(0)
mFrontTireCompoundIndex:false(0)
mRearTireCompoundIndex:false(0)
mFrontTireCompoundName:Medium
mRearTireCompoundName:Medium
mFrontFlapActivated:false(0)
mRearFlapActivated:false(0)
mRearFlapLegalStatus:Disallowed(0)
mIgnitionStarter:Ignition(1)
mSpeedLimiterAvailable:true(1)
mAntiStallActivated:false(0)
mStartLight:0
mNumRedLights:5
mNumPitstops:0
mNumPenalties:0
mLapsBehindNext:0
mLapsBehindLeader:2
mPlayerHeadlights:false(0)
mServerScored:true(1)
mQualification:34


07/31/2025 11:28:58
mGamePhase:GreenFlag(5)
mSession:Practice(1)
mYellowFlagState:NoFlag(0)
mSector:2
mCurrentSector:0x00000001
mInRealtimeFC:true(1)
mInRealtimeSU:true(1)
mSectorFlag[0]:Unknown(11)
mSectorFlag[1]:Unknown(11)
mSectorFlag[2]:Unknown(11)
mControl:Player(0)
mInPits:false(0)
mIsPlayer:true(1)
mPlace:28
mPitState:None(0)
mIndividualPhase:GreenFlag(5)
***mFlag:Blue(6)
mUnderYellow:0
mCountLapFlag:CountLapButNotTime(1)
mInGarageStall:false(0)
mFinishStatus:None(0)
mLapNumber:0
mTotalLaps:0
mMaxLaps:2147483647

mNumVehicles:36
mScheduledStops:true(255)
mHeadlights:false(0)
mSpeedLimiter:false(0)
mFrontTireCompoundIndex:false(0)
mRearTireCompoundIndex:false(0)
mFrontTireCompoundName:Medium
mRearTireCompoundName:Medium
mFrontFlapActivated:false(0)
mRearFlapActivated:false(0)
mRearFlapLegalStatus:Disallowed(0)
mIgnitionStarter:Ignition(1)
mSpeedLimiterAvailable:true(1)
mAntiStallActivated:false(0)
mStartLight:0
mNumRedLights:5
mNumPitstops:0
mNumPenalties:0
mLapsBehindNext:0
mLapsBehindLeader:2
mPlayerHeadlights:false(0)
mServerScored:true(1)
mQualification:34


07/31/2025 11:29:04
mGamePhase:GreenFlag(5)
mSession:Practice(1)
mYellowFlagState:NoFlag(0)
mSector:2
mCurrentSector:0x00000001
mInRealtimeFC:true(1)
mInRealtimeSU:true(1)
mSectorFlag[0]:Unknown(11)
mSectorFlag[1]:Unknown(11)
mSectorFlag[2]:Unknown(11)
mControl:Player(0)
mInPits:false(0)
mIsPlayer:true(1)
mPlace:28
mPitState:None(0)
mIndividualPhase:GreenFlag(5)
***mFlag:Green(0)
mUnderYellow:0
mCountLapFlag:CountLapButNotTime(1)
mInGarageStall:false(0)
mFinishStatus:None(0)
mLapNumber:0
mTotalLaps:0
mMaxLaps:2147483647

mNumVehicles:36
mScheduledStops:true(255)
mHeadlights:false(0)
mSpeedLimiter:false(0)
mFrontTireCompoundIndex:false(0)
mRearTireCompoundIndex:false(0)
mFrontTireCompoundName:Medium
mRearTireCompoundName:Medium
mFrontFlapActivated:false(0)
mRearFlapActivated:false(0)
mRearFlapLegalStatus:Disallowed(0)
mIgnitionStarter:Ignition(1)
mSpeedLimiterAvailable:true(1)
mAntiStallActivated:false(0)
mStartLight:0
mNumRedLights:5
mNumPitstops:0
mNumPenalties:0
mLapsBehindNext:0
mLapsBehindLeader:2
mPlayerHeadlights:false(0)
mServerScored:true(1)
mQualification:34


07/31/2025 11:29:10
mGamePhase:GreenFlag(5)
mSession:Practice(1)
mYellowFlagState:NoFlag(0)
mSector:2
mCurrentSector:0x00000001
mInRealtimeFC:true(1)
mInRealtimeSU:true(1)
mSectorFlag[0]:Unknown(11)
mSectorFlag[1]:Unknown(11)
mSectorFlag[2]:Unknown(11)
mControl:Player(0)
mInPits:false(0)
mIsPlayer:true(1)
mPlace:28
mPitState:None(0)
mIndividualPhase:GreenFlag(5)
***mFlag:Blue(6)
mUnderYellow:0
mCountLapFlag:CountLapButNotTime(1)
mInGarageStall:false(0)
mFinishStatus:None(0)
mLapNumber:0
mTotalLaps:0
mMaxLaps:2147483647

mNumVehicles:36
mScheduledStops:true(255)
mHeadlights:false(0)
mSpeedLimiter:false(0)
mFrontTireCompoundIndex:false(0)
mRearTireCompoundIndex:false(0)
mFrontTireCompoundName:Medium
mRearTireCompoundName:Medium
mFrontFlapActivated:false(0)
mRearFlapActivated:false(0)
mRearFlapLegalStatus:Disallowed(0)
mIgnitionStarter:Ignition(1)
mSpeedLimiterAvailable:true(1)
mAntiStallActivated:false(0)
mStartLight:0
mNumRedLights:5
mNumPitstops:0
mNumPenalties:0
mLapsBehindNext:0
mLapsBehindLeader:2
mPlayerHeadlights:false(0)
mServerScored:true(1)
mQualification:34


07/31/2025 11:29:35
mGamePhase:GreenFlag(5)
mSession:Practice(1)
mYellowFlagState:NoFlag(0)
mSector:2
mCurrentSector:0x00000001
mInRealtimeFC:true(1)
mInRealtimeSU:true(1)
mSectorFlag[0]:Unknown(11)
mSectorFlag[1]:Unknown(11)
mSectorFlag[2]:Unknown(11)
mControl:Player(0)
mInPits:false(0)
mIsPlayer:true(1)
mPlace:28
mPitState:None(0)
mIndividualPhase:GreenFlag(5)
***mFlag:Green(0)
mUnderYellow:0
mCountLapFlag:CountLapButNotTime(1)
mInGarageStall:false(0)
mFinishStatus:None(0)
mLapNumber:0
mTotalLaps:0
mMaxLaps:2147483647

mNumVehicles:36
mScheduledStops:true(255)
mHeadlights:false(0)
mSpeedLimiter:false(0)
mFrontTireCompoundIndex:false(0)
mRearTireCompoundIndex:false(0)
mFrontTireCompoundName:Medium
mRearTireCompoundName:Medium
mFrontFlapActivated:false(0)
mRearFlapActivated:false(0)
mRearFlapLegalStatus:Disallowed(0)
mIgnitionStarter:Ignition(1)
mSpeedLimiterAvailable:true(1)
mAntiStallActivated:false(0)
mStartLight:0
mNumRedLights:5
mNumPitstops:0
mNumPenalties:0
mLapsBehindNext:0
mLapsBehindLeader:2
mPlayerHeadlights:false(0)
mServerScored:true(1)
mQualification:34


07/31/2025 11:29:43
mGamePhase:GreenFlag(5)
mSession:Practice(1)
mYellowFlagState:NoFlag(0)
mSector:2
mCurrentSector:0x00000001
mInRealtimeFC:true(1)
mInRealtimeSU:true(1)
mSectorFlag[0]:Unknown(11)
mSectorFlag[1]:Unknown(11)
mSectorFlag[2]:Unknown(11)
mControl:Player(0)
mInPits:false(0)
mIsPlayer:true(1)
mPlace:28
mPitState:None(0)
mIndividualPhase:GreenFlag(5)
***mFlag:Blue(6)
mUnderYellow:0
mCountLapFlag:CountLapButNotTime(1)
mInGarageStall:false(0)
mFinishStatus:None(0)
mLapNumber:0
mTotalLaps:0
mMaxLaps:2147483647

mNumVehicles:36
mScheduledStops:true(255)
mHeadlights:false(0)
mSpeedLimiter:false(0)
mFrontTireCompoundIndex:false(0)
mRearTireCompoundIndex:false(0)
mFrontTireCompoundName:Medium
mRearTireCompoundName:Medium
mFrontFlapActivated:false(0)
mRearFlapActivated:false(0)
mRearFlapLegalStatus:Disallowed(0)
mIgnitionStarter:Ignition(1)
mSpeedLimiterAvailable:true(1)
mAntiStallActivated:false(0)
mStartLight:0
mNumRedLights:5
mNumPitstops:0
mNumPenalties:0
mLapsBehindNext:0
mLapsBehindLeader:2
mPlayerHeadlights:false(0)
mServerScored:true(1)
mQualification:34


07/31/2025 11:29:43
mGamePhase:GreenFlag(5)
mSession:Practice(1)
mYellowFlagState:NoFlag(0)
mSector:2
mCurrentSector:0x00000001
mInRealtimeFC:true(1)
mInRealtimeSU:true(1)
mSectorFlag[0]:Unknown(11)
mSectorFlag[1]:Unknown(11)
mSectorFlag[2]:Unknown(11)
mControl:Player(0)
mInPits:false(0)
mIsPlayer:true(1)
mPlace:28
mPitState:None(0)
mIndividualPhase:GreenFlag(5)
***mFlag:Green(0)
mUnderYellow:0
mCountLapFlag:CountLapButNotTime(1)
mInGarageStall:false(0)
mFinishStatus:None(0)
mLapNumber:0
mTotalLaps:0
mMaxLaps:2147483647

mNumVehicles:36
mScheduledStops:true(255)
mHeadlights:false(0)
mSpeedLimiter:false(0)
mFrontTireCompoundIndex:false(0)
mRearTireCompoundIndex:false(0)
mFrontTireCompoundName:Medium
mRearTireCompoundName:Medium
mFrontFlapActivated:false(0)
mRearFlapActivated:false(0)
mRearFlapLegalStatus:Disallowed(0)
mIgnitionStarter:Ignition(1)
mSpeedLimiterAvailable:true(1)
mAntiStallActivated:false(0)
mStartLight:0
mNumRedLights:5
mNumPitstops:0
mNumPenalties:0
mLapsBehindNext:0
mLapsBehindLeader:2
mPlayerHeadlights:false(0)
mServerScored:true(1)
mQualification:34


07/31/2025 11:29:45
mGamePhase:GreenFlag(5)
mSession:Practice(1)
mYellowFlagState:NoFlag(0)
mSector:2
mCurrentSector:0x00000001
mInRealtimeFC:true(1)
mInRealtimeSU:true(1)
mSectorFlag[0]:Unknown(11)
***mSectorFlag[1]:Pending(1)
mSectorFlag[2]:Unknown(11)
mControl:Player(0)
mInPits:false(0)
mIsPlayer:true(1)
mPlace:28
mPitState:None(0)
mIndividualPhase:GreenFlag(5)
mFlag:Green(0)
mUnderYellow:0
mCountLapFlag:CountLapButNotTime(1)
mInGarageStall:false(0)
mFinishStatus:None(0)
mLapNumber:0
mTotalLaps:0
mMaxLaps:2147483647

mNumVehicles:36
mScheduledStops:true(255)
mHeadlights:false(0)
mSpeedLimiter:false(0)
mFrontTireCompoundIndex:false(0)
mRearTireCompoundIndex:false(0)
mFrontTireCompoundName:Medium
mRearTireCompoundName:Medium
mFrontFlapActivated:false(0)
mRearFlapActivated:false(0)
mRearFlapLegalStatus:Disallowed(0)
mIgnitionStarter:Ignition(1)
mSpeedLimiterAvailable:true(1)
mAntiStallActivated:false(0)
mStartLight:0
mNumRedLights:5
mNumPitstops:0
mNumPenalties:0
mLapsBehindNext:0
mLapsBehindLeader:2
mPlayerHeadlights:false(0)
mServerScored:true(1)
mQualification:34


07/31/2025 11:29:52
mGamePhase:GreenFlag(5)
mSession:Practice(1)
mYellowFlagState:NoFlag(0)
mSector:2
mCurrentSector:0x00000001
mInRealtimeFC:true(1)
mInRealtimeSU:true(1)
mSectorFlag[0]:Unknown(11)
***mSectorFlag[1]:Unknown(11)
mSectorFlag[2]:Unknown(11)
mControl:Player(0)
mInPits:false(0)
mIsPlayer:true(1)
mPlace:28
mPitState:None(0)
mIndividualPhase:GreenFlag(5)
mFlag:Green(0)
mUnderYellow:0
mCountLapFlag:CountLapButNotTime(1)
mInGarageStall:false(0)
mFinishStatus:None(0)
mLapNumber:0
mTotalLaps:0
mMaxLaps:2147483647

mNumVehicles:36
mScheduledStops:true(255)
mHeadlights:false(0)
mSpeedLimiter:false(0)
mFrontTireCompoundIndex:false(0)
mRearTireCompoundIndex:false(0)
mFrontTireCompoundName:Medium
mRearTireCompoundName:Medium
mFrontFlapActivated:false(0)
mRearFlapActivated:false(0)
mRearFlapLegalStatus:Disallowed(0)
mIgnitionStarter:Ignition(1)
mSpeedLimiterAvailable:true(1)
mAntiStallActivated:false(0)
mStartLight:0
mNumRedLights:5
mNumPitstops:0
mNumPenalties:0
mLapsBehindNext:0
mLapsBehindLeader:2
mPlayerHeadlights:false(0)
mServerScored:true(1)
mQualification:34


07/31/2025 11:29:54
mGamePhase:GreenFlag(5)
mSession:Practice(1)
mYellowFlagState:NoFlag(0)
mSector:2
mCurrentSector:0x00000001
mInRealtimeFC:true(1)
mInRealtimeSU:true(1)
mSectorFlag[0]:Unknown(11)
mSectorFlag[1]:Unknown(11)
mSectorFlag[2]:Unknown(11)
mControl:Player(0)
mInPits:false(0)
mIsPlayer:true(1)
mPlace:28
mPitState:None(0)
mIndividualPhase:GreenFlag(5)
***mFlag:Blue(6)
mUnderYellow:0
mCountLapFlag:CountLapButNotTime(1)
mInGarageStall:false(0)
mFinishStatus:None(0)
mLapNumber:0
mTotalLaps:0
mMaxLaps:2147483647

mNumVehicles:36
mScheduledStops:true(255)
mHeadlights:false(0)
mSpeedLimiter:false(0)
mFrontTireCompoundIndex:false(0)
mRearTireCompoundIndex:false(0)
mFrontTireCompoundName:Medium
mRearTireCompoundName:Medium
mFrontFlapActivated:false(0)
mRearFlapActivated:false(0)
mRearFlapLegalStatus:Disallowed(0)
mIgnitionStarter:Ignition(1)
mSpeedLimiterAvailable:true(1)
mAntiStallActivated:false(0)
mStartLight:0
mNumRedLights:5
mNumPitstops:0
mNumPenalties:0
mLapsBehindNext:0
mLapsBehindLeader:2
mPlayerHeadlights:false(0)
mServerScored:true(1)
mQualification:34


07/31/2025 11:29:55
mGamePhase:GreenFlag(5)
mSession:Practice(1)
mYellowFlagState:NoFlag(0)
mSector:2
mCurrentSector:0x00000001
mInRealtimeFC:true(1)
mInRealtimeSU:true(1)
mSectorFlag[0]:Unknown(11)
mSectorFlag[1]:Unknown(11)
mSectorFlag[2]:Unknown(11)
mControl:Player(0)
mInPits:false(0)
mIsPlayer:true(1)
mPlace:28
mPitState:None(0)
mIndividualPhase:GreenFlag(5)
***mFlag:Green(0)
mUnderYellow:0
mCountLapFlag:CountLapButNotTime(1)
mInGarageStall:false(0)
mFinishStatus:None(0)
mLapNumber:0
mTotalLaps:0
mMaxLaps:2147483647

mNumVehicles:36
mScheduledStops:true(255)
mHeadlights:false(0)
mSpeedLimiter:false(0)
mFrontTireCompoundIndex:false(0)
mRearTireCompoundIndex:false(0)
mFrontTireCompoundName:Medium
mRearTireCompoundName:Medium
mFrontFlapActivated:false(0)
mRearFlapActivated:false(0)
mRearFlapLegalStatus:Disallowed(0)
mIgnitionStarter:Ignition(1)
mSpeedLimiterAvailable:true(1)
mAntiStallActivated:false(0)
mStartLight:0
mNumRedLights:5
mNumPitstops:0
mNumPenalties:0
mLapsBehindNext:0
mLapsBehindLeader:2
mPlayerHeadlights:false(0)
mServerScored:true(1)
mQualification:34


07/31/2025 11:30:14
mGamePhase:GreenFlag(5)
mSession:Practice(1)
mYellowFlagState:NoFlag(0)
mSector:2
mCurrentSector:0x00000001
mInRealtimeFC:true(1)
mInRealtimeSU:true(1)
mSectorFlag[0]:Unknown(11)
***mSectorFlag[1]:Pending(1)
mSectorFlag[2]:Unknown(11)
mControl:Player(0)
mInPits:false(0)
mIsPlayer:true(1)
mPlace:28
mPitState:None(0)
mIndividualPhase:GreenFlag(5)
mFlag:Green(0)
mUnderYellow:0
mCountLapFlag:CountLapButNotTime(1)
mInGarageStall:false(0)
mFinishStatus:None(0)
mLapNumber:0
mTotalLaps:0
mMaxLaps:2147483647

mNumVehicles:36
mScheduledStops:true(255)
mHeadlights:false(0)
mSpeedLimiter:false(0)
mFrontTireCompoundIndex:false(0)
mRearTireCompoundIndex:false(0)
mFrontTireCompoundName:Medium
mRearTireCompoundName:Medium
mFrontFlapActivated:false(0)
mRearFlapActivated:false(0)
mRearFlapLegalStatus:Disallowed(0)
mIgnitionStarter:Ignition(1)
mSpeedLimiterAvailable:true(1)
mAntiStallActivated:false(0)
mStartLight:0
mNumRedLights:5
mNumPitstops:0
mNumPenalties:0
mLapsBehindNext:0
mLapsBehindLeader:2
mPlayerHeadlights:false(0)
mServerScored:true(1)
mQualification:34

