

************************************************************************************
* NEW SESSION **********************************************************************
************************************************************************************

07/21/2025 17:30:46
***mStage:FormationInit
***mPoleColumn:LeftLane
***mNumActions:0
***mNumParticipants:0
***mYellowFlagDetected:0
***mYellowFlagLapsWasOverridden:false(0)
***mSafetyCarExists:false(0)
***mSafetyCarActive:false(0)
***mSafetyCarLaps:0
***mSafetyCarThreshold:0.000
***mPitLaneStartDist:0.000
***mTeleportLapDist:0.000
***mYellowFlagState:NoFlag(0)
***mYellowFlagLaps:0
***mSafetyCarInstruction:NoChange
***mSafetyCarSpeed:0.000
***mSafetyCarMinimumSpacing:0.000
***mSafetyCarMaximumSpacing:0.000
***mMinimumColumnSpacing:0.000
***mMaximumColumnSpacing:0
***mMinimumSpeed:0.000
***mMaximumSpeed:0.000
***mMessage:
***mFrozenOrder:0
***mPlace:0
***mYellowSeverity:0.000
***mCurrentRelativeDistance:0.000
***mRelativeLaps:0
***mColumnAssignment:LeftLane
***mPositionAssignment:0
***mPitsOpen:0
***mGoalRelativeDistance:0.000)
***mMessage_Participant:
