

************************************************************************************
* NEW SESSION **********************************************************************
************************************************************************************

07/25/2025 22:15:02
***mGamePhase:GreenFlag(5)
***mSession:Race(10)
***mYellowFlagState:NoFlag(0)
***mSector:3
***mCurrentSector:0x00000002
***mInRealtimeFC:true(1)
***mInRealtimeSU:true(1)
***mSectorFlag[0]:Unknown(11)
***mSectorFlag[1]:Unknown(11)
***mSectorFlag[2]:Unknown(11)
***mInPits:false(0)
***mIsPlayer:true(1)
***mPlace:5
***mPitState:None(0)
***mIndividualPhase:GreenFlag(5)
***mFlag:Green(0)
***mUnderYellow:0
***mCountLapFlag:CountLapAndTime(2)
***mInGarageStall:false(0)
***mFinishStatus:None(0)
***mLapNumber:0
***mTotalLaps:0
***mMaxLaps:2147483647
***mNumVehicles:18
***mHeadlights:false(0)
***mSpeedLimiter:false(0)
***mFrontTireCompoundIndex:false(0)
***mRearTireCompoundIndex:false(0)
***mFrontTireCompoundName:Medium
***mRearTireCompoundName:Medium
***mFrontFlapActivated:false(0)
***mRearFlapActivated:false(0)
***mRearFlapLegalStatus:Disallowed(0)
***mIgnitionStarter:Ignition(1)
***mSpeedLimiterAvailable:true(1)
***mAntiStallActivated:false(0)
***mStartLight:0
***mNumRedLights:5
***mNumPitstops:0
***mNumPenalties:0
***mLapsBehindNext:0
***mLapsBehindLeader:0
***mPlayerHeadlights:false(0)
***mServerScored:true(1)
***mQualification:14

07/25/2025 22:16:33
***mInRealtimeFC:false(0)

07/25/2025 22:16:33
***mCurrentSector:0x80000002
***mIgnitionStarter:Off(0)

07/25/2025 22:16:33
***mInRealtimeSU:false(0)
***mControl:AI(1)
***mInPits:true(1)
***mPlace:18
***mCountLapFlag:DoNotCountLap(0)
***mInGarageStall:true(1)
***mFinishStatus:Dnf(2)

07/25/2025 22:17:08
***mGamePhase:Garage(0)
***mSession:Practice(1)
***mSector:1
***mControl:Player(0)
***mIndividualPhase:Formation(3)
***mInGarageStall:false(0)
***mFinishStatus:None(0)
***mQualification:18

07/25/2025 22:17:26
***mCurrentSector:0x80000000
***mControl:AI(1)
***mPitState:Unknown(5)
***mIndividualPhase:GreenFlag(5)
***mCountLapFlag:CountLapButNotTime(1)
***mInGarageStall:true(1)

07/25/2025 22:17:27
***mPlace:10


************************************************************************************
* NEW SESSION **********************************************************************
************************************************************************************

07/25/2025 22:17:30
***mGamePhase:GreenFlag(5)

07/25/2025 22:17:42
***mInRealtimeFC:true(1)

07/25/2025 22:17:43
***mSpeedLimiter:true(1)

07/25/2025 22:17:43
***mInRealtimeSU:true(1)
***mControl:Player(0)

07/25/2025 22:17:43
***mIgnitionStarter:Ignition(1)

07/25/2025 22:17:43
***mIgnitionStarter:IgnitionAndStarter(2)

07/25/2025 22:17:43
***mIgnitionStarter:Ignition(1)

07/25/2025 22:17:48
***mPitState:Request(1)

07/25/2025 22:18:37
***mPitState:None(0)

07/25/2025 22:18:50
***mInRealtimeFC:false(0)

07/25/2025 22:18:51
***mSpeedLimiter:false(0)
***mIgnitionStarter:Off(0)

07/25/2025 22:18:51
***mInRealtimeSU:false(0)
***mControl:AI(1)
***mPitState:Unknown(5)

07/25/2025 22:18:58
***mGamePhase:PausedOrHeartbeat(9)
***mSession:Qualification(5)

07/25/2025 22:18:58
***mGamePhase:Garage(0)


************************************************************************************
* NEW SESSION **********************************************************************
************************************************************************************

07/25/2025 22:19:02
***mGamePhase:GreenFlag(5)

07/25/2025 22:19:06
***mPlace:11

07/25/2025 22:19:10
***mPlace:12

07/25/2025 22:19:11
***mPlace:13

07/25/2025 22:19:12
***mPlace:14

07/25/2025 22:19:16
***mPlace:15

07/25/2025 22:19:30
***mPlace:16

07/25/2025 22:19:40
***mPlace:17

07/25/2025 22:20:08
***mPlace:18

07/25/2025 22:21:26
***mGamePhase:PausedOrHeartbeat(9)
***mSession:WarmUp(9)
***mFinishStatus:Finished(1)
***mLapsBehindNext:11
***mLapsBehindLeader:11

07/25/2025 22:32:20
***mSession:Race(10)
***mCurrentSector:0x00000000
***mInRealtimeFC:true(1)
***mInPits:false(0)
***mPitState:None(0)
***mIndividualPhase:Formation(3)
***mCountLapFlag:DoNotCountLap(0)
***mInGarageStall:false(0)
***mFinishStatus:None(0)
***mLapsBehindNext:0
***mLapsBehindLeader:0

07/25/2025 22:32:20
***mGamePhase:Garage(0)
***mInRealtimeSU:true(1)
***mControl:Player(0)
***mStartLight:1

07/25/2025 22:34:50
***mIgnitionStarter:Ignition(1)

07/25/2025 22:34:50
***mIgnitionStarter:IgnitionAndStarter(2)

07/25/2025 22:34:50
***mIgnitionStarter:Ignition(1)

07/25/2025 22:34:52
***mSectorFlag[0]:PitLeadLap(3)


************************************************************************************
* NEW SESSION **********************************************************************
************************************************************************************

07/25/2025 22:34:55
***mGamePhase:Formation(3)
***mSector:3
***mCurrentSector:0x00000002

07/25/2025 22:34:55
***mStartLight:0

07/25/2025 22:34:55
***mSectorFlag[0]:Unknown(11)

07/25/2025 22:38:04
***mCurrentSector:0x80000002
***mInRealtimeFC:false(0)
***mIgnitionStarter:Off(0)
