

************************************************************************************
* NEW SESSION **********************************************************************
************************************************************************************

07/16/2025 23:38:27
***mGamePhase:GreenFlag(5)
***mSession:Race(10)
***mYellowFlagState:NoFlag(0)
***mSector:3
***mCurrentSector:0x00000002
***mInRealtimeFC:true(1)
***mInRealtimeSU:true(1)
***mSectorFlag[0]:Unknown(11)
***mSectorFlag[1]:Unknown(11)
***mSectorFlag[2]:Pending(1)
mControl:Player(0)
***mInPits:false(0)
***mIsPlayer:true(1)
***mPlace:18
***mPitState:None(0)
***mIndividualPhase:GreenFlag(5)
***mFlag:Green(0)
***mUnderYellow:0
***mCountLapFlag:CountLapAndTime(2)
***mInGarageStall:false(0)
***mFinishStatus:None(0)
***mLapNumber:1
***mTotalLaps:1
***mMaxLaps:2147483647

***mNumVehicles:18
mScheduledStops:true(255)
***mHeadlights:true(1)
***mSpeedLimiter:false(0)
***mFrontTireCompoundIndex:false(0)
***mRearTireCompoundIndex:false(0)
***mFrontTireCompoundName:Medium
***mRearTireCompoundName:Medium
***mFrontFlapActivated:false(0)
***mRearFlapActivated:false(0)
***mRearFlapLegalStatus:Disallowed(0)
***mIgnitionStarter:Ignition(1)
***mSpeedLimiterAvailable:true(1)
***mAntiStallActivated:false(0)
***mStartLight:0
***mNumRedLights:5
***mNumPitstops:0
***mNumPenalties:0
***mLapsBehindNext:0
***mLapsBehindLeader:0
***mPlayerHeadlights:true(1)
***mServerScored:true(1)
***mQualification:14


07/16/2025 23:39:00
mGamePhase:GreenFlag(5)
mSession:Race(10)
mYellowFlagState:NoFlag(0)
mSector:3
mCurrentSector:0x00000002
mInRealtimeFC:true(1)
mInRealtimeSU:true(1)
mSectorFlag[0]:Unknown(11)
mSectorFlag[1]:Unknown(11)
***mSectorFlag[2]:Unknown(11)
mControl:Player(0)
mInPits:false(0)
mIsPlayer:true(1)
mPlace:18
mPitState:None(0)
mIndividualPhase:GreenFlag(5)
mFlag:Green(0)
mUnderYellow:0
mCountLapFlag:CountLapAndTime(2)
mInGarageStall:false(0)
mFinishStatus:None(0)
mLapNumber:1
mTotalLaps:1
mMaxLaps:2147483647

mNumVehicles:18
mScheduledStops:true(255)
mHeadlights:true(1)
mSpeedLimiter:false(0)
mFrontTireCompoundIndex:false(0)
mRearTireCompoundIndex:false(0)
mFrontTireCompoundName:Medium
mRearTireCompoundName:Medium
mFrontFlapActivated:false(0)
mRearFlapActivated:false(0)
mRearFlapLegalStatus:Disallowed(0)
mIgnitionStarter:Ignition(1)
mSpeedLimiterAvailable:true(1)
mAntiStallActivated:false(0)
mStartLight:0
mNumRedLights:5
mNumPitstops:0
mNumPenalties:0
mLapsBehindNext:0
mLapsBehindLeader:0
mPlayerHeadlights:true(1)
mServerScored:true(1)
mQualification:14


07/16/2025 23:39:09
mGamePhase:GreenFlag(5)
mSession:Race(10)
mYellowFlagState:NoFlag(0)
mSector:3
mCurrentSector:0x00000002
mInRealtimeFC:true(1)
mInRealtimeSU:true(1)
mSectorFlag[0]:Unknown(11)
mSectorFlag[1]:Unknown(11)
mSectorFlag[2]:Unknown(11)
mControl:Player(0)
mInPits:false(0)
mIsPlayer:true(1)
mPlace:18
mPitState:None(0)
mIndividualPhase:GreenFlag(5)
mFlag:Green(0)
mUnderYellow:0
***mCountLapFlag:CountLapButNotTime(1)
mInGarageStall:false(0)
mFinishStatus:None(0)
mLapNumber:1
mTotalLaps:1
mMaxLaps:2147483647

mNumVehicles:18
mScheduledStops:true(255)
mHeadlights:true(1)
mSpeedLimiter:false(0)
mFrontTireCompoundIndex:false(0)
mRearTireCompoundIndex:false(0)
mFrontTireCompoundName:Medium
mRearTireCompoundName:Medium
mFrontFlapActivated:false(0)
mRearFlapActivated:false(0)
mRearFlapLegalStatus:Disallowed(0)
mIgnitionStarter:Ignition(1)
mSpeedLimiterAvailable:true(1)
mAntiStallActivated:false(0)
mStartLight:0
mNumRedLights:5
mNumPitstops:0
mNumPenalties:0
mLapsBehindNext:0
mLapsBehindLeader:0
mPlayerHeadlights:true(1)
mServerScored:true(1)
mQualification:14


07/16/2025 23:39:10
mGamePhase:GreenFlag(5)
mSession:Race(10)
mYellowFlagState:NoFlag(0)
mSector:3
mCurrentSector:0x00000002
mInRealtimeFC:true(1)
mInRealtimeSU:true(1)
mSectorFlag[0]:Unknown(11)
mSectorFlag[1]:Unknown(11)
mSectorFlag[2]:Unknown(11)
mControl:Player(0)
mInPits:false(0)
mIsPlayer:true(1)
mPlace:18
mPitState:None(0)
mIndividualPhase:GreenFlag(5)
mFlag:Green(0)
mUnderYellow:0
***mCountLapFlag:CountLapAndTime(2)
mInGarageStall:false(0)
mFinishStatus:None(0)
mLapNumber:1
mTotalLaps:1
mMaxLaps:2147483647

mNumVehicles:18
mScheduledStops:true(255)
mHeadlights:true(1)
mSpeedLimiter:false(0)
mFrontTireCompoundIndex:false(0)
mRearTireCompoundIndex:false(0)
mFrontTireCompoundName:Medium
mRearTireCompoundName:Medium
mFrontFlapActivated:false(0)
mRearFlapActivated:false(0)
mRearFlapLegalStatus:Disallowed(0)
mIgnitionStarter:Ignition(1)
mSpeedLimiterAvailable:true(1)
mAntiStallActivated:false(0)
mStartLight:0
mNumRedLights:5
mNumPitstops:0
mNumPenalties:0
mLapsBehindNext:0
mLapsBehindLeader:0
mPlayerHeadlights:true(1)
mServerScored:true(1)
mQualification:14


07/16/2025 23:39:21
mGamePhase:GreenFlag(5)
mSession:Race(10)
mYellowFlagState:NoFlag(0)
mSector:3
***mCurrentSector:0x00000000
mInRealtimeFC:true(1)
mInRealtimeSU:true(1)
mSectorFlag[0]:Unknown(11)
mSectorFlag[1]:Unknown(11)
mSectorFlag[2]:Unknown(11)
mControl:Player(0)
mInPits:false(0)
mIsPlayer:true(1)
mPlace:18
mPitState:None(0)
mIndividualPhase:GreenFlag(5)
mFlag:Green(0)
mUnderYellow:0
mCountLapFlag:CountLapAndTime(2)
mInGarageStall:false(0)
mFinishStatus:None(0)
***mLapNumber:2
mTotalLaps:1
mMaxLaps:2147483647

mNumVehicles:18
mScheduledStops:true(255)
mHeadlights:true(1)
mSpeedLimiter:false(0)
mFrontTireCompoundIndex:false(0)
mRearTireCompoundIndex:false(0)
mFrontTireCompoundName:Medium
mRearTireCompoundName:Medium
mFrontFlapActivated:false(0)
mRearFlapActivated:false(0)
mRearFlapLegalStatus:Disallowed(0)
mIgnitionStarter:Ignition(1)
mSpeedLimiterAvailable:true(1)
mAntiStallActivated:false(0)
mStartLight:0
mNumRedLights:5
mNumPitstops:0
mNumPenalties:0
mLapsBehindNext:0
mLapsBehindLeader:0
mPlayerHeadlights:true(1)
mServerScored:true(1)
mQualification:14


07/16/2025 23:39:21
mGamePhase:GreenFlag(5)
mSession:Race(10)
mYellowFlagState:NoFlag(0)
***mSector:1
mCurrentSector:0x00000000
mInRealtimeFC:true(1)
mInRealtimeSU:true(1)
mSectorFlag[0]:Unknown(11)
mSectorFlag[1]:Unknown(11)
mSectorFlag[2]:Unknown(11)
mControl:Player(0)
mInPits:false(0)
mIsPlayer:true(1)
mPlace:18
mPitState:None(0)
mIndividualPhase:GreenFlag(5)
mFlag:Green(0)
mUnderYellow:0
mCountLapFlag:CountLapAndTime(2)
mInGarageStall:false(0)
mFinishStatus:None(0)
mLapNumber:2
***mTotalLaps:2
mMaxLaps:2147483647

mNumVehicles:18
mScheduledStops:true(255)
mHeadlights:true(1)
mSpeedLimiter:false(0)
mFrontTireCompoundIndex:false(0)
mRearTireCompoundIndex:false(0)
mFrontTireCompoundName:Medium
mRearTireCompoundName:Medium
mFrontFlapActivated:false(0)
mRearFlapActivated:false(0)
mRearFlapLegalStatus:Disallowed(0)
mIgnitionStarter:Ignition(1)
mSpeedLimiterAvailable:true(1)
mAntiStallActivated:false(0)
mStartLight:0
mNumRedLights:5
mNumPitstops:0
mNumPenalties:0
mLapsBehindNext:0
mLapsBehindLeader:0
mPlayerHeadlights:true(1)
mServerScored:true(1)
mQualification:14


07/16/2025 23:39:57
mGamePhase:GreenFlag(5)
mSession:Race(10)
mYellowFlagState:NoFlag(0)
mSector:1
***mCurrentSector:0x00000001
mInRealtimeFC:true(1)
mInRealtimeSU:true(1)
mSectorFlag[0]:Unknown(11)
mSectorFlag[1]:Unknown(11)
mSectorFlag[2]:Unknown(11)
mControl:Player(0)
mInPits:false(0)
mIsPlayer:true(1)
mPlace:18
mPitState:None(0)
mIndividualPhase:GreenFlag(5)
mFlag:Green(0)
mUnderYellow:0
mCountLapFlag:CountLapAndTime(2)
mInGarageStall:false(0)
mFinishStatus:None(0)
mLapNumber:2
mTotalLaps:2
mMaxLaps:2147483647

mNumVehicles:18
mScheduledStops:true(255)
mHeadlights:true(1)
mSpeedLimiter:false(0)
mFrontTireCompoundIndex:false(0)
mRearTireCompoundIndex:false(0)
mFrontTireCompoundName:Medium
mRearTireCompoundName:Medium
mFrontFlapActivated:false(0)
mRearFlapActivated:false(0)
mRearFlapLegalStatus:Disallowed(0)
mIgnitionStarter:Ignition(1)
mSpeedLimiterAvailable:true(1)
mAntiStallActivated:false(0)
mStartLight:0
mNumRedLights:5
mNumPitstops:0
mNumPenalties:0
mLapsBehindNext:0
mLapsBehindLeader:0
mPlayerHeadlights:true(1)
mServerScored:true(1)
mQualification:14


07/16/2025 23:39:57
mGamePhase:GreenFlag(5)
mSession:Race(10)
mYellowFlagState:NoFlag(0)
***mSector:2
mCurrentSector:0x00000001
mInRealtimeFC:true(1)
mInRealtimeSU:true(1)
mSectorFlag[0]:Unknown(11)
mSectorFlag[1]:Unknown(11)
mSectorFlag[2]:Unknown(11)
mControl:Player(0)
mInPits:false(0)
mIsPlayer:true(1)
mPlace:18
mPitState:None(0)
mIndividualPhase:GreenFlag(5)
mFlag:Green(0)
mUnderYellow:0
mCountLapFlag:CountLapAndTime(2)
mInGarageStall:false(0)
mFinishStatus:None(0)
mLapNumber:2
mTotalLaps:2
mMaxLaps:2147483647

mNumVehicles:18
mScheduledStops:true(255)
mHeadlights:true(1)
mSpeedLimiter:false(0)
mFrontTireCompoundIndex:false(0)
mRearTireCompoundIndex:false(0)
mFrontTireCompoundName:Medium
mRearTireCompoundName:Medium
mFrontFlapActivated:false(0)
mRearFlapActivated:false(0)
mRearFlapLegalStatus:Disallowed(0)
mIgnitionStarter:Ignition(1)
mSpeedLimiterAvailable:true(1)
mAntiStallActivated:false(0)
mStartLight:0
mNumRedLights:5
mNumPitstops:0
mNumPenalties:0
mLapsBehindNext:0
mLapsBehindLeader:0
mPlayerHeadlights:true(1)
mServerScored:true(1)
mQualification:14


07/16/2025 23:40:19
mGamePhase:GreenFlag(5)
mSession:Race(10)
mYellowFlagState:NoFlag(0)
mSector:2
mCurrentSector:0x00000001
mInRealtimeFC:true(1)
mInRealtimeSU:true(1)
mSectorFlag[0]:Unknown(11)
mSectorFlag[1]:Unknown(11)
mSectorFlag[2]:Unknown(11)
mControl:Player(0)
mInPits:false(0)
mIsPlayer:true(1)
mPlace:18
mPitState:None(0)
mIndividualPhase:GreenFlag(5)
mFlag:Green(0)
mUnderYellow:0
***mCountLapFlag:CountLapButNotTime(1)
mInGarageStall:false(0)
mFinishStatus:None(0)
mLapNumber:2
mTotalLaps:2
mMaxLaps:2147483647

mNumVehicles:18
mScheduledStops:true(255)
mHeadlights:true(1)
mSpeedLimiter:false(0)
mFrontTireCompoundIndex:false(0)
mRearTireCompoundIndex:false(0)
mFrontTireCompoundName:Medium
mRearTireCompoundName:Medium
mFrontFlapActivated:false(0)
mRearFlapActivated:false(0)
mRearFlapLegalStatus:Disallowed(0)
mIgnitionStarter:Ignition(1)
mSpeedLimiterAvailable:true(1)
mAntiStallActivated:false(0)
mStartLight:0
mNumRedLights:5
mNumPitstops:0
mNumPenalties:0
mLapsBehindNext:0
mLapsBehindLeader:0
mPlayerHeadlights:true(1)
mServerScored:true(1)
mQualification:14


07/16/2025 23:40:23
mGamePhase:GreenFlag(5)
mSession:Race(10)
mYellowFlagState:NoFlag(0)
mSector:2
mCurrentSector:0x00000001
mInRealtimeFC:true(1)
mInRealtimeSU:true(1)
mSectorFlag[0]:Unknown(11)
mSectorFlag[1]:Unknown(11)
mSectorFlag[2]:Unknown(11)
mControl:Player(0)
mInPits:false(0)
mIsPlayer:true(1)
mPlace:18
mPitState:None(0)
mIndividualPhase:GreenFlag(5)
mFlag:Green(0)
mUnderYellow:0
***mCountLapFlag:CountLapAndTime(2)
mInGarageStall:false(0)
mFinishStatus:None(0)
mLapNumber:2
mTotalLaps:2
mMaxLaps:2147483647

mNumVehicles:18
mScheduledStops:true(255)
mHeadlights:true(1)
mSpeedLimiter:false(0)
mFrontTireCompoundIndex:false(0)
mRearTireCompoundIndex:false(0)
mFrontTireCompoundName:Medium
mRearTireCompoundName:Medium
mFrontFlapActivated:false(0)
mRearFlapActivated:false(0)
mRearFlapLegalStatus:Disallowed(0)
mIgnitionStarter:Ignition(1)
mSpeedLimiterAvailable:true(1)
mAntiStallActivated:false(0)
mStartLight:0
mNumRedLights:5
mNumPitstops:0
mNumPenalties:0
mLapsBehindNext:0
mLapsBehindLeader:0
mPlayerHeadlights:true(1)
mServerScored:true(1)
mQualification:14


07/16/2025 23:40:42
mGamePhase:GreenFlag(5)
mSession:Race(10)
mYellowFlagState:NoFlag(0)
mSector:2
***mCurrentSector:0x00000002
mInRealtimeFC:true(1)
mInRealtimeSU:true(1)
mSectorFlag[0]:Unknown(11)
mSectorFlag[1]:Unknown(11)
mSectorFlag[2]:Unknown(11)
mControl:Player(0)
mInPits:false(0)
mIsPlayer:true(1)
mPlace:18
mPitState:None(0)
mIndividualPhase:GreenFlag(5)
mFlag:Green(0)
mUnderYellow:0
mCountLapFlag:CountLapAndTime(2)
mInGarageStall:false(0)
mFinishStatus:None(0)
mLapNumber:2
mTotalLaps:2
mMaxLaps:2147483647

mNumVehicles:18
mScheduledStops:true(255)
mHeadlights:true(1)
mSpeedLimiter:false(0)
mFrontTireCompoundIndex:false(0)
mRearTireCompoundIndex:false(0)
mFrontTireCompoundName:Medium
mRearTireCompoundName:Medium
mFrontFlapActivated:false(0)
mRearFlapActivated:false(0)
mRearFlapLegalStatus:Disallowed(0)
mIgnitionStarter:Ignition(1)
mSpeedLimiterAvailable:true(1)
mAntiStallActivated:false(0)
mStartLight:0
mNumRedLights:5
mNumPitstops:0
mNumPenalties:0
mLapsBehindNext:0
mLapsBehindLeader:0
mPlayerHeadlights:true(1)
mServerScored:true(1)
mQualification:14


07/16/2025 23:40:43
mGamePhase:GreenFlag(5)
mSession:Race(10)
mYellowFlagState:NoFlag(0)
***mSector:3
mCurrentSector:0x00000002
mInRealtimeFC:true(1)
mInRealtimeSU:true(1)
mSectorFlag[0]:Unknown(11)
mSectorFlag[1]:Unknown(11)
mSectorFlag[2]:Unknown(11)
mControl:Player(0)
mInPits:false(0)
mIsPlayer:true(1)
mPlace:18
mPitState:None(0)
mIndividualPhase:GreenFlag(5)
mFlag:Green(0)
mUnderYellow:0
mCountLapFlag:CountLapAndTime(2)
mInGarageStall:false(0)
mFinishStatus:None(0)
mLapNumber:2
mTotalLaps:2
mMaxLaps:2147483647

mNumVehicles:18
mScheduledStops:true(255)
mHeadlights:true(1)
mSpeedLimiter:false(0)
mFrontTireCompoundIndex:false(0)
mRearTireCompoundIndex:false(0)
mFrontTireCompoundName:Medium
mRearTireCompoundName:Medium
mFrontFlapActivated:false(0)
mRearFlapActivated:false(0)
mRearFlapLegalStatus:Disallowed(0)
mIgnitionStarter:Ignition(1)
mSpeedLimiterAvailable:true(1)
mAntiStallActivated:false(0)
mStartLight:0
mNumRedLights:5
mNumPitstops:0
mNumPenalties:0
mLapsBehindNext:0
mLapsBehindLeader:0
mPlayerHeadlights:true(1)
mServerScored:true(1)
mQualification:14


07/16/2025 23:40:57
mGamePhase:GreenFlag(5)
mSession:Race(10)
mYellowFlagState:NoFlag(0)
mSector:3
mCurrentSector:0x00000002
mInRealtimeFC:true(1)
mInRealtimeSU:true(1)
mSectorFlag[0]:Unknown(11)
mSectorFlag[1]:Unknown(11)
mSectorFlag[2]:Unknown(11)
mControl:Player(0)
mInPits:false(0)
mIsPlayer:true(1)
mPlace:18
mPitState:None(0)
mIndividualPhase:GreenFlag(5)
mFlag:Green(0)
mUnderYellow:0
***mCountLapFlag:CountLapButNotTime(1)
mInGarageStall:false(0)
mFinishStatus:None(0)
mLapNumber:2
mTotalLaps:2
mMaxLaps:2147483647

mNumVehicles:18
mScheduledStops:true(255)
mHeadlights:true(1)
mSpeedLimiter:false(0)
mFrontTireCompoundIndex:false(0)
mRearTireCompoundIndex:false(0)
mFrontTireCompoundName:Medium
mRearTireCompoundName:Medium
mFrontFlapActivated:false(0)
mRearFlapActivated:false(0)
mRearFlapLegalStatus:Disallowed(0)
mIgnitionStarter:Ignition(1)
mSpeedLimiterAvailable:true(1)
mAntiStallActivated:false(0)
mStartLight:0
mNumRedLights:5
mNumPitstops:0
mNumPenalties:0
mLapsBehindNext:0
mLapsBehindLeader:0
mPlayerHeadlights:true(1)
mServerScored:true(1)
mQualification:14


07/16/2025 23:41:00
mGamePhase:GreenFlag(5)
mSession:Race(10)
mYellowFlagState:NoFlag(0)
mSector:3
mCurrentSector:0x00000002
mInRealtimeFC:true(1)
mInRealtimeSU:true(1)
mSectorFlag[0]:Unknown(11)
mSectorFlag[1]:Unknown(11)
mSectorFlag[2]:Unknown(11)
mControl:Player(0)
mInPits:false(0)
mIsPlayer:true(1)
mPlace:18
mPitState:None(0)
mIndividualPhase:GreenFlag(5)
mFlag:Green(0)
mUnderYellow:0
***mCountLapFlag:CountLapAndTime(2)
mInGarageStall:false(0)
mFinishStatus:None(0)
mLapNumber:2
mTotalLaps:2
mMaxLaps:2147483647

mNumVehicles:18
mScheduledStops:true(255)
mHeadlights:true(1)
mSpeedLimiter:false(0)
mFrontTireCompoundIndex:false(0)
mRearTireCompoundIndex:false(0)
mFrontTireCompoundName:Medium
mRearTireCompoundName:Medium
mFrontFlapActivated:false(0)
mRearFlapActivated:false(0)
mRearFlapLegalStatus:Disallowed(0)
mIgnitionStarter:Ignition(1)
mSpeedLimiterAvailable:true(1)
mAntiStallActivated:false(0)
mStartLight:0
mNumRedLights:5
mNumPitstops:0
mNumPenalties:0
mLapsBehindNext:0
mLapsBehindLeader:0
mPlayerHeadlights:true(1)
mServerScored:true(1)
mQualification:14


07/16/2025 23:41:09
mGamePhase:GreenFlag(5)
mSession:Race(10)
mYellowFlagState:NoFlag(0)
mSector:3
mCurrentSector:0x00000002
mInRealtimeFC:true(1)
mInRealtimeSU:true(1)
mSectorFlag[0]:Unknown(11)
mSectorFlag[1]:Unknown(11)
mSectorFlag[2]:Unknown(11)
mControl:Player(0)
mInPits:false(0)
mIsPlayer:true(1)
mPlace:18
mPitState:None(0)
mIndividualPhase:GreenFlag(5)
mFlag:Green(0)
mUnderYellow:0
***mCountLapFlag:CountLapButNotTime(1)
mInGarageStall:false(0)
mFinishStatus:None(0)
mLapNumber:2
mTotalLaps:2
mMaxLaps:2147483647

mNumVehicles:18
mScheduledStops:true(255)
mHeadlights:true(1)
mSpeedLimiter:false(0)
mFrontTireCompoundIndex:false(0)
mRearTireCompoundIndex:false(0)
mFrontTireCompoundName:Medium
mRearTireCompoundName:Medium
mFrontFlapActivated:false(0)
mRearFlapActivated:false(0)
mRearFlapLegalStatus:Disallowed(0)
mIgnitionStarter:Ignition(1)
mSpeedLimiterAvailable:true(1)
mAntiStallActivated:false(0)
mStartLight:0
mNumRedLights:5
mNumPitstops:0
mNumPenalties:0
mLapsBehindNext:0
mLapsBehindLeader:0
mPlayerHeadlights:true(1)
mServerScored:true(1)
mQualification:14


07/16/2025 23:41:11
mGamePhase:GreenFlag(5)
mSession:Race(10)
mYellowFlagState:NoFlag(0)
mSector:3
mCurrentSector:0x00000002
mInRealtimeFC:true(1)
mInRealtimeSU:true(1)
mSectorFlag[0]:Unknown(11)
mSectorFlag[1]:Unknown(11)
mSectorFlag[2]:Unknown(11)
mControl:Player(0)
mInPits:false(0)
mIsPlayer:true(1)
mPlace:18
mPitState:None(0)
mIndividualPhase:GreenFlag(5)
mFlag:Green(0)
mUnderYellow:0
***mCountLapFlag:CountLapAndTime(2)
mInGarageStall:false(0)
mFinishStatus:None(0)
mLapNumber:2
mTotalLaps:2
mMaxLaps:2147483647

mNumVehicles:18
mScheduledStops:true(255)
mHeadlights:true(1)
mSpeedLimiter:false(0)
mFrontTireCompoundIndex:false(0)
mRearTireCompoundIndex:false(0)
mFrontTireCompoundName:Medium
mRearTireCompoundName:Medium
mFrontFlapActivated:false(0)
mRearFlapActivated:false(0)
mRearFlapLegalStatus:Disallowed(0)
mIgnitionStarter:Ignition(1)
mSpeedLimiterAvailable:true(1)
mAntiStallActivated:false(0)
mStartLight:0
mNumRedLights:5
mNumPitstops:0
mNumPenalties:0
mLapsBehindNext:0
mLapsBehindLeader:0
mPlayerHeadlights:true(1)
mServerScored:true(1)
mQualification:14


07/16/2025 23:41:15
mGamePhase:GreenFlag(5)
mSession:Race(10)
mYellowFlagState:NoFlag(0)
mSector:3
mCurrentSector:0x00000002
mInRealtimeFC:true(1)
mInRealtimeSU:true(1)
mSectorFlag[0]:Unknown(11)
mSectorFlag[1]:Unknown(11)
mSectorFlag[2]:Unknown(11)
mControl:Player(0)
mInPits:false(0)
mIsPlayer:true(1)
mPlace:18
mPitState:None(0)
mIndividualPhase:GreenFlag(5)
mFlag:Green(0)
mUnderYellow:0
***mCountLapFlag:CountLapButNotTime(1)
mInGarageStall:false(0)
mFinishStatus:None(0)
mLapNumber:2
mTotalLaps:2
mMaxLaps:2147483647

mNumVehicles:18
mScheduledStops:true(255)
mHeadlights:true(1)
mSpeedLimiter:false(0)
mFrontTireCompoundIndex:false(0)
mRearTireCompoundIndex:false(0)
mFrontTireCompoundName:Medium
mRearTireCompoundName:Medium
mFrontFlapActivated:false(0)
mRearFlapActivated:false(0)
mRearFlapLegalStatus:Disallowed(0)
mIgnitionStarter:Ignition(1)
mSpeedLimiterAvailable:true(1)
mAntiStallActivated:false(0)
mStartLight:0
mNumRedLights:5
mNumPitstops:0
mNumPenalties:0
mLapsBehindNext:0
mLapsBehindLeader:0
mPlayerHeadlights:true(1)
mServerScored:true(1)
mQualification:14


07/16/2025 23:41:16
mGamePhase:GreenFlag(5)
mSession:Race(10)
mYellowFlagState:NoFlag(0)
mSector:3
mCurrentSector:0x00000002
mInRealtimeFC:true(1)
mInRealtimeSU:true(1)
mSectorFlag[0]:Unknown(11)
mSectorFlag[1]:Unknown(11)
mSectorFlag[2]:Unknown(11)
mControl:Player(0)
mInPits:false(0)
mIsPlayer:true(1)
mPlace:18
mPitState:None(0)
mIndividualPhase:GreenFlag(5)
mFlag:Green(0)
mUnderYellow:0
***mCountLapFlag:CountLapAndTime(2)
mInGarageStall:false(0)
mFinishStatus:None(0)
mLapNumber:2
mTotalLaps:2
mMaxLaps:2147483647

mNumVehicles:18
mScheduledStops:true(255)
mHeadlights:true(1)
mSpeedLimiter:false(0)
mFrontTireCompoundIndex:false(0)
mRearTireCompoundIndex:false(0)
mFrontTireCompoundName:Medium
mRearTireCompoundName:Medium
mFrontFlapActivated:false(0)
mRearFlapActivated:false(0)
mRearFlapLegalStatus:Disallowed(0)
mIgnitionStarter:Ignition(1)
mSpeedLimiterAvailable:true(1)
mAntiStallActivated:false(0)
mStartLight:0
mNumRedLights:5
mNumPitstops:0
mNumPenalties:0
mLapsBehindNext:0
mLapsBehindLeader:0
mPlayerHeadlights:true(1)
mServerScored:true(1)
mQualification:14


07/16/2025 23:41:27
mGamePhase:GreenFlag(5)
mSession:Race(10)
mYellowFlagState:NoFlag(0)
mSector:3
***mCurrentSector:0x00000000
mInRealtimeFC:true(1)
mInRealtimeSU:true(1)
mSectorFlag[0]:Unknown(11)
mSectorFlag[1]:Unknown(11)
mSectorFlag[2]:Unknown(11)
mControl:Player(0)
mInPits:false(0)
mIsPlayer:true(1)
mPlace:18
mPitState:None(0)
mIndividualPhase:GreenFlag(5)
mFlag:Green(0)
mUnderYellow:0
mCountLapFlag:CountLapAndTime(2)
mInGarageStall:false(0)
mFinishStatus:None(0)
***mLapNumber:3
mTotalLaps:2
mMaxLaps:2147483647

mNumVehicles:18
mScheduledStops:true(255)
mHeadlights:true(1)
mSpeedLimiter:false(0)
mFrontTireCompoundIndex:false(0)
mRearTireCompoundIndex:false(0)
mFrontTireCompoundName:Medium
mRearTireCompoundName:Medium
mFrontFlapActivated:false(0)
mRearFlapActivated:false(0)
mRearFlapLegalStatus:Disallowed(0)
mIgnitionStarter:Ignition(1)
mSpeedLimiterAvailable:true(1)
mAntiStallActivated:false(0)
mStartLight:0
mNumRedLights:5
mNumPitstops:0
mNumPenalties:0
mLapsBehindNext:0
mLapsBehindLeader:0
mPlayerHeadlights:true(1)
mServerScored:true(1)
mQualification:14


07/16/2025 23:41:28
mGamePhase:GreenFlag(5)
mSession:Race(10)
mYellowFlagState:NoFlag(0)
***mSector:1
mCurrentSector:0x00000000
mInRealtimeFC:true(1)
mInRealtimeSU:true(1)
mSectorFlag[0]:Unknown(11)
mSectorFlag[1]:Unknown(11)
mSectorFlag[2]:Unknown(11)
mControl:Player(0)
mInPits:false(0)
mIsPlayer:true(1)
mPlace:18
mPitState:None(0)
mIndividualPhase:GreenFlag(5)
mFlag:Green(0)
mUnderYellow:0
mCountLapFlag:CountLapAndTime(2)
mInGarageStall:false(0)
mFinishStatus:None(0)
mLapNumber:3
***mTotalLaps:3
mMaxLaps:2147483647

mNumVehicles:18
mScheduledStops:true(255)
mHeadlights:true(1)
mSpeedLimiter:false(0)
mFrontTireCompoundIndex:false(0)
mRearTireCompoundIndex:false(0)
mFrontTireCompoundName:Medium
mRearTireCompoundName:Medium
mFrontFlapActivated:false(0)
mRearFlapActivated:false(0)
mRearFlapLegalStatus:Disallowed(0)
mIgnitionStarter:Ignition(1)
mSpeedLimiterAvailable:true(1)
mAntiStallActivated:false(0)
mStartLight:0
mNumRedLights:5
mNumPitstops:0
mNumPenalties:0
mLapsBehindNext:0
mLapsBehindLeader:0
mPlayerHeadlights:true(1)
mServerScored:true(1)
mQualification:14


07/16/2025 23:41:40
mGamePhase:GreenFlag(5)
mSession:Race(10)
mYellowFlagState:NoFlag(0)
mSector:1
mCurrentSector:0x00000000
mInRealtimeFC:true(1)
mInRealtimeSU:true(1)
mSectorFlag[0]:Unknown(11)
mSectorFlag[1]:Unknown(11)
mSectorFlag[2]:Unknown(11)
mControl:Player(0)
mInPits:false(0)
mIsPlayer:true(1)
mPlace:18
mPitState:None(0)
mIndividualPhase:GreenFlag(5)
mFlag:Green(0)
mUnderYellow:0
***mCountLapFlag:CountLapButNotTime(1)
mInGarageStall:false(0)
mFinishStatus:None(0)
mLapNumber:3
mTotalLaps:3
mMaxLaps:2147483647

mNumVehicles:18
mScheduledStops:true(255)
mHeadlights:true(1)
mSpeedLimiter:false(0)
mFrontTireCompoundIndex:false(0)
mRearTireCompoundIndex:false(0)
mFrontTireCompoundName:Medium
mRearTireCompoundName:Medium
mFrontFlapActivated:false(0)
mRearFlapActivated:false(0)
mRearFlapLegalStatus:Disallowed(0)
mIgnitionStarter:Ignition(1)
mSpeedLimiterAvailable:true(1)
mAntiStallActivated:false(0)
mStartLight:0
mNumRedLights:5
mNumPitstops:0
mNumPenalties:0
mLapsBehindNext:0
mLapsBehindLeader:0
mPlayerHeadlights:true(1)
mServerScored:true(1)
mQualification:14


07/16/2025 23:41:43
mGamePhase:GreenFlag(5)
mSession:Race(10)
mYellowFlagState:NoFlag(0)
mSector:1
mCurrentSector:0x00000000
mInRealtimeFC:true(1)
mInRealtimeSU:true(1)
mSectorFlag[0]:Unknown(11)
mSectorFlag[1]:Unknown(11)
mSectorFlag[2]:Unknown(11)
mControl:Player(0)
mInPits:false(0)
mIsPlayer:true(1)
mPlace:18
mPitState:None(0)
mIndividualPhase:GreenFlag(5)
mFlag:Green(0)
mUnderYellow:0
***mCountLapFlag:CountLapAndTime(2)
mInGarageStall:false(0)
mFinishStatus:None(0)
mLapNumber:3
mTotalLaps:3
mMaxLaps:2147483647

mNumVehicles:18
mScheduledStops:true(255)
mHeadlights:true(1)
mSpeedLimiter:false(0)
mFrontTireCompoundIndex:false(0)
mRearTireCompoundIndex:false(0)
mFrontTireCompoundName:Medium
mRearTireCompoundName:Medium
mFrontFlapActivated:false(0)
mRearFlapActivated:false(0)
mRearFlapLegalStatus:Disallowed(0)
mIgnitionStarter:Ignition(1)
mSpeedLimiterAvailable:true(1)
mAntiStallActivated:false(0)
mStartLight:0
mNumRedLights:5
mNumPitstops:0
mNumPenalties:0
mLapsBehindNext:0
mLapsBehindLeader:0
mPlayerHeadlights:true(1)
mServerScored:true(1)
mQualification:14


07/16/2025 23:42:03
mGamePhase:GreenFlag(5)
mSession:Race(10)
mYellowFlagState:NoFlag(0)
mSector:1
mCurrentSector:0x00000000
mInRealtimeFC:true(1)
mInRealtimeSU:true(1)
***mSectorFlag[0]:Pending(1)
mSectorFlag[1]:Unknown(11)
mSectorFlag[2]:Unknown(11)
mControl:Player(0)
mInPits:false(0)
mIsPlayer:true(1)
mPlace:18
mPitState:None(0)
mIndividualPhase:GreenFlag(5)
mFlag:Green(0)
mUnderYellow:0
mCountLapFlag:CountLapAndTime(2)
mInGarageStall:false(0)
mFinishStatus:None(0)
mLapNumber:3
mTotalLaps:3
mMaxLaps:2147483647

mNumVehicles:18
mScheduledStops:true(255)
mHeadlights:true(1)
mSpeedLimiter:false(0)
mFrontTireCompoundIndex:false(0)
mRearTireCompoundIndex:false(0)
mFrontTireCompoundName:Medium
mRearTireCompoundName:Medium
mFrontFlapActivated:false(0)
mRearFlapActivated:false(0)
mRearFlapLegalStatus:Disallowed(0)
mIgnitionStarter:Ignition(1)
mSpeedLimiterAvailable:true(1)
mAntiStallActivated:false(0)
mStartLight:0
mNumRedLights:5
mNumPitstops:0
mNumPenalties:0
mLapsBehindNext:0
mLapsBehindLeader:0
mPlayerHeadlights:true(1)
mServerScored:true(1)
mQualification:14


07/16/2025 23:42:07
mGamePhase:GreenFlag(5)
mSession:Race(10)
mYellowFlagState:NoFlag(0)
mSector:1
mCurrentSector:0x00000000
mInRealtimeFC:true(1)
mInRealtimeSU:true(1)
***mSectorFlag[0]:Unknown(11)
mSectorFlag[1]:Unknown(11)
mSectorFlag[2]:Unknown(11)
mControl:Player(0)
mInPits:false(0)
mIsPlayer:true(1)
mPlace:18
mPitState:None(0)
mIndividualPhase:GreenFlag(5)
mFlag:Green(0)
mUnderYellow:0
mCountLapFlag:CountLapAndTime(2)
mInGarageStall:false(0)
mFinishStatus:None(0)
mLapNumber:3
mTotalLaps:3
mMaxLaps:2147483647

mNumVehicles:18
mScheduledStops:true(255)
mHeadlights:true(1)
mSpeedLimiter:false(0)
mFrontTireCompoundIndex:false(0)
mRearTireCompoundIndex:false(0)
mFrontTireCompoundName:Medium
mRearTireCompoundName:Medium
mFrontFlapActivated:false(0)
mRearFlapActivated:false(0)
mRearFlapLegalStatus:Disallowed(0)
mIgnitionStarter:Ignition(1)
mSpeedLimiterAvailable:true(1)
mAntiStallActivated:false(0)
mStartLight:0
mNumRedLights:5
mNumPitstops:0
mNumPenalties:0
mLapsBehindNext:0
mLapsBehindLeader:0
mPlayerHeadlights:true(1)
mServerScored:true(1)
mQualification:14


07/16/2025 23:42:10
mGamePhase:GreenFlag(5)
mSession:Race(10)
mYellowFlagState:NoFlag(0)
***mSector:2
***mCurrentSector:0x00000001
mInRealtimeFC:true(1)
mInRealtimeSU:true(1)
mSectorFlag[0]:Unknown(11)
mSectorFlag[1]:Unknown(11)
mSectorFlag[2]:Unknown(11)
mControl:Player(0)
mInPits:false(0)
mIsPlayer:true(1)
mPlace:18
mPitState:None(0)
mIndividualPhase:GreenFlag(5)
mFlag:Green(0)
mUnderYellow:0
mCountLapFlag:CountLapAndTime(2)
mInGarageStall:false(0)
mFinishStatus:None(0)
mLapNumber:3
mTotalLaps:3
mMaxLaps:2147483647

mNumVehicles:18
mScheduledStops:true(255)
mHeadlights:true(1)
mSpeedLimiter:false(0)
mFrontTireCompoundIndex:false(0)
mRearTireCompoundIndex:false(0)
mFrontTireCompoundName:Medium
mRearTireCompoundName:Medium
mFrontFlapActivated:false(0)
mRearFlapActivated:false(0)
mRearFlapLegalStatus:Disallowed(0)
mIgnitionStarter:Ignition(1)
mSpeedLimiterAvailable:true(1)
mAntiStallActivated:false(0)
mStartLight:0
mNumRedLights:5
mNumPitstops:0
mNumPenalties:0
mLapsBehindNext:0
mLapsBehindLeader:0
mPlayerHeadlights:true(1)
mServerScored:true(1)
mQualification:14


07/16/2025 23:42:32
mGamePhase:GreenFlag(5)
mSession:Race(10)
mYellowFlagState:NoFlag(0)
mSector:2
mCurrentSector:0x00000001
mInRealtimeFC:true(1)
mInRealtimeSU:true(1)
mSectorFlag[0]:Unknown(11)
mSectorFlag[1]:Unknown(11)
mSectorFlag[2]:Unknown(11)
mControl:Player(0)
mInPits:false(0)
mIsPlayer:true(1)
mPlace:18
mPitState:None(0)
mIndividualPhase:GreenFlag(5)
mFlag:Green(0)
mUnderYellow:0
***mCountLapFlag:CountLapButNotTime(1)
mInGarageStall:false(0)
mFinishStatus:None(0)
mLapNumber:3
mTotalLaps:3
mMaxLaps:2147483647

mNumVehicles:18
mScheduledStops:true(255)
mHeadlights:true(1)
mSpeedLimiter:false(0)
mFrontTireCompoundIndex:false(0)
mRearTireCompoundIndex:false(0)
mFrontTireCompoundName:Medium
mRearTireCompoundName:Medium
mFrontFlapActivated:false(0)
mRearFlapActivated:false(0)
mRearFlapLegalStatus:Disallowed(0)
mIgnitionStarter:Ignition(1)
mSpeedLimiterAvailable:true(1)
mAntiStallActivated:false(0)
mStartLight:0
mNumRedLights:5
mNumPitstops:0
mNumPenalties:0
mLapsBehindNext:0
mLapsBehindLeader:0
mPlayerHeadlights:true(1)
mServerScored:true(1)
mQualification:14


07/16/2025 23:42:36
mGamePhase:GreenFlag(5)
mSession:Race(10)
mYellowFlagState:NoFlag(0)
mSector:2
mCurrentSector:0x00000001
mInRealtimeFC:true(1)
mInRealtimeSU:true(1)
mSectorFlag[0]:Unknown(11)
mSectorFlag[1]:Unknown(11)
mSectorFlag[2]:Unknown(11)
mControl:Player(0)
mInPits:false(0)
mIsPlayer:true(1)
mPlace:18
mPitState:None(0)
mIndividualPhase:GreenFlag(5)
mFlag:Green(0)
mUnderYellow:0
***mCountLapFlag:CountLapAndTime(2)
mInGarageStall:false(0)
mFinishStatus:None(0)
mLapNumber:3
mTotalLaps:3
mMaxLaps:2147483647

mNumVehicles:18
mScheduledStops:true(255)
mHeadlights:true(1)
mSpeedLimiter:false(0)
mFrontTireCompoundIndex:false(0)
mRearTireCompoundIndex:false(0)
mFrontTireCompoundName:Medium
mRearTireCompoundName:Medium
mFrontFlapActivated:false(0)
mRearFlapActivated:false(0)
mRearFlapLegalStatus:Disallowed(0)
mIgnitionStarter:Ignition(1)
mSpeedLimiterAvailable:true(1)
mAntiStallActivated:false(0)
mStartLight:0
mNumRedLights:5
mNumPitstops:0
mNumPenalties:0
mLapsBehindNext:0
mLapsBehindLeader:0
mPlayerHeadlights:true(1)
mServerScored:true(1)
mQualification:14


07/16/2025 23:43:00
mGamePhase:GreenFlag(5)
mSession:Race(10)
mYellowFlagState:NoFlag(0)
mSector:2
***mCurrentSector:0x00000002
mInRealtimeFC:true(1)
mInRealtimeSU:true(1)
mSectorFlag[0]:Unknown(11)
mSectorFlag[1]:Unknown(11)
mSectorFlag[2]:Unknown(11)
mControl:Player(0)
mInPits:false(0)
mIsPlayer:true(1)
mPlace:18
mPitState:None(0)
mIndividualPhase:GreenFlag(5)
mFlag:Green(0)
mUnderYellow:0
mCountLapFlag:CountLapAndTime(2)
mInGarageStall:false(0)
mFinishStatus:None(0)
mLapNumber:3
mTotalLaps:3
mMaxLaps:2147483647

mNumVehicles:18
mScheduledStops:true(255)
mHeadlights:true(1)
mSpeedLimiter:false(0)
mFrontTireCompoundIndex:false(0)
mRearTireCompoundIndex:false(0)
mFrontTireCompoundName:Medium
mRearTireCompoundName:Medium
mFrontFlapActivated:false(0)
mRearFlapActivated:false(0)
mRearFlapLegalStatus:Disallowed(0)
mIgnitionStarter:Ignition(1)
mSpeedLimiterAvailable:true(1)
mAntiStallActivated:false(0)
mStartLight:0
mNumRedLights:5
mNumPitstops:0
mNumPenalties:0
mLapsBehindNext:0
mLapsBehindLeader:0
mPlayerHeadlights:true(1)
mServerScored:true(1)
mQualification:14


07/16/2025 23:43:00
mGamePhase:GreenFlag(5)
mSession:Race(10)
mYellowFlagState:NoFlag(0)
***mSector:3
mCurrentSector:0x00000002
mInRealtimeFC:true(1)
mInRealtimeSU:true(1)
mSectorFlag[0]:Unknown(11)
mSectorFlag[1]:Unknown(11)
mSectorFlag[2]:Unknown(11)
mControl:Player(0)
mInPits:false(0)
mIsPlayer:true(1)
mPlace:18
mPitState:None(0)
mIndividualPhase:GreenFlag(5)
mFlag:Green(0)
mUnderYellow:0
mCountLapFlag:CountLapAndTime(2)
mInGarageStall:false(0)
mFinishStatus:None(0)
mLapNumber:3
mTotalLaps:3
mMaxLaps:2147483647

mNumVehicles:18
mScheduledStops:true(255)
mHeadlights:true(1)
mSpeedLimiter:false(0)
mFrontTireCompoundIndex:false(0)
mRearTireCompoundIndex:false(0)
mFrontTireCompoundName:Medium
mRearTireCompoundName:Medium
mFrontFlapActivated:false(0)
mRearFlapActivated:false(0)
mRearFlapLegalStatus:Disallowed(0)
mIgnitionStarter:Ignition(1)
mSpeedLimiterAvailable:true(1)
mAntiStallActivated:false(0)
mStartLight:0
mNumRedLights:5
mNumPitstops:0
mNumPenalties:0
mLapsBehindNext:0
mLapsBehindLeader:0
mPlayerHeadlights:true(1)
mServerScored:true(1)
mQualification:14


07/16/2025 23:43:27
mGamePhase:GreenFlag(5)
mSession:Race(10)
mYellowFlagState:NoFlag(0)
mSector:3
mCurrentSector:0x00000002
mInRealtimeFC:true(1)
mInRealtimeSU:true(1)
mSectorFlag[0]:Unknown(11)
mSectorFlag[1]:Unknown(11)
mSectorFlag[2]:Unknown(11)
mControl:Player(0)
mInPits:false(0)
mIsPlayer:true(1)
mPlace:18
mPitState:None(0)
mIndividualPhase:GreenFlag(5)
mFlag:Green(0)
mUnderYellow:0
***mCountLapFlag:CountLapButNotTime(1)
mInGarageStall:false(0)
mFinishStatus:None(0)
mLapNumber:3
mTotalLaps:3
mMaxLaps:2147483647

mNumVehicles:18
mScheduledStops:true(255)
mHeadlights:true(1)
mSpeedLimiter:false(0)
mFrontTireCompoundIndex:false(0)
mRearTireCompoundIndex:false(0)
mFrontTireCompoundName:Medium
mRearTireCompoundName:Medium
mFrontFlapActivated:false(0)
mRearFlapActivated:false(0)
mRearFlapLegalStatus:Disallowed(0)
mIgnitionStarter:Ignition(1)
mSpeedLimiterAvailable:true(1)
mAntiStallActivated:false(0)
mStartLight:0
mNumRedLights:5
mNumPitstops:0
mNumPenalties:0
mLapsBehindNext:0
mLapsBehindLeader:0
mPlayerHeadlights:true(1)
mServerScored:true(1)
mQualification:14


07/16/2025 23:43:30
mGamePhase:GreenFlag(5)
mSession:Race(10)
mYellowFlagState:NoFlag(0)
mSector:3
mCurrentSector:0x00000002
mInRealtimeFC:true(1)
mInRealtimeSU:true(1)
mSectorFlag[0]:Unknown(11)
mSectorFlag[1]:Unknown(11)
mSectorFlag[2]:Unknown(11)
mControl:Player(0)
mInPits:false(0)
mIsPlayer:true(1)
mPlace:18
mPitState:None(0)
mIndividualPhase:GreenFlag(5)
mFlag:Green(0)
mUnderYellow:0
***mCountLapFlag:CountLapAndTime(2)
mInGarageStall:false(0)
mFinishStatus:None(0)
mLapNumber:3
mTotalLaps:3
mMaxLaps:2147483647

mNumVehicles:18
mScheduledStops:true(255)
mHeadlights:true(1)
mSpeedLimiter:false(0)
mFrontTireCompoundIndex:false(0)
mRearTireCompoundIndex:false(0)
mFrontTireCompoundName:Medium
mRearTireCompoundName:Medium
mFrontFlapActivated:false(0)
mRearFlapActivated:false(0)
mRearFlapLegalStatus:Disallowed(0)
mIgnitionStarter:Ignition(1)
mSpeedLimiterAvailable:true(1)
mAntiStallActivated:false(0)
mStartLight:0
mNumRedLights:5
mNumPitstops:0
mNumPenalties:0
mLapsBehindNext:0
mLapsBehindLeader:0
mPlayerHeadlights:true(1)
mServerScored:true(1)
mQualification:14


07/16/2025 23:43:45
mGamePhase:GreenFlag(5)
mSession:Race(10)
mYellowFlagState:NoFlag(0)
***mSector:1
***mCurrentSector:0x00000000
mInRealtimeFC:true(1)
mInRealtimeSU:true(1)
mSectorFlag[0]:Unknown(11)
mSectorFlag[1]:Unknown(11)
mSectorFlag[2]:Unknown(11)
mControl:Player(0)
mInPits:false(0)
mIsPlayer:true(1)
mPlace:18
mPitState:None(0)
mIndividualPhase:GreenFlag(5)
mFlag:Green(0)
mUnderYellow:0
mCountLapFlag:CountLapAndTime(2)
mInGarageStall:false(0)
mFinishStatus:None(0)
***mLapNumber:4
***mTotalLaps:4
mMaxLaps:2147483647

mNumVehicles:18
mScheduledStops:true(255)
mHeadlights:true(1)
mSpeedLimiter:false(0)
mFrontTireCompoundIndex:false(0)
mRearTireCompoundIndex:false(0)
mFrontTireCompoundName:Medium
mRearTireCompoundName:Medium
mFrontFlapActivated:false(0)
mRearFlapActivated:false(0)
mRearFlapLegalStatus:Disallowed(0)
mIgnitionStarter:Ignition(1)
mSpeedLimiterAvailable:true(1)
mAntiStallActivated:false(0)
mStartLight:0
mNumRedLights:5
mNumPitstops:0
mNumPenalties:0
mLapsBehindNext:0
mLapsBehindLeader:0
mPlayerHeadlights:true(1)
mServerScored:true(1)
mQualification:14

