

************************************************************************************
* NEW SESSION **********************************************************************
************************************************************************************

07/16/2025 23:38:27
***mGamePhase:GreenFlag(5)
***mSession:Race(10)
***mYellowFlagState:NoFlag(0)
***mSector:3
***mCurrentSector:0x00000002
***mInRealtimeFC:true(1)
***mInRealtimeSU:true(1)
***mSectorFlag[0]:Unknown(11)
***mSectorFlag[1]:Unknown(11)
***mSectorFlag[2]:Pending(1)
***mInPits:false(0)
***mIsPlayer:true(1)
***mPlace:18
***mPitState:None(0)
***mIndividualPhase:GreenFlag(5)
***mFlag:Green(0)
***mUnderYellow:0
***mCountLapFlag:CountLapAndTime(2)
***mInGarageStall:false(0)
***mFinishStatus:None(0)
***mLapNumber:1
***mTotalLaps:1
***mMaxLaps:2147483647
***mNumVehicles:18
***mHeadlights:true(1)
***mSpeedLimiter:false(0)
***mFrontTireCompoundIndex:false(0)
***mRearTireCompoundIndex:false(0)
***mFrontTireCompoundName:Medium
***mRearTireCompoundName:Medium
***mFrontFlapActivated:false(0)
***mRearFlapActivated:false(0)
***mRearFlapLegalStatus:Disallowed(0)
***mIgnitionStarter:Ignition(1)
***mSpeedLimiterAvailable:true(1)
***mAntiStallActivated:false(0)
***mStartLight:0
***mNumRedLights:5
***mNumPitstops:0
***mNumPenalties:0
***mLapsBehindNext:0
***mLapsBehindLeader:0
***mPlayerHeadlights:true(1)
***mServerScored:true(1)
***mQualification:14

07/16/2025 23:39:00
***mSectorFlag[2]:Unknown(11)

07/16/2025 23:39:09
***mCountLapFlag:CountLapButNotTime(1)

07/16/2025 23:39:10
***mCountLapFlag:CountLapAndTime(2)

07/16/2025 23:39:21
***mCurrentSector:0x00000000
***mLapNumber:2

07/16/2025 23:39:21
***mSector:1
***mTotalLaps:2

07/16/2025 23:39:57
***mCurrentSector:0x00000001

07/16/2025 23:39:57
***mSector:2

07/16/2025 23:40:19
***mCountLapFlag:CountLapButNotTime(1)

07/16/2025 23:40:23
***mCountLapFlag:CountLapAndTime(2)

07/16/2025 23:40:42
***mCurrentSector:0x00000002

07/16/2025 23:40:43
***mSector:3

07/16/2025 23:40:57
***mCountLapFlag:CountLapButNotTime(1)

07/16/2025 23:41:00
***mCountLapFlag:CountLapAndTime(2)

07/16/2025 23:41:09
***mCountLapFlag:CountLapButNotTime(1)

07/16/2025 23:41:11
***mCountLapFlag:CountLapAndTime(2)

07/16/2025 23:41:15
***mCountLapFlag:CountLapButNotTime(1)

07/16/2025 23:41:16
***mCountLapFlag:CountLapAndTime(2)

07/16/2025 23:41:27
***mCurrentSector:0x00000000
***mLapNumber:3

07/16/2025 23:41:28
***mSector:1
***mTotalLaps:3

07/16/2025 23:41:40
***mCountLapFlag:CountLapButNotTime(1)

07/16/2025 23:41:43
***mCountLapFlag:CountLapAndTime(2)

07/16/2025 23:42:03
***mSectorFlag[0]:Pending(1)

07/16/2025 23:42:07
***mSectorFlag[0]:Unknown(11)

07/16/2025 23:42:10
***mSector:2
***mCurrentSector:0x00000001

07/16/2025 23:42:32
***mCountLapFlag:CountLapButNotTime(1)

07/16/2025 23:42:36
***mCountLapFlag:CountLapAndTime(2)

07/16/2025 23:43:00
***mCurrentSector:0x00000002

07/16/2025 23:43:00
***mSector:3

07/16/2025 23:43:27
***mCountLapFlag:CountLapButNotTime(1)

07/16/2025 23:43:30
***mCountLapFlag:CountLapAndTime(2)

07/16/2025 23:43:45
***mSector:1
***mCurrentSector:0x00000000
***mLapNumber:4
***mTotalLaps:4
