

************************************************************************************
* NEW SESSION **********************************************************************
************************************************************************************

07/25/2025 22:15:02
***mDentSeverity:1,0,0,0,0,0,0,0
***mLastImpactMagnitude:1,092.5
***mAccumulatedImpactMagnitude:2,154.0
***mMaxImpactMagnitude:1,092.5
***mLastImpactPos:x=0.6427 y=-0.2105 z=-2.4167
***mLastImpactET:166.419998168945
***mOverheating:0
***mDetached:0
***Front Wheels:Left Flat:0    Left Detached:0        Right Flat:0    Right Detached:0
***Rear Wheels:Left Flat:0    Left Detached:0        Right Flat:0    Right Detached:0


07/25/2025 22:16:33
mDentSeverity:1,0,0,0,0,0,0,0
mLastImpactMagnitude:1,092.5
***mAccumulatedImpactMagnitude:0.0
***mMaxImpactMagnitude:0.0
mLastImpactPos:x=0.6427 y=-0.2105 z=-2.4167
mLastImpactET:166.419998168945
mOverheating:0
mDetached:0
Front Wheels:Left Flat:0    Left Detached:0        Right Flat:0    Right Detached:0
Rear Wheels:Left Flat:0    Left Detached:0        Right Flat:0    Right Detached:0


07/25/2025 22:16:33
mDentSeverity:1,0,0,0,0,0,0,0
***mLastImpactMagnitude:0.0
mAccumulatedImpactMagnitude:0.0
mMaxImpactMagnitude:0.0
***mLastImpactPos:x=0.0000 y=0.0000 z=0.0000
***mLastImpactET:0
mOverheating:0
mDetached:0
Front Wheels:Left Flat:0    Left Detached:0        Right Flat:0    Right Detached:0
Rear Wheels:Left Flat:0    Left Detached:0        Right Flat:0    Right Detached:0


07/25/2025 22:16:33
***mDentSeverity:0,0,0,0,0,0,0,0
mLastImpactMagnitude:0.0
mAccumulatedImpactMagnitude:0.0
mMaxImpactMagnitude:0.0
mLastImpactPos:x=0.0000 y=0.0000 z=0.0000
mLastImpactET:0
mOverheating:0
mDetached:0
Front Wheels:Left Flat:0    Left Detached:0        Right Flat:0    Right Detached:0
Rear Wheels:Left Flat:0    Left Detached:0        Right Flat:0    Right Detached:0



************************************************************************************
* NEW SESSION **********************************************************************
************************************************************************************


************************************************************************************
* NEW SESSION **********************************************************************
************************************************************************************


************************************************************************************
* NEW SESSION **********************************************************************
************************************************************************************
