

************************************************************************************
* NEW SESSION **********************************************************************
************************************************************************************

08/13/2025 17:31:59
***mGamePhase:GreenFlag(5)
***mSession:Race(10)
***mYellowFlagState:NoFlag(0)
***mSector:3
***mCurrentSector:0x00000002
***mInRealtimeFC:true(1)
***mInRealtimeSU:true(1)
***mSectorFlag[0]:Unknown(11)
***mSectorFlag[1]:Unknown(11)
***mSectorFlag[2]:Pending(1)
mControl:Player(0)
***mInPits:false(0)
***mIsPlayer:true(1)
***mPlace:25
***mPitState:None(0)
***mIndividualPhase:GreenFlag(5)
***mFlag:Green(0)
***mUnderYellow:0
***mCountLapFlag:CountLapAndTime(2)
***mInGarageStall:false(0)
***mFinishStatus:None(0)
***mLapNumber:0
***mTotalLaps:0
***mMaxLaps:2147483647

***mNumVehicles:38
mScheduledStops:true(255)
***mHeadlights:false(0)
***mSpeedLimiter:false(0)
***mFrontTireCompoundIndex:false(0)
***mRearTireCompoundIndex:false(0)
***mFrontTireCompoundName:Medium
***mRearTireCompoundName:Medium
***mFrontFlapActivated:false(0)
***mRearFlapActivated:false(0)
***mRearFlapLegalStatus:Disallowed(0)
***mIgnitionStarter:Ignition(1)
***mSpeedLimiterAvailable:true(1)
***mAntiStallActivated:false(0)
***mStartLight:0
***mNumRedLights:5
***mNumPitstops:0
***mNumPenalties:0
***mLapsBehindNext:0
***mLapsBehindLeader:0
***mPlayerHeadlights:false(0)
***mServerScored:true(1)
***mQualification:27


08/13/2025 17:38:04
mGamePhase:GreenFlag(5)
mSession:Race(10)
mYellowFlagState:NoFlag(0)
mSector:3
mCurrentSector:0x00000002
mInRealtimeFC:true(1)
mInRealtimeSU:true(1)
mSectorFlag[0]:Unknown(11)
mSectorFlag[1]:Unknown(11)
mSectorFlag[2]:Pending(1)
mControl:Player(0)
mInPits:false(0)
mIsPlayer:true(1)
***mPlace:26
mPitState:None(0)
mIndividualPhase:GreenFlag(5)
mFlag:Green(0)
mUnderYellow:0
mCountLapFlag:CountLapAndTime(2)
mInGarageStall:false(0)
mFinishStatus:None(0)
mLapNumber:0
mTotalLaps:0
mMaxLaps:2147483647

mNumVehicles:38
mScheduledStops:true(255)
mHeadlights:false(0)
mSpeedLimiter:false(0)
mFrontTireCompoundIndex:false(0)
mRearTireCompoundIndex:false(0)
mFrontTireCompoundName:Medium
mRearTireCompoundName:Medium
mFrontFlapActivated:false(0)
mRearFlapActivated:false(0)
mRearFlapLegalStatus:Disallowed(0)
mIgnitionStarter:Ignition(1)
mSpeedLimiterAvailable:true(1)
mAntiStallActivated:false(0)
mStartLight:0
mNumRedLights:5
mNumPitstops:0
mNumPenalties:0
mLapsBehindNext:0
mLapsBehindLeader:0
mPlayerHeadlights:false(0)
mServerScored:true(1)
mQualification:27


08/13/2025 17:38:06
mGamePhase:GreenFlag(5)
mSession:Race(10)
mYellowFlagState:NoFlag(0)
mSector:3
mCurrentSector:0x00000002
mInRealtimeFC:true(1)
mInRealtimeSU:true(1)
mSectorFlag[0]:Unknown(11)
mSectorFlag[1]:Unknown(11)
mSectorFlag[2]:Pending(1)
mControl:Player(0)
mInPits:false(0)
mIsPlayer:true(1)
***mPlace:27
mPitState:None(0)
mIndividualPhase:GreenFlag(5)
mFlag:Green(0)
mUnderYellow:0
mCountLapFlag:CountLapAndTime(2)
mInGarageStall:false(0)
mFinishStatus:None(0)
mLapNumber:0
mTotalLaps:0
mMaxLaps:2147483647

mNumVehicles:38
mScheduledStops:true(255)
mHeadlights:false(0)
mSpeedLimiter:false(0)
mFrontTireCompoundIndex:false(0)
mRearTireCompoundIndex:false(0)
mFrontTireCompoundName:Medium
mRearTireCompoundName:Medium
mFrontFlapActivated:false(0)
mRearFlapActivated:false(0)
mRearFlapLegalStatus:Disallowed(0)
mIgnitionStarter:Ignition(1)
mSpeedLimiterAvailable:true(1)
mAntiStallActivated:false(0)
mStartLight:0
mNumRedLights:5
mNumPitstops:0
mNumPenalties:0
mLapsBehindNext:0
mLapsBehindLeader:0
mPlayerHeadlights:false(0)
mServerScored:true(1)
mQualification:27


08/13/2025 17:38:07
mGamePhase:GreenFlag(5)
mSession:Race(10)
mYellowFlagState:NoFlag(0)
mSector:3
mCurrentSector:0x00000002
mInRealtimeFC:true(1)
mInRealtimeSU:true(1)
mSectorFlag[0]:Unknown(11)
mSectorFlag[1]:Unknown(11)
mSectorFlag[2]:Pending(1)
mControl:Player(0)
mInPits:false(0)
mIsPlayer:true(1)
***mPlace:28
mPitState:None(0)
mIndividualPhase:GreenFlag(5)
mFlag:Green(0)
mUnderYellow:0
mCountLapFlag:CountLapAndTime(2)
mInGarageStall:false(0)
mFinishStatus:None(0)
mLapNumber:0
mTotalLaps:0
mMaxLaps:2147483647

mNumVehicles:38
mScheduledStops:true(255)
mHeadlights:false(0)
mSpeedLimiter:false(0)
mFrontTireCompoundIndex:false(0)
mRearTireCompoundIndex:false(0)
mFrontTireCompoundName:Medium
mRearTireCompoundName:Medium
mFrontFlapActivated:false(0)
mRearFlapActivated:false(0)
mRearFlapLegalStatus:Disallowed(0)
mIgnitionStarter:Ignition(1)
mSpeedLimiterAvailable:true(1)
mAntiStallActivated:false(0)
mStartLight:0
mNumRedLights:5
mNumPitstops:0
mNumPenalties:0
mLapsBehindNext:0
mLapsBehindLeader:0
mPlayerHeadlights:false(0)
mServerScored:true(1)
mQualification:27


08/13/2025 17:38:07
mGamePhase:GreenFlag(5)
mSession:Race(10)
mYellowFlagState:NoFlag(0)
mSector:3
mCurrentSector:0x00000002
mInRealtimeFC:true(1)
mInRealtimeSU:true(1)
mSectorFlag[0]:Unknown(11)
mSectorFlag[1]:Unknown(11)
***mSectorFlag[2]:Unknown(11)
mControl:Player(0)
mInPits:false(0)
mIsPlayer:true(1)
mPlace:28
mPitState:None(0)
mIndividualPhase:GreenFlag(5)
mFlag:Green(0)
mUnderYellow:0
mCountLapFlag:CountLapAndTime(2)
mInGarageStall:false(0)
mFinishStatus:None(0)
mLapNumber:0
mTotalLaps:0
mMaxLaps:2147483647

mNumVehicles:38
mScheduledStops:true(255)
mHeadlights:false(0)
mSpeedLimiter:false(0)
mFrontTireCompoundIndex:false(0)
mRearTireCompoundIndex:false(0)
mFrontTireCompoundName:Medium
mRearTireCompoundName:Medium
mFrontFlapActivated:false(0)
mRearFlapActivated:false(0)
mRearFlapLegalStatus:Disallowed(0)
mIgnitionStarter:Ignition(1)
mSpeedLimiterAvailable:true(1)
mAntiStallActivated:false(0)
mStartLight:0
mNumRedLights:5
mNumPitstops:0
mNumPenalties:0
mLapsBehindNext:0
mLapsBehindLeader:0
mPlayerHeadlights:false(0)
mServerScored:true(1)
mQualification:27


08/13/2025 17:38:19
mGamePhase:GreenFlag(5)
mSession:Race(10)
mYellowFlagState:NoFlag(0)
mSector:3
***mCurrentSector:0x00000000
mInRealtimeFC:true(1)
mInRealtimeSU:true(1)
mSectorFlag[0]:Unknown(11)
mSectorFlag[1]:Unknown(11)
mSectorFlag[2]:Unknown(11)
mControl:Player(0)
mInPits:false(0)
mIsPlayer:true(1)
mPlace:28
mPitState:None(0)
mIndividualPhase:GreenFlag(5)
mFlag:Green(0)
mUnderYellow:0
mCountLapFlag:CountLapAndTime(2)
mInGarageStall:false(0)
mFinishStatus:None(0)
***mLapNumber:1
mTotalLaps:0
mMaxLaps:2147483647

mNumVehicles:38
mScheduledStops:true(255)
mHeadlights:false(0)
mSpeedLimiter:false(0)
mFrontTireCompoundIndex:false(0)
mRearTireCompoundIndex:false(0)
mFrontTireCompoundName:Medium
mRearTireCompoundName:Medium
mFrontFlapActivated:false(0)
mRearFlapActivated:false(0)
mRearFlapLegalStatus:Disallowed(0)
mIgnitionStarter:Ignition(1)
mSpeedLimiterAvailable:true(1)
mAntiStallActivated:false(0)
mStartLight:0
mNumRedLights:5
mNumPitstops:0
mNumPenalties:0
mLapsBehindNext:0
mLapsBehindLeader:0
mPlayerHeadlights:false(0)
mServerScored:true(1)
mQualification:27


08/13/2025 17:38:19
mGamePhase:GreenFlag(5)
mSession:Race(10)
mYellowFlagState:NoFlag(0)
***mSector:1
mCurrentSector:0x00000000
mInRealtimeFC:true(1)
mInRealtimeSU:true(1)
mSectorFlag[0]:Unknown(11)
mSectorFlag[1]:Unknown(11)
mSectorFlag[2]:Unknown(11)
mControl:Player(0)
mInPits:false(0)
mIsPlayer:true(1)
mPlace:28
mPitState:None(0)
mIndividualPhase:GreenFlag(5)
mFlag:Green(0)
mUnderYellow:0
mCountLapFlag:CountLapAndTime(2)
mInGarageStall:false(0)
mFinishStatus:None(0)
mLapNumber:1
***mTotalLaps:1
mMaxLaps:2147483647

mNumVehicles:38
mScheduledStops:true(255)
mHeadlights:false(0)
mSpeedLimiter:false(0)
mFrontTireCompoundIndex:false(0)
mRearTireCompoundIndex:false(0)
mFrontTireCompoundName:Medium
mRearTireCompoundName:Medium
mFrontFlapActivated:false(0)
mRearFlapActivated:false(0)
mRearFlapLegalStatus:Disallowed(0)
mIgnitionStarter:Ignition(1)
mSpeedLimiterAvailable:true(1)
mAntiStallActivated:false(0)
mStartLight:0
mNumRedLights:5
mNumPitstops:0
mNumPenalties:0
mLapsBehindNext:0
mLapsBehindLeader:0
mPlayerHeadlights:false(0)
mServerScored:true(1)
mQualification:27


08/13/2025 17:58:47
mGamePhase:GreenFlag(5)
mSession:Race(10)
mYellowFlagState:NoFlag(0)
mSector:1
mCurrentSector:0x00000000
***mInRealtimeFC:false(0)
mInRealtimeSU:true(1)
mSectorFlag[0]:Unknown(11)
mSectorFlag[1]:Unknown(11)
mSectorFlag[2]:Unknown(11)
mControl:Player(0)
mInPits:false(0)
mIsPlayer:true(1)
mPlace:28
mPitState:None(0)
mIndividualPhase:GreenFlag(5)
mFlag:Green(0)
mUnderYellow:0
mCountLapFlag:CountLapAndTime(2)
mInGarageStall:false(0)
mFinishStatus:None(0)
mLapNumber:1
mTotalLaps:1
mMaxLaps:2147483647

mNumVehicles:38
mScheduledStops:true(255)
mHeadlights:false(0)
mSpeedLimiter:false(0)
mFrontTireCompoundIndex:false(0)
mRearTireCompoundIndex:false(0)
mFrontTireCompoundName:Medium
mRearTireCompoundName:Medium
mFrontFlapActivated:false(0)
mRearFlapActivated:false(0)
mRearFlapLegalStatus:Disallowed(0)
mIgnitionStarter:Ignition(1)
mSpeedLimiterAvailable:true(1)
mAntiStallActivated:false(0)
mStartLight:0
mNumRedLights:5
mNumPitstops:0
mNumPenalties:0
mLapsBehindNext:0
mLapsBehindLeader:0
mPlayerHeadlights:false(0)
mServerScored:true(1)
mQualification:27


08/13/2025 17:58:47
mGamePhase:GreenFlag(5)
mSession:Race(10)
mYellowFlagState:NoFlag(0)
mSector:1
***mCurrentSector:0x80000000
mInRealtimeFC:false(0)
mInRealtimeSU:true(1)
mSectorFlag[0]:Unknown(11)
mSectorFlag[1]:Unknown(11)
mSectorFlag[2]:Unknown(11)
mControl:Player(0)
mInPits:false(0)
mIsPlayer:true(1)
mPlace:28
mPitState:None(0)
mIndividualPhase:GreenFlag(5)
mFlag:Green(0)
mUnderYellow:0
mCountLapFlag:CountLapAndTime(2)
mInGarageStall:false(0)
mFinishStatus:None(0)
mLapNumber:1
mTotalLaps:1
mMaxLaps:2147483647

mNumVehicles:38
mScheduledStops:true(255)
mHeadlights:false(0)
mSpeedLimiter:false(0)
mFrontTireCompoundIndex:false(0)
mRearTireCompoundIndex:false(0)
mFrontTireCompoundName:Medium
mRearTireCompoundName:Medium
mFrontFlapActivated:false(0)
mRearFlapActivated:false(0)
mRearFlapLegalStatus:Disallowed(0)
***mIgnitionStarter:Off(0)
mSpeedLimiterAvailable:true(1)
mAntiStallActivated:false(0)
mStartLight:0
mNumRedLights:5
mNumPitstops:0
mNumPenalties:0
mLapsBehindNext:0
mLapsBehindLeader:0
mPlayerHeadlights:false(0)
mServerScored:true(1)
mQualification:27


08/13/2025 17:58:47
mGamePhase:GreenFlag(5)
mSession:Race(10)
mYellowFlagState:NoFlag(0)
mSector:1
mCurrentSector:0x80000000
mInRealtimeFC:false(0)
***mInRealtimeSU:false(0)
mSectorFlag[0]:Unknown(11)
mSectorFlag[1]:Unknown(11)
mSectorFlag[2]:Unknown(11)
***mControl:AI(1)
***mInPits:true(1)
mIsPlayer:true(1)
mPlace:28
mPitState:None(0)
mIndividualPhase:GreenFlag(5)
mFlag:Green(0)
mUnderYellow:0
***mCountLapFlag:DoNotCountLap(0)
***mInGarageStall:true(1)
***mFinishStatus:Dnf(2)
mLapNumber:1
mTotalLaps:1
mMaxLaps:2147483647

mNumVehicles:38
mScheduledStops:true(255)
mHeadlights:false(0)
mSpeedLimiter:false(0)
mFrontTireCompoundIndex:false(0)
mRearTireCompoundIndex:false(0)
mFrontTireCompoundName:Medium
mRearTireCompoundName:Medium
mFrontFlapActivated:false(0)
mRearFlapActivated:false(0)
mRearFlapLegalStatus:Disallowed(0)
mIgnitionStarter:Off(0)
mSpeedLimiterAvailable:true(1)
mAntiStallActivated:false(0)
mStartLight:0
mNumRedLights:5
mNumPitstops:0
mNumPenalties:0
mLapsBehindNext:0
mLapsBehindLeader:0
mPlayerHeadlights:false(0)
mServerScored:true(1)
mQualification:27


08/13/2025 17:58:48
mGamePhase:GreenFlag(5)
mSession:Race(10)
mYellowFlagState:NoFlag(0)
mSector:1
mCurrentSector:0x80000000
mInRealtimeFC:false(0)
mInRealtimeSU:false(0)
mSectorFlag[0]:Unknown(11)
mSectorFlag[1]:Unknown(11)
mSectorFlag[2]:Unknown(11)
mControl:AI(1)
mInPits:true(1)
mIsPlayer:true(1)
***mPlace:38
mPitState:None(0)
mIndividualPhase:GreenFlag(5)
mFlag:Green(0)
mUnderYellow:0
mCountLapFlag:DoNotCountLap(0)
mInGarageStall:true(1)
mFinishStatus:Dnf(2)
mLapNumber:1
mTotalLaps:1
mMaxLaps:2147483647

mNumVehicles:38
mScheduledStops:true(255)
mHeadlights:false(0)
mSpeedLimiter:false(0)
mFrontTireCompoundIndex:false(0)
mRearTireCompoundIndex:false(0)
mFrontTireCompoundName:Medium
mRearTireCompoundName:Medium
mFrontFlapActivated:false(0)
mRearFlapActivated:false(0)
mRearFlapLegalStatus:Disallowed(0)
mIgnitionStarter:Off(0)
mSpeedLimiterAvailable:true(1)
mAntiStallActivated:false(0)
mStartLight:0
mNumRedLights:5
mNumPitstops:0
mNumPenalties:0
mLapsBehindNext:0
mLapsBehindLeader:0
mPlayerHeadlights:false(0)
mServerScored:true(1)
mQualification:27

