

************************************************************************************
* NEW SESSION **********************************************************************
************************************************************************************

07/25/2025 22:15:02
***mGamePhase:GreenFlag(5)
***mSession:Race(10)
***mYellowFlagState:NoFlag(0)
***mSector:3
***mCurrentSector:0x00000002
***mInRealtimeFC:true(1)
***mInRealtimeSU:true(1)
***mSectorFlag[0]:Unknown(11)
***mSectorFlag[1]:Unknown(11)
***mSectorFlag[2]:Unknown(11)
mControl:Player(0)
***mInPits:false(0)
***mIsPlayer:true(1)
***mPlace:5
***mPitState:None(0)
***mIndividualPhase:GreenFlag(5)
***mFlag:Green(0)
***mUnderYellow:0
***mCountLapFlag:CountLapAndTime(2)
***mInGarageStall:false(0)
***mFinishStatus:None(0)
***mLapNumber:0
***mTotalLaps:0
***mMaxLaps:2147483647

***mNumVehicles:18
mScheduledStops:true(255)
***mHeadlights:false(0)
***mSpeedLimiter:false(0)
***mFrontTireCompoundIndex:false(0)
***mRearTireCompoundIndex:false(0)
***mFrontTireCompoundName:Medium
***mRearTireCompoundName:Medium
***mFrontFlapActivated:false(0)
***mRearFlapActivated:false(0)
***mRearFlapLegalStatus:Disallowed(0)
***mIgnitionStarter:Ignition(1)
***mSpeedLimiterAvailable:true(1)
***mAntiStallActivated:false(0)
***mStartLight:0
***mNumRedLights:5
***mNumPitstops:0
***mNumPenalties:0
***mLapsBehindNext:0
***mLapsBehindLeader:0
***mPlayerHeadlights:false(0)
***mServerScored:true(1)
***mQualification:14


07/25/2025 22:16:33
mGamePhase:GreenFlag(5)
mSession:Race(10)
mYellowFlagState:NoFlag(0)
mSector:3
mCurrentSector:0x00000002
***mInRealtimeFC:false(0)
mInRealtimeSU:true(1)
mSectorFlag[0]:Unknown(11)
mSectorFlag[1]:Unknown(11)
mSectorFlag[2]:Unknown(11)
mControl:Player(0)
mInPits:false(0)
mIsPlayer:true(1)
mPlace:5
mPitState:None(0)
mIndividualPhase:GreenFlag(5)
mFlag:Green(0)
mUnderYellow:0
mCountLapFlag:CountLapAndTime(2)
mInGarageStall:false(0)
mFinishStatus:None(0)
mLapNumber:0
mTotalLaps:0
mMaxLaps:2147483647

mNumVehicles:18
mScheduledStops:true(255)
mHeadlights:false(0)
mSpeedLimiter:false(0)
mFrontTireCompoundIndex:false(0)
mRearTireCompoundIndex:false(0)
mFrontTireCompoundName:Medium
mRearTireCompoundName:Medium
mFrontFlapActivated:false(0)
mRearFlapActivated:false(0)
mRearFlapLegalStatus:Disallowed(0)
mIgnitionStarter:Ignition(1)
mSpeedLimiterAvailable:true(1)
mAntiStallActivated:false(0)
mStartLight:0
mNumRedLights:5
mNumPitstops:0
mNumPenalties:0
mLapsBehindNext:0
mLapsBehindLeader:0
mPlayerHeadlights:false(0)
mServerScored:true(1)
mQualification:14


07/25/2025 22:16:33
mGamePhase:GreenFlag(5)
mSession:Race(10)
mYellowFlagState:NoFlag(0)
mSector:3
***mCurrentSector:0x80000002
mInRealtimeFC:false(0)
mInRealtimeSU:true(1)
mSectorFlag[0]:Unknown(11)
mSectorFlag[1]:Unknown(11)
mSectorFlag[2]:Unknown(11)
mControl:Player(0)
mInPits:false(0)
mIsPlayer:true(1)
mPlace:5
mPitState:None(0)
mIndividualPhase:GreenFlag(5)
mFlag:Green(0)
mUnderYellow:0
mCountLapFlag:CountLapAndTime(2)
mInGarageStall:false(0)
mFinishStatus:None(0)
mLapNumber:0
mTotalLaps:0
mMaxLaps:2147483647

mNumVehicles:18
mScheduledStops:true(255)
mHeadlights:false(0)
mSpeedLimiter:false(0)
mFrontTireCompoundIndex:false(0)
mRearTireCompoundIndex:false(0)
mFrontTireCompoundName:Medium
mRearTireCompoundName:Medium
mFrontFlapActivated:false(0)
mRearFlapActivated:false(0)
mRearFlapLegalStatus:Disallowed(0)
***mIgnitionStarter:Off(0)
mSpeedLimiterAvailable:true(1)
mAntiStallActivated:false(0)
mStartLight:0
mNumRedLights:5
mNumPitstops:0
mNumPenalties:0
mLapsBehindNext:0
mLapsBehindLeader:0
mPlayerHeadlights:false(0)
mServerScored:true(1)
mQualification:14


07/25/2025 22:16:33
mGamePhase:GreenFlag(5)
mSession:Race(10)
mYellowFlagState:NoFlag(0)
mSector:3
mCurrentSector:0x80000002
mInRealtimeFC:false(0)
***mInRealtimeSU:false(0)
mSectorFlag[0]:Unknown(11)
mSectorFlag[1]:Unknown(11)
mSectorFlag[2]:Unknown(11)
***mControl:AI(1)
***mInPits:true(1)
mIsPlayer:true(1)
***mPlace:18
mPitState:None(0)
mIndividualPhase:GreenFlag(5)
mFlag:Green(0)
mUnderYellow:0
***mCountLapFlag:DoNotCountLap(0)
***mInGarageStall:true(1)
***mFinishStatus:Dnf(2)
mLapNumber:0
mTotalLaps:0
mMaxLaps:2147483647

mNumVehicles:18
mScheduledStops:true(255)
mHeadlights:false(0)
mSpeedLimiter:false(0)
mFrontTireCompoundIndex:false(0)
mRearTireCompoundIndex:false(0)
mFrontTireCompoundName:Medium
mRearTireCompoundName:Medium
mFrontFlapActivated:false(0)
mRearFlapActivated:false(0)
mRearFlapLegalStatus:Disallowed(0)
mIgnitionStarter:Off(0)
mSpeedLimiterAvailable:true(1)
mAntiStallActivated:false(0)
mStartLight:0
mNumRedLights:5
mNumPitstops:0
mNumPenalties:0
mLapsBehindNext:0
mLapsBehindLeader:0
mPlayerHeadlights:false(0)
mServerScored:true(1)
mQualification:14


07/25/2025 22:17:08
***mGamePhase:Garage(0)
***mSession:Practice(1)
mYellowFlagState:NoFlag(0)
***mSector:1
mCurrentSector:0x80000002
mInRealtimeFC:false(0)
mInRealtimeSU:false(0)
mSectorFlag[0]:Unknown(11)
mSectorFlag[1]:Unknown(11)
mSectorFlag[2]:Unknown(11)
***mControl:Player(0)
mInPits:true(1)
mIsPlayer:true(1)
mPlace:18
mPitState:None(0)
***mIndividualPhase:Formation(3)
mFlag:Green(0)
mUnderYellow:0
mCountLapFlag:DoNotCountLap(0)
***mInGarageStall:false(0)
***mFinishStatus:None(0)
mLapNumber:0
mTotalLaps:0
mMaxLaps:2147483647

mNumVehicles:18
mScheduledStops:true(255)
mHeadlights:false(0)
mSpeedLimiter:false(0)
mFrontTireCompoundIndex:false(0)
mRearTireCompoundIndex:false(0)
mFrontTireCompoundName:Medium
mRearTireCompoundName:Medium
mFrontFlapActivated:false(0)
mRearFlapActivated:false(0)
mRearFlapLegalStatus:Disallowed(0)
mIgnitionStarter:Off(0)
mSpeedLimiterAvailable:true(1)
mAntiStallActivated:false(0)
mStartLight:0
mNumRedLights:5
mNumPitstops:0
mNumPenalties:0
mLapsBehindNext:0
mLapsBehindLeader:0
mPlayerHeadlights:false(0)
mServerScored:true(1)
***mQualification:18


07/25/2025 22:17:26
mGamePhase:Garage(0)
mSession:Practice(1)
mYellowFlagState:NoFlag(0)
mSector:1
***mCurrentSector:0x80000000
mInRealtimeFC:false(0)
mInRealtimeSU:false(0)
mSectorFlag[0]:Unknown(11)
mSectorFlag[1]:Unknown(11)
mSectorFlag[2]:Unknown(11)
***mControl:AI(1)
mInPits:true(1)
mIsPlayer:true(1)
mPlace:18
***mPitState:Unknown(5)
***mIndividualPhase:GreenFlag(5)
mFlag:Green(0)
mUnderYellow:0
***mCountLapFlag:CountLapButNotTime(1)
***mInGarageStall:true(1)
mFinishStatus:None(0)
mLapNumber:0
mTotalLaps:0
mMaxLaps:2147483647

mNumVehicles:18
mScheduledStops:true(255)
mHeadlights:false(0)
mSpeedLimiter:false(0)
mFrontTireCompoundIndex:false(0)
mRearTireCompoundIndex:false(0)
mFrontTireCompoundName:Medium
mRearTireCompoundName:Medium
mFrontFlapActivated:false(0)
mRearFlapActivated:false(0)
mRearFlapLegalStatus:Disallowed(0)
mIgnitionStarter:Off(0)
mSpeedLimiterAvailable:true(1)
mAntiStallActivated:false(0)
mStartLight:0
mNumRedLights:5
mNumPitstops:0
mNumPenalties:0
mLapsBehindNext:0
mLapsBehindLeader:0
mPlayerHeadlights:false(0)
mServerScored:true(1)
mQualification:18


07/25/2025 22:17:27
mGamePhase:Garage(0)
mSession:Practice(1)
mYellowFlagState:NoFlag(0)
mSector:1
mCurrentSector:0x80000000
mInRealtimeFC:false(0)
mInRealtimeSU:false(0)
mSectorFlag[0]:Unknown(11)
mSectorFlag[1]:Unknown(11)
mSectorFlag[2]:Unknown(11)
mControl:AI(1)
mInPits:true(1)
mIsPlayer:true(1)
***mPlace:10
mPitState:Unknown(5)
mIndividualPhase:GreenFlag(5)
mFlag:Green(0)
mUnderYellow:0
mCountLapFlag:CountLapButNotTime(1)
mInGarageStall:true(1)
mFinishStatus:None(0)
mLapNumber:0
mTotalLaps:0
mMaxLaps:2147483647

mNumVehicles:18
mScheduledStops:true(255)
mHeadlights:false(0)
mSpeedLimiter:false(0)
mFrontTireCompoundIndex:false(0)
mRearTireCompoundIndex:false(0)
mFrontTireCompoundName:Medium
mRearTireCompoundName:Medium
mFrontFlapActivated:false(0)
mRearFlapActivated:false(0)
mRearFlapLegalStatus:Disallowed(0)
mIgnitionStarter:Off(0)
mSpeedLimiterAvailable:true(1)
mAntiStallActivated:false(0)
mStartLight:0
mNumRedLights:5
mNumPitstops:0
mNumPenalties:0
mLapsBehindNext:0
mLapsBehindLeader:0
mPlayerHeadlights:false(0)
mServerScored:true(1)
mQualification:18



************************************************************************************
* NEW SESSION **********************************************************************
************************************************************************************

07/25/2025 22:17:30
***mGamePhase:GreenFlag(5)
mSession:Practice(1)
mYellowFlagState:NoFlag(0)
mSector:1
mCurrentSector:0x80000000
mInRealtimeFC:false(0)
mInRealtimeSU:false(0)
mSectorFlag[0]:Unknown(11)
mSectorFlag[1]:Unknown(11)
mSectorFlag[2]:Unknown(11)
mControl:AI(1)
mInPits:true(1)
mIsPlayer:true(1)
mPlace:10
mPitState:Unknown(5)
mIndividualPhase:GreenFlag(5)
mFlag:Green(0)
mUnderYellow:0
mCountLapFlag:CountLapButNotTime(1)
mInGarageStall:true(1)
mFinishStatus:None(0)
mLapNumber:0
mTotalLaps:0
mMaxLaps:2147483647

mNumVehicles:18
mScheduledStops:true(255)
mHeadlights:false(0)
mSpeedLimiter:false(0)
mFrontTireCompoundIndex:false(0)
mRearTireCompoundIndex:false(0)
mFrontTireCompoundName:Medium
mRearTireCompoundName:Medium
mFrontFlapActivated:false(0)
mRearFlapActivated:false(0)
mRearFlapLegalStatus:Disallowed(0)
mIgnitionStarter:Off(0)
mSpeedLimiterAvailable:true(1)
mAntiStallActivated:false(0)
mStartLight:0
mNumRedLights:5
mNumPitstops:0
mNumPenalties:0
mLapsBehindNext:0
mLapsBehindLeader:0
mPlayerHeadlights:false(0)
mServerScored:true(1)
mQualification:18


07/25/2025 22:17:42
mGamePhase:GreenFlag(5)
mSession:Practice(1)
mYellowFlagState:NoFlag(0)
mSector:1
mCurrentSector:0x80000000
***mInRealtimeFC:true(1)
mInRealtimeSU:false(0)
mSectorFlag[0]:Unknown(11)
mSectorFlag[1]:Unknown(11)
mSectorFlag[2]:Unknown(11)
mControl:AI(1)
mInPits:true(1)
mIsPlayer:true(1)
mPlace:10
mPitState:Unknown(5)
mIndividualPhase:GreenFlag(5)
mFlag:Green(0)
mUnderYellow:0
mCountLapFlag:CountLapButNotTime(1)
mInGarageStall:true(1)
mFinishStatus:None(0)
mLapNumber:0
mTotalLaps:0
mMaxLaps:2147483647

mNumVehicles:18
mScheduledStops:true(255)
mHeadlights:false(0)
mSpeedLimiter:false(0)
mFrontTireCompoundIndex:false(0)
mRearTireCompoundIndex:false(0)
mFrontTireCompoundName:Medium
mRearTireCompoundName:Medium
mFrontFlapActivated:false(0)
mRearFlapActivated:false(0)
mRearFlapLegalStatus:Disallowed(0)
mIgnitionStarter:Off(0)
mSpeedLimiterAvailable:true(1)
mAntiStallActivated:false(0)
mStartLight:0
mNumRedLights:5
mNumPitstops:0
mNumPenalties:0
mLapsBehindNext:0
mLapsBehindLeader:0
mPlayerHeadlights:false(0)
mServerScored:true(1)
mQualification:18


07/25/2025 22:17:43
mGamePhase:GreenFlag(5)
mSession:Practice(1)
mYellowFlagState:NoFlag(0)
mSector:1
mCurrentSector:0x80000000
mInRealtimeFC:true(1)
mInRealtimeSU:false(0)
mSectorFlag[0]:Unknown(11)
mSectorFlag[1]:Unknown(11)
mSectorFlag[2]:Unknown(11)
mControl:AI(1)
mInPits:true(1)
mIsPlayer:true(1)
mPlace:10
mPitState:Unknown(5)
mIndividualPhase:GreenFlag(5)
mFlag:Green(0)
mUnderYellow:0
mCountLapFlag:CountLapButNotTime(1)
mInGarageStall:true(1)
mFinishStatus:None(0)
mLapNumber:0
mTotalLaps:0
mMaxLaps:2147483647

mNumVehicles:18
mScheduledStops:true(255)
mHeadlights:false(0)
***mSpeedLimiter:true(1)
mFrontTireCompoundIndex:false(0)
mRearTireCompoundIndex:false(0)
mFrontTireCompoundName:Medium
mRearTireCompoundName:Medium
mFrontFlapActivated:false(0)
mRearFlapActivated:false(0)
mRearFlapLegalStatus:Disallowed(0)
mIgnitionStarter:Off(0)
mSpeedLimiterAvailable:true(1)
mAntiStallActivated:false(0)
mStartLight:0
mNumRedLights:5
mNumPitstops:0
mNumPenalties:0
mLapsBehindNext:0
mLapsBehindLeader:0
mPlayerHeadlights:false(0)
mServerScored:true(1)
mQualification:18


07/25/2025 22:17:43
mGamePhase:GreenFlag(5)
mSession:Practice(1)
mYellowFlagState:NoFlag(0)
mSector:1
mCurrentSector:0x80000000
mInRealtimeFC:true(1)
***mInRealtimeSU:true(1)
mSectorFlag[0]:Unknown(11)
mSectorFlag[1]:Unknown(11)
mSectorFlag[2]:Unknown(11)
***mControl:Player(0)
mInPits:true(1)
mIsPlayer:true(1)
mPlace:10
mPitState:Unknown(5)
mIndividualPhase:GreenFlag(5)
mFlag:Green(0)
mUnderYellow:0
mCountLapFlag:CountLapButNotTime(1)
mInGarageStall:true(1)
mFinishStatus:None(0)
mLapNumber:0
mTotalLaps:0
mMaxLaps:2147483647

mNumVehicles:18
mScheduledStops:true(255)
mHeadlights:false(0)
mSpeedLimiter:true(1)
mFrontTireCompoundIndex:false(0)
mRearTireCompoundIndex:false(0)
mFrontTireCompoundName:Medium
mRearTireCompoundName:Medium
mFrontFlapActivated:false(0)
mRearFlapActivated:false(0)
mRearFlapLegalStatus:Disallowed(0)
mIgnitionStarter:Off(0)
mSpeedLimiterAvailable:true(1)
mAntiStallActivated:false(0)
mStartLight:0
mNumRedLights:5
mNumPitstops:0
mNumPenalties:0
mLapsBehindNext:0
mLapsBehindLeader:0
mPlayerHeadlights:false(0)
mServerScored:true(1)
mQualification:18


07/25/2025 22:17:43
mGamePhase:GreenFlag(5)
mSession:Practice(1)
mYellowFlagState:NoFlag(0)
mSector:1
mCurrentSector:0x80000000
mInRealtimeFC:true(1)
mInRealtimeSU:true(1)
mSectorFlag[0]:Unknown(11)
mSectorFlag[1]:Unknown(11)
mSectorFlag[2]:Unknown(11)
mControl:Player(0)
mInPits:true(1)
mIsPlayer:true(1)
mPlace:10
mPitState:Unknown(5)
mIndividualPhase:GreenFlag(5)
mFlag:Green(0)
mUnderYellow:0
mCountLapFlag:CountLapButNotTime(1)
mInGarageStall:true(1)
mFinishStatus:None(0)
mLapNumber:0
mTotalLaps:0
mMaxLaps:2147483647

mNumVehicles:18
mScheduledStops:true(255)
mHeadlights:false(0)
mSpeedLimiter:true(1)
mFrontTireCompoundIndex:false(0)
mRearTireCompoundIndex:false(0)
mFrontTireCompoundName:Medium
mRearTireCompoundName:Medium
mFrontFlapActivated:false(0)
mRearFlapActivated:false(0)
mRearFlapLegalStatus:Disallowed(0)
***mIgnitionStarter:Ignition(1)
mSpeedLimiterAvailable:true(1)
mAntiStallActivated:false(0)
mStartLight:0
mNumRedLights:5
mNumPitstops:0
mNumPenalties:0
mLapsBehindNext:0
mLapsBehindLeader:0
mPlayerHeadlights:false(0)
mServerScored:true(1)
mQualification:18


07/25/2025 22:17:43
mGamePhase:GreenFlag(5)
mSession:Practice(1)
mYellowFlagState:NoFlag(0)
mSector:1
mCurrentSector:0x80000000
mInRealtimeFC:true(1)
mInRealtimeSU:true(1)
mSectorFlag[0]:Unknown(11)
mSectorFlag[1]:Unknown(11)
mSectorFlag[2]:Unknown(11)
mControl:Player(0)
mInPits:true(1)
mIsPlayer:true(1)
mPlace:10
mPitState:Unknown(5)
mIndividualPhase:GreenFlag(5)
mFlag:Green(0)
mUnderYellow:0
mCountLapFlag:CountLapButNotTime(1)
mInGarageStall:true(1)
mFinishStatus:None(0)
mLapNumber:0
mTotalLaps:0
mMaxLaps:2147483647

mNumVehicles:18
mScheduledStops:true(255)
mHeadlights:false(0)
mSpeedLimiter:true(1)
mFrontTireCompoundIndex:false(0)
mRearTireCompoundIndex:false(0)
mFrontTireCompoundName:Medium
mRearTireCompoundName:Medium
mFrontFlapActivated:false(0)
mRearFlapActivated:false(0)
mRearFlapLegalStatus:Disallowed(0)
***mIgnitionStarter:IgnitionAndStarter(2)
mSpeedLimiterAvailable:true(1)
mAntiStallActivated:false(0)
mStartLight:0
mNumRedLights:5
mNumPitstops:0
mNumPenalties:0
mLapsBehindNext:0
mLapsBehindLeader:0
mPlayerHeadlights:false(0)
mServerScored:true(1)
mQualification:18


07/25/2025 22:17:43
mGamePhase:GreenFlag(5)
mSession:Practice(1)
mYellowFlagState:NoFlag(0)
mSector:1
mCurrentSector:0x80000000
mInRealtimeFC:true(1)
mInRealtimeSU:true(1)
mSectorFlag[0]:Unknown(11)
mSectorFlag[1]:Unknown(11)
mSectorFlag[2]:Unknown(11)
mControl:Player(0)
mInPits:true(1)
mIsPlayer:true(1)
mPlace:10
mPitState:Unknown(5)
mIndividualPhase:GreenFlag(5)
mFlag:Green(0)
mUnderYellow:0
mCountLapFlag:CountLapButNotTime(1)
mInGarageStall:true(1)
mFinishStatus:None(0)
mLapNumber:0
mTotalLaps:0
mMaxLaps:2147483647

mNumVehicles:18
mScheduledStops:true(255)
mHeadlights:false(0)
mSpeedLimiter:true(1)
mFrontTireCompoundIndex:false(0)
mRearTireCompoundIndex:false(0)
mFrontTireCompoundName:Medium
mRearTireCompoundName:Medium
mFrontFlapActivated:false(0)
mRearFlapActivated:false(0)
mRearFlapLegalStatus:Disallowed(0)
***mIgnitionStarter:Ignition(1)
mSpeedLimiterAvailable:true(1)
mAntiStallActivated:false(0)
mStartLight:0
mNumRedLights:5
mNumPitstops:0
mNumPenalties:0
mLapsBehindNext:0
mLapsBehindLeader:0
mPlayerHeadlights:false(0)
mServerScored:true(1)
mQualification:18


07/25/2025 22:17:48
mGamePhase:GreenFlag(5)
mSession:Practice(1)
mYellowFlagState:NoFlag(0)
mSector:1
mCurrentSector:0x80000000
mInRealtimeFC:true(1)
mInRealtimeSU:true(1)
mSectorFlag[0]:Unknown(11)
mSectorFlag[1]:Unknown(11)
mSectorFlag[2]:Unknown(11)
mControl:Player(0)
mInPits:true(1)
mIsPlayer:true(1)
mPlace:10
***mPitState:Request(1)
mIndividualPhase:GreenFlag(5)
mFlag:Green(0)
mUnderYellow:0
mCountLapFlag:CountLapButNotTime(1)
mInGarageStall:true(1)
mFinishStatus:None(0)
mLapNumber:0
mTotalLaps:0
mMaxLaps:2147483647

mNumVehicles:18
mScheduledStops:true(255)
mHeadlights:false(0)
mSpeedLimiter:true(1)
mFrontTireCompoundIndex:false(0)
mRearTireCompoundIndex:false(0)
mFrontTireCompoundName:Medium
mRearTireCompoundName:Medium
mFrontFlapActivated:false(0)
mRearFlapActivated:false(0)
mRearFlapLegalStatus:Disallowed(0)
mIgnitionStarter:Ignition(1)
mSpeedLimiterAvailable:true(1)
mAntiStallActivated:false(0)
mStartLight:0
mNumRedLights:5
mNumPitstops:0
mNumPenalties:0
mLapsBehindNext:0
mLapsBehindLeader:0
mPlayerHeadlights:false(0)
mServerScored:true(1)
mQualification:18


07/25/2025 22:18:37
mGamePhase:GreenFlag(5)
mSession:Practice(1)
mYellowFlagState:NoFlag(0)
mSector:1
mCurrentSector:0x80000000
mInRealtimeFC:true(1)
mInRealtimeSU:true(1)
mSectorFlag[0]:Unknown(11)
mSectorFlag[1]:Unknown(11)
mSectorFlag[2]:Unknown(11)
mControl:Player(0)
mInPits:true(1)
mIsPlayer:true(1)
mPlace:10
***mPitState:None(0)
mIndividualPhase:GreenFlag(5)
mFlag:Green(0)
mUnderYellow:0
mCountLapFlag:CountLapButNotTime(1)
mInGarageStall:true(1)
mFinishStatus:None(0)
mLapNumber:0
mTotalLaps:0
mMaxLaps:2147483647

mNumVehicles:18
mScheduledStops:true(255)
mHeadlights:false(0)
mSpeedLimiter:true(1)
mFrontTireCompoundIndex:false(0)
mRearTireCompoundIndex:false(0)
mFrontTireCompoundName:Medium
mRearTireCompoundName:Medium
mFrontFlapActivated:false(0)
mRearFlapActivated:false(0)
mRearFlapLegalStatus:Disallowed(0)
mIgnitionStarter:Ignition(1)
mSpeedLimiterAvailable:true(1)
mAntiStallActivated:false(0)
mStartLight:0
mNumRedLights:5
mNumPitstops:0
mNumPenalties:0
mLapsBehindNext:0
mLapsBehindLeader:0
mPlayerHeadlights:false(0)
mServerScored:true(1)
mQualification:18


07/25/2025 22:18:50
mGamePhase:GreenFlag(5)
mSession:Practice(1)
mYellowFlagState:NoFlag(0)
mSector:1
mCurrentSector:0x80000000
***mInRealtimeFC:false(0)
mInRealtimeSU:true(1)
mSectorFlag[0]:Unknown(11)
mSectorFlag[1]:Unknown(11)
mSectorFlag[2]:Unknown(11)
mControl:Player(0)
mInPits:true(1)
mIsPlayer:true(1)
mPlace:10
mPitState:None(0)
mIndividualPhase:GreenFlag(5)
mFlag:Green(0)
mUnderYellow:0
mCountLapFlag:CountLapButNotTime(1)
mInGarageStall:true(1)
mFinishStatus:None(0)
mLapNumber:0
mTotalLaps:0
mMaxLaps:2147483647

mNumVehicles:18
mScheduledStops:true(255)
mHeadlights:false(0)
mSpeedLimiter:true(1)
mFrontTireCompoundIndex:false(0)
mRearTireCompoundIndex:false(0)
mFrontTireCompoundName:Medium
mRearTireCompoundName:Medium
mFrontFlapActivated:false(0)
mRearFlapActivated:false(0)
mRearFlapLegalStatus:Disallowed(0)
mIgnitionStarter:Ignition(1)
mSpeedLimiterAvailable:true(1)
mAntiStallActivated:false(0)
mStartLight:0
mNumRedLights:5
mNumPitstops:0
mNumPenalties:0
mLapsBehindNext:0
mLapsBehindLeader:0
mPlayerHeadlights:false(0)
mServerScored:true(1)
mQualification:18


07/25/2025 22:18:51
mGamePhase:GreenFlag(5)
mSession:Practice(1)
mYellowFlagState:NoFlag(0)
mSector:1
mCurrentSector:0x80000000
mInRealtimeFC:false(0)
mInRealtimeSU:true(1)
mSectorFlag[0]:Unknown(11)
mSectorFlag[1]:Unknown(11)
mSectorFlag[2]:Unknown(11)
mControl:Player(0)
mInPits:true(1)
mIsPlayer:true(1)
mPlace:10
mPitState:None(0)
mIndividualPhase:GreenFlag(5)
mFlag:Green(0)
mUnderYellow:0
mCountLapFlag:CountLapButNotTime(1)
mInGarageStall:true(1)
mFinishStatus:None(0)
mLapNumber:0
mTotalLaps:0
mMaxLaps:2147483647

mNumVehicles:18
mScheduledStops:true(255)
mHeadlights:false(0)
***mSpeedLimiter:false(0)
mFrontTireCompoundIndex:false(0)
mRearTireCompoundIndex:false(0)
mFrontTireCompoundName:Medium
mRearTireCompoundName:Medium
mFrontFlapActivated:false(0)
mRearFlapActivated:false(0)
mRearFlapLegalStatus:Disallowed(0)
***mIgnitionStarter:Off(0)
mSpeedLimiterAvailable:true(1)
mAntiStallActivated:false(0)
mStartLight:0
mNumRedLights:5
mNumPitstops:0
mNumPenalties:0
mLapsBehindNext:0
mLapsBehindLeader:0
mPlayerHeadlights:false(0)
mServerScored:true(1)
mQualification:18


07/25/2025 22:18:51
mGamePhase:GreenFlag(5)
mSession:Practice(1)
mYellowFlagState:NoFlag(0)
mSector:1
mCurrentSector:0x80000000
mInRealtimeFC:false(0)
***mInRealtimeSU:false(0)
mSectorFlag[0]:Unknown(11)
mSectorFlag[1]:Unknown(11)
mSectorFlag[2]:Unknown(11)
***mControl:AI(1)
mInPits:true(1)
mIsPlayer:true(1)
mPlace:10
***mPitState:Unknown(5)
mIndividualPhase:GreenFlag(5)
mFlag:Green(0)
mUnderYellow:0
mCountLapFlag:CountLapButNotTime(1)
mInGarageStall:true(1)
mFinishStatus:None(0)
mLapNumber:0
mTotalLaps:0
mMaxLaps:2147483647

mNumVehicles:18
mScheduledStops:true(255)
mHeadlights:false(0)
mSpeedLimiter:false(0)
mFrontTireCompoundIndex:false(0)
mRearTireCompoundIndex:false(0)
mFrontTireCompoundName:Medium
mRearTireCompoundName:Medium
mFrontFlapActivated:false(0)
mRearFlapActivated:false(0)
mRearFlapLegalStatus:Disallowed(0)
mIgnitionStarter:Off(0)
mSpeedLimiterAvailable:true(1)
mAntiStallActivated:false(0)
mStartLight:0
mNumRedLights:5
mNumPitstops:0
mNumPenalties:0
mLapsBehindNext:0
mLapsBehindLeader:0
mPlayerHeadlights:false(0)
mServerScored:true(1)
mQualification:18


07/25/2025 22:18:58
***mGamePhase:PausedOrHeartbeat(9)
***mSession:Qualification(5)
mYellowFlagState:NoFlag(0)
mSector:1
mCurrentSector:0x80000000
mInRealtimeFC:false(0)
mInRealtimeSU:false(0)
mSectorFlag[0]:Unknown(11)
mSectorFlag[1]:Unknown(11)
mSectorFlag[2]:Unknown(11)
mControl:AI(1)
mInPits:true(1)
mIsPlayer:true(1)
mPlace:10
mPitState:Unknown(5)
mIndividualPhase:GreenFlag(5)
mFlag:Green(0)
mUnderYellow:0
mCountLapFlag:CountLapButNotTime(1)
mInGarageStall:true(1)
mFinishStatus:None(0)
mLapNumber:0
mTotalLaps:0
mMaxLaps:2147483647

mNumVehicles:18
mScheduledStops:true(255)
mHeadlights:false(0)
mSpeedLimiter:false(0)
mFrontTireCompoundIndex:false(0)
mRearTireCompoundIndex:false(0)
mFrontTireCompoundName:Medium
mRearTireCompoundName:Medium
mFrontFlapActivated:false(0)
mRearFlapActivated:false(0)
mRearFlapLegalStatus:Disallowed(0)
mIgnitionStarter:Off(0)
mSpeedLimiterAvailable:true(1)
mAntiStallActivated:false(0)
mStartLight:0
mNumRedLights:5
mNumPitstops:0
mNumPenalties:0
mLapsBehindNext:0
mLapsBehindLeader:0
mPlayerHeadlights:false(0)
mServerScored:true(1)
mQualification:18


07/25/2025 22:18:58
***mGamePhase:Garage(0)
mSession:Qualification(5)
mYellowFlagState:NoFlag(0)
mSector:1
mCurrentSector:0x80000000
mInRealtimeFC:false(0)
mInRealtimeSU:false(0)
mSectorFlag[0]:Unknown(11)
mSectorFlag[1]:Unknown(11)
mSectorFlag[2]:Unknown(11)
mControl:AI(1)
mInPits:true(1)
mIsPlayer:true(1)
mPlace:10
mPitState:Unknown(5)
mIndividualPhase:GreenFlag(5)
mFlag:Green(0)
mUnderYellow:0
mCountLapFlag:CountLapButNotTime(1)
mInGarageStall:true(1)
mFinishStatus:None(0)
mLapNumber:0
mTotalLaps:0
mMaxLaps:2147483647

mNumVehicles:18
mScheduledStops:true(255)
mHeadlights:false(0)
mSpeedLimiter:false(0)
mFrontTireCompoundIndex:false(0)
mRearTireCompoundIndex:false(0)
mFrontTireCompoundName:Medium
mRearTireCompoundName:Medium
mFrontFlapActivated:false(0)
mRearFlapActivated:false(0)
mRearFlapLegalStatus:Disallowed(0)
mIgnitionStarter:Off(0)
mSpeedLimiterAvailable:true(1)
mAntiStallActivated:false(0)
mStartLight:0
mNumRedLights:5
mNumPitstops:0
mNumPenalties:0
mLapsBehindNext:0
mLapsBehindLeader:0
mPlayerHeadlights:false(0)
mServerScored:true(1)
mQualification:18



************************************************************************************
* NEW SESSION **********************************************************************
************************************************************************************

07/25/2025 22:19:02
***mGamePhase:GreenFlag(5)
mSession:Qualification(5)
mYellowFlagState:NoFlag(0)
mSector:1
mCurrentSector:0x80000000
mInRealtimeFC:false(0)
mInRealtimeSU:false(0)
mSectorFlag[0]:Unknown(11)
mSectorFlag[1]:Unknown(11)
mSectorFlag[2]:Unknown(11)
mControl:AI(1)
mInPits:true(1)
mIsPlayer:true(1)
mPlace:10
mPitState:Unknown(5)
mIndividualPhase:GreenFlag(5)
mFlag:Green(0)
mUnderYellow:0
mCountLapFlag:CountLapButNotTime(1)
mInGarageStall:true(1)
mFinishStatus:None(0)
mLapNumber:0
mTotalLaps:0
mMaxLaps:2147483647

mNumVehicles:18
mScheduledStops:true(255)
mHeadlights:false(0)
mSpeedLimiter:false(0)
mFrontTireCompoundIndex:false(0)
mRearTireCompoundIndex:false(0)
mFrontTireCompoundName:Medium
mRearTireCompoundName:Medium
mFrontFlapActivated:false(0)
mRearFlapActivated:false(0)
mRearFlapLegalStatus:Disallowed(0)
mIgnitionStarter:Off(0)
mSpeedLimiterAvailable:true(1)
mAntiStallActivated:false(0)
mStartLight:0
mNumRedLights:5
mNumPitstops:0
mNumPenalties:0
mLapsBehindNext:0
mLapsBehindLeader:0
mPlayerHeadlights:false(0)
mServerScored:true(1)
mQualification:18


07/25/2025 22:19:06
mGamePhase:GreenFlag(5)
mSession:Qualification(5)
mYellowFlagState:NoFlag(0)
mSector:1
mCurrentSector:0x80000000
mInRealtimeFC:false(0)
mInRealtimeSU:false(0)
mSectorFlag[0]:Unknown(11)
mSectorFlag[1]:Unknown(11)
mSectorFlag[2]:Unknown(11)
mControl:AI(1)
mInPits:true(1)
mIsPlayer:true(1)
***mPlace:11
mPitState:Unknown(5)
mIndividualPhase:GreenFlag(5)
mFlag:Green(0)
mUnderYellow:0
mCountLapFlag:CountLapButNotTime(1)
mInGarageStall:true(1)
mFinishStatus:None(0)
mLapNumber:0
mTotalLaps:0
mMaxLaps:2147483647

mNumVehicles:18
mScheduledStops:true(255)
mHeadlights:false(0)
mSpeedLimiter:false(0)
mFrontTireCompoundIndex:false(0)
mRearTireCompoundIndex:false(0)
mFrontTireCompoundName:Medium
mRearTireCompoundName:Medium
mFrontFlapActivated:false(0)
mRearFlapActivated:false(0)
mRearFlapLegalStatus:Disallowed(0)
mIgnitionStarter:Off(0)
mSpeedLimiterAvailable:true(1)
mAntiStallActivated:false(0)
mStartLight:0
mNumRedLights:5
mNumPitstops:0
mNumPenalties:0
mLapsBehindNext:0
mLapsBehindLeader:0
mPlayerHeadlights:false(0)
mServerScored:true(1)
mQualification:18


07/25/2025 22:19:10
mGamePhase:GreenFlag(5)
mSession:Qualification(5)
mYellowFlagState:NoFlag(0)
mSector:1
mCurrentSector:0x80000000
mInRealtimeFC:false(0)
mInRealtimeSU:false(0)
mSectorFlag[0]:Unknown(11)
mSectorFlag[1]:Unknown(11)
mSectorFlag[2]:Unknown(11)
mControl:AI(1)
mInPits:true(1)
mIsPlayer:true(1)
***mPlace:12
mPitState:Unknown(5)
mIndividualPhase:GreenFlag(5)
mFlag:Green(0)
mUnderYellow:0
mCountLapFlag:CountLapButNotTime(1)
mInGarageStall:true(1)
mFinishStatus:None(0)
mLapNumber:0
mTotalLaps:0
mMaxLaps:2147483647

mNumVehicles:18
mScheduledStops:true(255)
mHeadlights:false(0)
mSpeedLimiter:false(0)
mFrontTireCompoundIndex:false(0)
mRearTireCompoundIndex:false(0)
mFrontTireCompoundName:Medium
mRearTireCompoundName:Medium
mFrontFlapActivated:false(0)
mRearFlapActivated:false(0)
mRearFlapLegalStatus:Disallowed(0)
mIgnitionStarter:Off(0)
mSpeedLimiterAvailable:true(1)
mAntiStallActivated:false(0)
mStartLight:0
mNumRedLights:5
mNumPitstops:0
mNumPenalties:0
mLapsBehindNext:0
mLapsBehindLeader:0
mPlayerHeadlights:false(0)
mServerScored:true(1)
mQualification:18


07/25/2025 22:19:11
mGamePhase:GreenFlag(5)
mSession:Qualification(5)
mYellowFlagState:NoFlag(0)
mSector:1
mCurrentSector:0x80000000
mInRealtimeFC:false(0)
mInRealtimeSU:false(0)
mSectorFlag[0]:Unknown(11)
mSectorFlag[1]:Unknown(11)
mSectorFlag[2]:Unknown(11)
mControl:AI(1)
mInPits:true(1)
mIsPlayer:true(1)
***mPlace:13
mPitState:Unknown(5)
mIndividualPhase:GreenFlag(5)
mFlag:Green(0)
mUnderYellow:0
mCountLapFlag:CountLapButNotTime(1)
mInGarageStall:true(1)
mFinishStatus:None(0)
mLapNumber:0
mTotalLaps:0
mMaxLaps:2147483647

mNumVehicles:18
mScheduledStops:true(255)
mHeadlights:false(0)
mSpeedLimiter:false(0)
mFrontTireCompoundIndex:false(0)
mRearTireCompoundIndex:false(0)
mFrontTireCompoundName:Medium
mRearTireCompoundName:Medium
mFrontFlapActivated:false(0)
mRearFlapActivated:false(0)
mRearFlapLegalStatus:Disallowed(0)
mIgnitionStarter:Off(0)
mSpeedLimiterAvailable:true(1)
mAntiStallActivated:false(0)
mStartLight:0
mNumRedLights:5
mNumPitstops:0
mNumPenalties:0
mLapsBehindNext:0
mLapsBehindLeader:0
mPlayerHeadlights:false(0)
mServerScored:true(1)
mQualification:18


07/25/2025 22:19:12
mGamePhase:GreenFlag(5)
mSession:Qualification(5)
mYellowFlagState:NoFlag(0)
mSector:1
mCurrentSector:0x80000000
mInRealtimeFC:false(0)
mInRealtimeSU:false(0)
mSectorFlag[0]:Unknown(11)
mSectorFlag[1]:Unknown(11)
mSectorFlag[2]:Unknown(11)
mControl:AI(1)
mInPits:true(1)
mIsPlayer:true(1)
***mPlace:14
mPitState:Unknown(5)
mIndividualPhase:GreenFlag(5)
mFlag:Green(0)
mUnderYellow:0
mCountLapFlag:CountLapButNotTime(1)
mInGarageStall:true(1)
mFinishStatus:None(0)
mLapNumber:0
mTotalLaps:0
mMaxLaps:2147483647

mNumVehicles:18
mScheduledStops:true(255)
mHeadlights:false(0)
mSpeedLimiter:false(0)
mFrontTireCompoundIndex:false(0)
mRearTireCompoundIndex:false(0)
mFrontTireCompoundName:Medium
mRearTireCompoundName:Medium
mFrontFlapActivated:false(0)
mRearFlapActivated:false(0)
mRearFlapLegalStatus:Disallowed(0)
mIgnitionStarter:Off(0)
mSpeedLimiterAvailable:true(1)
mAntiStallActivated:false(0)
mStartLight:0
mNumRedLights:5
mNumPitstops:0
mNumPenalties:0
mLapsBehindNext:0
mLapsBehindLeader:0
mPlayerHeadlights:false(0)
mServerScored:true(1)
mQualification:18


07/25/2025 22:19:16
mGamePhase:GreenFlag(5)
mSession:Qualification(5)
mYellowFlagState:NoFlag(0)
mSector:1
mCurrentSector:0x80000000
mInRealtimeFC:false(0)
mInRealtimeSU:false(0)
mSectorFlag[0]:Unknown(11)
mSectorFlag[1]:Unknown(11)
mSectorFlag[2]:Unknown(11)
mControl:AI(1)
mInPits:true(1)
mIsPlayer:true(1)
***mPlace:15
mPitState:Unknown(5)
mIndividualPhase:GreenFlag(5)
mFlag:Green(0)
mUnderYellow:0
mCountLapFlag:CountLapButNotTime(1)
mInGarageStall:true(1)
mFinishStatus:None(0)
mLapNumber:0
mTotalLaps:0
mMaxLaps:2147483647

mNumVehicles:18
mScheduledStops:true(255)
mHeadlights:false(0)
mSpeedLimiter:false(0)
mFrontTireCompoundIndex:false(0)
mRearTireCompoundIndex:false(0)
mFrontTireCompoundName:Medium
mRearTireCompoundName:Medium
mFrontFlapActivated:false(0)
mRearFlapActivated:false(0)
mRearFlapLegalStatus:Disallowed(0)
mIgnitionStarter:Off(0)
mSpeedLimiterAvailable:true(1)
mAntiStallActivated:false(0)
mStartLight:0
mNumRedLights:5
mNumPitstops:0
mNumPenalties:0
mLapsBehindNext:0
mLapsBehindLeader:0
mPlayerHeadlights:false(0)
mServerScored:true(1)
mQualification:18


07/25/2025 22:19:30
mGamePhase:GreenFlag(5)
mSession:Qualification(5)
mYellowFlagState:NoFlag(0)
mSector:1
mCurrentSector:0x80000000
mInRealtimeFC:false(0)
mInRealtimeSU:false(0)
mSectorFlag[0]:Unknown(11)
mSectorFlag[1]:Unknown(11)
mSectorFlag[2]:Unknown(11)
mControl:AI(1)
mInPits:true(1)
mIsPlayer:true(1)
***mPlace:16
mPitState:Unknown(5)
mIndividualPhase:GreenFlag(5)
mFlag:Green(0)
mUnderYellow:0
mCountLapFlag:CountLapButNotTime(1)
mInGarageStall:true(1)
mFinishStatus:None(0)
mLapNumber:0
mTotalLaps:0
mMaxLaps:2147483647

mNumVehicles:18
mScheduledStops:true(255)
mHeadlights:false(0)
mSpeedLimiter:false(0)
mFrontTireCompoundIndex:false(0)
mRearTireCompoundIndex:false(0)
mFrontTireCompoundName:Medium
mRearTireCompoundName:Medium
mFrontFlapActivated:false(0)
mRearFlapActivated:false(0)
mRearFlapLegalStatus:Disallowed(0)
mIgnitionStarter:Off(0)
mSpeedLimiterAvailable:true(1)
mAntiStallActivated:false(0)
mStartLight:0
mNumRedLights:5
mNumPitstops:0
mNumPenalties:0
mLapsBehindNext:0
mLapsBehindLeader:0
mPlayerHeadlights:false(0)
mServerScored:true(1)
mQualification:18


07/25/2025 22:19:40
mGamePhase:GreenFlag(5)
mSession:Qualification(5)
mYellowFlagState:NoFlag(0)
mSector:1
mCurrentSector:0x80000000
mInRealtimeFC:false(0)
mInRealtimeSU:false(0)
mSectorFlag[0]:Unknown(11)
mSectorFlag[1]:Unknown(11)
mSectorFlag[2]:Unknown(11)
mControl:AI(1)
mInPits:true(1)
mIsPlayer:true(1)
***mPlace:17
mPitState:Unknown(5)
mIndividualPhase:GreenFlag(5)
mFlag:Green(0)
mUnderYellow:0
mCountLapFlag:CountLapButNotTime(1)
mInGarageStall:true(1)
mFinishStatus:None(0)
mLapNumber:0
mTotalLaps:0
mMaxLaps:2147483647

mNumVehicles:18
mScheduledStops:true(255)
mHeadlights:false(0)
mSpeedLimiter:false(0)
mFrontTireCompoundIndex:false(0)
mRearTireCompoundIndex:false(0)
mFrontTireCompoundName:Medium
mRearTireCompoundName:Medium
mFrontFlapActivated:false(0)
mRearFlapActivated:false(0)
mRearFlapLegalStatus:Disallowed(0)
mIgnitionStarter:Off(0)
mSpeedLimiterAvailable:true(1)
mAntiStallActivated:false(0)
mStartLight:0
mNumRedLights:5
mNumPitstops:0
mNumPenalties:0
mLapsBehindNext:0
mLapsBehindLeader:0
mPlayerHeadlights:false(0)
mServerScored:true(1)
mQualification:18


07/25/2025 22:20:08
mGamePhase:GreenFlag(5)
mSession:Qualification(5)
mYellowFlagState:NoFlag(0)
mSector:1
mCurrentSector:0x80000000
mInRealtimeFC:false(0)
mInRealtimeSU:false(0)
mSectorFlag[0]:Unknown(11)
mSectorFlag[1]:Unknown(11)
mSectorFlag[2]:Unknown(11)
mControl:AI(1)
mInPits:true(1)
mIsPlayer:true(1)
***mPlace:18
mPitState:Unknown(5)
mIndividualPhase:GreenFlag(5)
mFlag:Green(0)
mUnderYellow:0
mCountLapFlag:CountLapButNotTime(1)
mInGarageStall:true(1)
mFinishStatus:None(0)
mLapNumber:0
mTotalLaps:0
mMaxLaps:2147483647

mNumVehicles:18
mScheduledStops:true(255)
mHeadlights:false(0)
mSpeedLimiter:false(0)
mFrontTireCompoundIndex:false(0)
mRearTireCompoundIndex:false(0)
mFrontTireCompoundName:Medium
mRearTireCompoundName:Medium
mFrontFlapActivated:false(0)
mRearFlapActivated:false(0)
mRearFlapLegalStatus:Disallowed(0)
mIgnitionStarter:Off(0)
mSpeedLimiterAvailable:true(1)
mAntiStallActivated:false(0)
mStartLight:0
mNumRedLights:5
mNumPitstops:0
mNumPenalties:0
mLapsBehindNext:0
mLapsBehindLeader:0
mPlayerHeadlights:false(0)
mServerScored:true(1)
mQualification:18


07/25/2025 22:21:26
***mGamePhase:PausedOrHeartbeat(9)
***mSession:WarmUp(9)
mYellowFlagState:NoFlag(0)
mSector:1
mCurrentSector:0x80000000
mInRealtimeFC:false(0)
mInRealtimeSU:false(0)
mSectorFlag[0]:Unknown(11)
mSectorFlag[1]:Unknown(11)
mSectorFlag[2]:Unknown(11)
mControl:AI(1)
mInPits:true(1)
mIsPlayer:true(1)
mPlace:18
mPitState:Unknown(5)
mIndividualPhase:GreenFlag(5)
mFlag:Green(0)
mUnderYellow:0
mCountLapFlag:CountLapButNotTime(1)
mInGarageStall:true(1)
***mFinishStatus:Finished(1)
mLapNumber:0
mTotalLaps:0
mMaxLaps:2147483647

mNumVehicles:18
mScheduledStops:true(255)
mHeadlights:false(0)
mSpeedLimiter:false(0)
mFrontTireCompoundIndex:false(0)
mRearTireCompoundIndex:false(0)
mFrontTireCompoundName:Medium
mRearTireCompoundName:Medium
mFrontFlapActivated:false(0)
mRearFlapActivated:false(0)
mRearFlapLegalStatus:Disallowed(0)
mIgnitionStarter:Off(0)
mSpeedLimiterAvailable:true(1)
mAntiStallActivated:false(0)
mStartLight:0
mNumRedLights:5
mNumPitstops:0
mNumPenalties:0
***mLapsBehindNext:11
***mLapsBehindLeader:11
mPlayerHeadlights:false(0)
mServerScored:true(1)
mQualification:18


07/25/2025 22:32:20
mGamePhase:PausedOrHeartbeat(9)
***mSession:Race(10)
mYellowFlagState:NoFlag(0)
mSector:1
***mCurrentSector:0x00000000
***mInRealtimeFC:true(1)
mInRealtimeSU:false(0)
mSectorFlag[0]:Unknown(11)
mSectorFlag[1]:Unknown(11)
mSectorFlag[2]:Unknown(11)
mControl:AI(1)
***mInPits:false(0)
mIsPlayer:true(1)
mPlace:18
***mPitState:None(0)
***mIndividualPhase:Formation(3)
mFlag:Green(0)
mUnderYellow:0
***mCountLapFlag:DoNotCountLap(0)
***mInGarageStall:false(0)
***mFinishStatus:None(0)
mLapNumber:0
mTotalLaps:0
mMaxLaps:2147483647

mNumVehicles:18
mScheduledStops:true(255)
mHeadlights:false(0)
mSpeedLimiter:false(0)
mFrontTireCompoundIndex:false(0)
mRearTireCompoundIndex:false(0)
mFrontTireCompoundName:Medium
mRearTireCompoundName:Medium
mFrontFlapActivated:false(0)
mRearFlapActivated:false(0)
mRearFlapLegalStatus:Disallowed(0)
mIgnitionStarter:Off(0)
mSpeedLimiterAvailable:true(1)
mAntiStallActivated:false(0)
mStartLight:0
mNumRedLights:5
mNumPitstops:0
mNumPenalties:0
***mLapsBehindNext:0
***mLapsBehindLeader:0
mPlayerHeadlights:false(0)
mServerScored:true(1)
mQualification:18


07/25/2025 22:32:20
***mGamePhase:Garage(0)
mSession:Race(10)
mYellowFlagState:NoFlag(0)
mSector:1
mCurrentSector:0x00000000
mInRealtimeFC:true(1)
***mInRealtimeSU:true(1)
mSectorFlag[0]:Unknown(11)
mSectorFlag[1]:Unknown(11)
mSectorFlag[2]:Unknown(11)
***mControl:Player(0)
mInPits:false(0)
mIsPlayer:true(1)
mPlace:18
mPitState:None(0)
mIndividualPhase:Formation(3)
mFlag:Green(0)
mUnderYellow:0
mCountLapFlag:DoNotCountLap(0)
mInGarageStall:false(0)
mFinishStatus:None(0)
mLapNumber:0
mTotalLaps:0
mMaxLaps:2147483647

mNumVehicles:18
mScheduledStops:true(255)
mHeadlights:false(0)
mSpeedLimiter:false(0)
mFrontTireCompoundIndex:false(0)
mRearTireCompoundIndex:false(0)
mFrontTireCompoundName:Medium
mRearTireCompoundName:Medium
mFrontFlapActivated:false(0)
mRearFlapActivated:false(0)
mRearFlapLegalStatus:Disallowed(0)
mIgnitionStarter:Off(0)
mSpeedLimiterAvailable:true(1)
mAntiStallActivated:false(0)
***mStartLight:1
mNumRedLights:5
mNumPitstops:0
mNumPenalties:0
mLapsBehindNext:0
mLapsBehindLeader:0
mPlayerHeadlights:false(0)
mServerScored:true(1)
mQualification:18


07/25/2025 22:34:50
mGamePhase:Garage(0)
mSession:Race(10)
mYellowFlagState:NoFlag(0)
mSector:1
mCurrentSector:0x00000000
mInRealtimeFC:true(1)
mInRealtimeSU:true(1)
mSectorFlag[0]:Unknown(11)
mSectorFlag[1]:Unknown(11)
mSectorFlag[2]:Unknown(11)
mControl:Player(0)
mInPits:false(0)
mIsPlayer:true(1)
mPlace:18
mPitState:None(0)
mIndividualPhase:Formation(3)
mFlag:Green(0)
mUnderYellow:0
mCountLapFlag:DoNotCountLap(0)
mInGarageStall:false(0)
mFinishStatus:None(0)
mLapNumber:0
mTotalLaps:0
mMaxLaps:2147483647

mNumVehicles:18
mScheduledStops:true(255)
mHeadlights:false(0)
mSpeedLimiter:false(0)
mFrontTireCompoundIndex:false(0)
mRearTireCompoundIndex:false(0)
mFrontTireCompoundName:Medium
mRearTireCompoundName:Medium
mFrontFlapActivated:false(0)
mRearFlapActivated:false(0)
mRearFlapLegalStatus:Disallowed(0)
***mIgnitionStarter:Ignition(1)
mSpeedLimiterAvailable:true(1)
mAntiStallActivated:false(0)
mStartLight:1
mNumRedLights:5
mNumPitstops:0
mNumPenalties:0
mLapsBehindNext:0
mLapsBehindLeader:0
mPlayerHeadlights:false(0)
mServerScored:true(1)
mQualification:18


07/25/2025 22:34:50
mGamePhase:Garage(0)
mSession:Race(10)
mYellowFlagState:NoFlag(0)
mSector:1
mCurrentSector:0x00000000
mInRealtimeFC:true(1)
mInRealtimeSU:true(1)
mSectorFlag[0]:Unknown(11)
mSectorFlag[1]:Unknown(11)
mSectorFlag[2]:Unknown(11)
mControl:Player(0)
mInPits:false(0)
mIsPlayer:true(1)
mPlace:18
mPitState:None(0)
mIndividualPhase:Formation(3)
mFlag:Green(0)
mUnderYellow:0
mCountLapFlag:DoNotCountLap(0)
mInGarageStall:false(0)
mFinishStatus:None(0)
mLapNumber:0
mTotalLaps:0
mMaxLaps:2147483647

mNumVehicles:18
mScheduledStops:true(255)
mHeadlights:false(0)
mSpeedLimiter:false(0)
mFrontTireCompoundIndex:false(0)
mRearTireCompoundIndex:false(0)
mFrontTireCompoundName:Medium
mRearTireCompoundName:Medium
mFrontFlapActivated:false(0)
mRearFlapActivated:false(0)
mRearFlapLegalStatus:Disallowed(0)
***mIgnitionStarter:IgnitionAndStarter(2)
mSpeedLimiterAvailable:true(1)
mAntiStallActivated:false(0)
mStartLight:1
mNumRedLights:5
mNumPitstops:0
mNumPenalties:0
mLapsBehindNext:0
mLapsBehindLeader:0
mPlayerHeadlights:false(0)
mServerScored:true(1)
mQualification:18


07/25/2025 22:34:50
mGamePhase:Garage(0)
mSession:Race(10)
mYellowFlagState:NoFlag(0)
mSector:1
mCurrentSector:0x00000000
mInRealtimeFC:true(1)
mInRealtimeSU:true(1)
mSectorFlag[0]:Unknown(11)
mSectorFlag[1]:Unknown(11)
mSectorFlag[2]:Unknown(11)
mControl:Player(0)
mInPits:false(0)
mIsPlayer:true(1)
mPlace:18
mPitState:None(0)
mIndividualPhase:Formation(3)
mFlag:Green(0)
mUnderYellow:0
mCountLapFlag:DoNotCountLap(0)
mInGarageStall:false(0)
mFinishStatus:None(0)
mLapNumber:0
mTotalLaps:0
mMaxLaps:2147483647

mNumVehicles:18
mScheduledStops:true(255)
mHeadlights:false(0)
mSpeedLimiter:false(0)
mFrontTireCompoundIndex:false(0)
mRearTireCompoundIndex:false(0)
mFrontTireCompoundName:Medium
mRearTireCompoundName:Medium
mFrontFlapActivated:false(0)
mRearFlapActivated:false(0)
mRearFlapLegalStatus:Disallowed(0)
***mIgnitionStarter:Ignition(1)
mSpeedLimiterAvailable:true(1)
mAntiStallActivated:false(0)
mStartLight:1
mNumRedLights:5
mNumPitstops:0
mNumPenalties:0
mLapsBehindNext:0
mLapsBehindLeader:0
mPlayerHeadlights:false(0)
mServerScored:true(1)
mQualification:18


07/25/2025 22:34:52
mGamePhase:Garage(0)
mSession:Race(10)
mYellowFlagState:NoFlag(0)
mSector:1
mCurrentSector:0x00000000
mInRealtimeFC:true(1)
mInRealtimeSU:true(1)
***mSectorFlag[0]:PitLeadLap(3)
mSectorFlag[1]:Unknown(11)
mSectorFlag[2]:Unknown(11)
mControl:Player(0)
mInPits:false(0)
mIsPlayer:true(1)
mPlace:18
mPitState:None(0)
mIndividualPhase:Formation(3)
mFlag:Green(0)
mUnderYellow:0
mCountLapFlag:DoNotCountLap(0)
mInGarageStall:false(0)
mFinishStatus:None(0)
mLapNumber:0
mTotalLaps:0
mMaxLaps:2147483647

mNumVehicles:18
mScheduledStops:true(255)
mHeadlights:false(0)
mSpeedLimiter:false(0)
mFrontTireCompoundIndex:false(0)
mRearTireCompoundIndex:false(0)
mFrontTireCompoundName:Medium
mRearTireCompoundName:Medium
mFrontFlapActivated:false(0)
mRearFlapActivated:false(0)
mRearFlapLegalStatus:Disallowed(0)
mIgnitionStarter:Ignition(1)
mSpeedLimiterAvailable:true(1)
mAntiStallActivated:false(0)
mStartLight:1
mNumRedLights:5
mNumPitstops:0
mNumPenalties:0
mLapsBehindNext:0
mLapsBehindLeader:0
mPlayerHeadlights:false(0)
mServerScored:true(1)
mQualification:18



************************************************************************************
* NEW SESSION **********************************************************************
************************************************************************************

07/25/2025 22:34:55
***mGamePhase:Formation(3)
mSession:Race(10)
mYellowFlagState:NoFlag(0)
***mSector:3
***mCurrentSector:0x00000002
mInRealtimeFC:true(1)
mInRealtimeSU:true(1)
mSectorFlag[0]:PitLeadLap(3)
mSectorFlag[1]:Unknown(11)
mSectorFlag[2]:Unknown(11)
mControl:Player(0)
mInPits:false(0)
mIsPlayer:true(1)
mPlace:18
mPitState:None(0)
mIndividualPhase:Formation(3)
mFlag:Green(0)
mUnderYellow:0
mCountLapFlag:DoNotCountLap(0)
mInGarageStall:false(0)
mFinishStatus:None(0)
mLapNumber:0
mTotalLaps:0
mMaxLaps:2147483647

mNumVehicles:18
mScheduledStops:true(255)
mHeadlights:false(0)
mSpeedLimiter:false(0)
mFrontTireCompoundIndex:false(0)
mRearTireCompoundIndex:false(0)
mFrontTireCompoundName:Medium
mRearTireCompoundName:Medium
mFrontFlapActivated:false(0)
mRearFlapActivated:false(0)
mRearFlapLegalStatus:Disallowed(0)
mIgnitionStarter:Ignition(1)
mSpeedLimiterAvailable:true(1)
mAntiStallActivated:false(0)
mStartLight:1
mNumRedLights:5
mNumPitstops:0
mNumPenalties:0
mLapsBehindNext:0
mLapsBehindLeader:0
mPlayerHeadlights:false(0)
mServerScored:true(1)
mQualification:18


07/25/2025 22:34:55
mGamePhase:Formation(3)
mSession:Race(10)
mYellowFlagState:NoFlag(0)
mSector:3
mCurrentSector:0x00000002
mInRealtimeFC:true(1)
mInRealtimeSU:true(1)
mSectorFlag[0]:PitLeadLap(3)
mSectorFlag[1]:Unknown(11)
mSectorFlag[2]:Unknown(11)
mControl:Player(0)
mInPits:false(0)
mIsPlayer:true(1)
mPlace:18
mPitState:None(0)
mIndividualPhase:Formation(3)
mFlag:Green(0)
mUnderYellow:0
mCountLapFlag:DoNotCountLap(0)
mInGarageStall:false(0)
mFinishStatus:None(0)
mLapNumber:0
mTotalLaps:0
mMaxLaps:2147483647

mNumVehicles:18
mScheduledStops:true(255)
mHeadlights:false(0)
mSpeedLimiter:false(0)
mFrontTireCompoundIndex:false(0)
mRearTireCompoundIndex:false(0)
mFrontTireCompoundName:Medium
mRearTireCompoundName:Medium
mFrontFlapActivated:false(0)
mRearFlapActivated:false(0)
mRearFlapLegalStatus:Disallowed(0)
mIgnitionStarter:Ignition(1)
mSpeedLimiterAvailable:true(1)
mAntiStallActivated:false(0)
***mStartLight:0
mNumRedLights:5
mNumPitstops:0
mNumPenalties:0
mLapsBehindNext:0
mLapsBehindLeader:0
mPlayerHeadlights:false(0)
mServerScored:true(1)
mQualification:18


07/25/2025 22:34:55
mGamePhase:Formation(3)
mSession:Race(10)
mYellowFlagState:NoFlag(0)
mSector:3
mCurrentSector:0x00000002
mInRealtimeFC:true(1)
mInRealtimeSU:true(1)
***mSectorFlag[0]:Unknown(11)
mSectorFlag[1]:Unknown(11)
mSectorFlag[2]:Unknown(11)
mControl:Player(0)
mInPits:false(0)
mIsPlayer:true(1)
mPlace:18
mPitState:None(0)
mIndividualPhase:Formation(3)
mFlag:Green(0)
mUnderYellow:0
mCountLapFlag:DoNotCountLap(0)
mInGarageStall:false(0)
mFinishStatus:None(0)
mLapNumber:0
mTotalLaps:0
mMaxLaps:2147483647

mNumVehicles:18
mScheduledStops:true(255)
mHeadlights:false(0)
mSpeedLimiter:false(0)
mFrontTireCompoundIndex:false(0)
mRearTireCompoundIndex:false(0)
mFrontTireCompoundName:Medium
mRearTireCompoundName:Medium
mFrontFlapActivated:false(0)
mRearFlapActivated:false(0)
mRearFlapLegalStatus:Disallowed(0)
mIgnitionStarter:Ignition(1)
mSpeedLimiterAvailable:true(1)
mAntiStallActivated:false(0)
mStartLight:0
mNumRedLights:5
mNumPitstops:0
mNumPenalties:0
mLapsBehindNext:0
mLapsBehindLeader:0
mPlayerHeadlights:false(0)
mServerScored:true(1)
mQualification:18


07/25/2025 22:38:04
mGamePhase:Formation(3)
mSession:Race(10)
mYellowFlagState:NoFlag(0)
mSector:3
***mCurrentSector:0x80000002
***mInRealtimeFC:false(0)
mInRealtimeSU:true(1)
mSectorFlag[0]:Unknown(11)
mSectorFlag[1]:Unknown(11)
mSectorFlag[2]:Unknown(11)
mControl:Player(0)
mInPits:false(0)
mIsPlayer:true(1)
mPlace:18
mPitState:None(0)
mIndividualPhase:Formation(3)
mFlag:Green(0)
mUnderYellow:0
mCountLapFlag:DoNotCountLap(0)
mInGarageStall:false(0)
mFinishStatus:None(0)
mLapNumber:0
mTotalLaps:0
mMaxLaps:2147483647

mNumVehicles:18
mScheduledStops:true(255)
mHeadlights:false(0)
mSpeedLimiter:false(0)
mFrontTireCompoundIndex:false(0)
mRearTireCompoundIndex:false(0)
mFrontTireCompoundName:Medium
mRearTireCompoundName:Medium
mFrontFlapActivated:false(0)
mRearFlapActivated:false(0)
mRearFlapLegalStatus:Disallowed(0)
***mIgnitionStarter:Off(0)
mSpeedLimiterAvailable:true(1)
mAntiStallActivated:false(0)
mStartLight:0
mNumRedLights:5
mNumPitstops:0
mNumPenalties:0
mLapsBehindNext:0
mLapsBehindLeader:0
mPlayerHeadlights:false(0)
mServerScored:true(1)
mQualification:18

