

************************************************************************************
* NEW SESSION **********************************************************************
************************************************************************************


08/13/2025 17:31:59    Sector: 3  ***************************************************** 

Player: Geoffrey Rigal
currLapET: 01:10:963    lastLapTime: 0    currLapTime: 02:25:037    bestLapTime: -1
lastS1: -1    lastS2: -1    lastS3: -1
currS1: 00:52:677    currS2: 01:00:841    currS3: -1
bestS1: -1    bestS2: -1    bestS3: -1    bestTotal: -3



Pos:  Lap:      Best Tracked:      Best S1:      Best S2:      Best S3:     Col. Assigned:    Pos. Assigned:    Name | Class | Vehicle:
    1       1                    -1           -1           -1           -1         LeftLane            0    Kévin Estre | Hyper | Porsche Penske Motorsport 2025 #6:LM
    2       1                    -1           -1           -1           -1         LeftLane            0    Paul-Loup Chatin | Hyper | Alpine Endurance Team 2025 #35:LM
    3       1                    -1           -1           -1           -1         LeftLane            0    Dries Vanthoor | Hyper | BMW M Team WRT 2025 #15:LM
    4       1                    -1           -1           -1           -1         LeftLane            0    Felipe Nasr | Hyper | Porsche Penske Motorsport 2025 #4:LM
    5       1                    -1           -1           -1           -1         LeftLane            0    Tom Gamble | Hyper | Aston Martin THOR Team 2025 #007:LM
    6       1                    -1           -1           -1           -1         LeftLane            0    Alex Riberas | Hyper | Aston Martin THOR Team 2025 #009:LM
    7       1                    -1           -1           -1           -1         LeftLane            0    Mike Conway | Hyper | Toyota Gazoo Racing 2025 #7:LM
    8       1                    -1           -1           -1           -1         LeftLane            0    Jules Gounon | Hyper | Alpine Endurance Team 2025 #36:LM
    9       1                    -1           -1           -1           -1         LeftLane            0    Norman Nato | Hyper | Cadillac Hertz Team Jota 2025 #12:LM
   10       1                    -1           -1           -1           -1         LeftLane            0    Julien Andlauer | Hyper | Porsche Penske Motorsport 2025 #5:LM
   11       1                    -1           -1           -1           -1         LeftLane            0    Sébastien Buemi | Hyper | Toyota Gazoo Racing 2025 #8:LM
   12       1                    -1           -1           -1           -1         LeftLane            0    Sheldon van der Linde | Hyper | BMW M Team WRT 2025 #20:LM
   13       1                    -1           -1           -1           -1         LeftLane            0    Paul Larfargue | LMP2 | IDEC Sport 2024 #28:LM
   14       1                    -1           -1           -1           -1         LeftLane            0    Lorenzo Fluxa | LMP2 | Cool Racing 2024 #37:LM
   15       1                    -1           -1           -1           -1         LeftLane            0    Ben Keating | LMP2 | United Autosports USA 2024 #23:LM
   16       1                    -1           -1           -1           -1         LeftLane            0    Fabio Scherer | LMP2 | Nielsen Racing 2024 #24:LM
   17       1                    -1           -1           -1           -1         LeftLane            0    Ryan Cullen | LMP2 | Vector Sport 2024 #10:LM
   18       1                    -1           -1           -1           -1         LeftLane            0    Alexander Mattschull | LMP2 | DKR Engineering 2024 #33:LM
   19       1                    -1           -1           -1           -1         LeftLane            0    George Kurtz | LMP2 | Crowdstrike Racing by APR 2024 #45:LM
   20       1                    -1           -1           -1           -1         LeftLane            0    John Falb | LMP2 | Duqueine Team 2024 #30:LM
   21       1                    -1           -1           -1           -1         LeftLane            0    Jonas Reid | LMP2 | Proton Competition 2024 #9:LM
   22       1                    -1           -1           -1           -1         LeftLane            0    PJ Hyett | LMP2 | AO by TF 2024 #14:LM
   23       1                    -1           -1           -1           -1         LeftLane            0    Matthias Kaiser | LMP2 | Algarve Pro Racing 2024 #25:LM
   24       1                    -1           -1           -1           -1         LeftLane            0    Jakub Smiechowski | LMP2 | Inter Europol Competition 2024 #34:LM
   25       0                    -1           -1           -1           -1         LeftLane            0    Geoffrey Rigal | LMP2 | United Autosports 2024 #22:LM
   26       0                    -1           -1           -1           -1         LeftLane            0    Brenton Grove | GT3 | Iron Lynx 2025 #63:LM
   27       0                    -1           -1           -1           -1         LeftLane            0    Francesco Castellacci | GT3 | Vista AF Corse 2025 #54:LM
   28       0                    -1           -1           -1           -1         LeftLane            0    Lin Hodenius | GT3 | Iron Lynx 2025 #61:LM
   29       0                    -1           -1           -1           -1         LeftLane            0    Takeshi Kimura | GT3 | Kessel Racing 2025 #57:LM
   30       0                    -1           -1           -1           -1         LeftLane            0    Matt Bell | GT3 | AWA Racing 2025 #13:LM
   31       0                    -1           -1           -1           -1         LeftLane            0    Jonny Edgar | GT3 | TF Sport 2025 #33:LM
   32       0                    -1           -1           -1           -1         LeftLane            0    Ahmad Al Harthy | GT3 | Team WRT 2025 #46:LM
   33       0                    -1           -1           -1           -1         LeftLane            0    James Cottingham | GT3 | United Autosports 2025 #59:LM
   34       0                    -1           -1           -1           -1         LeftLane            0    Andrew Gilbert | GT3 | Iron Lynx 2025 #60:LM
   35       0                    -1           -1           -1           -1         LeftLane            0    Timur Boguslavskiy | GT3 | The Bend Team WRT 2025 #31:LM
   36       0                    -1           -1           -1           -1         LeftLane            0    François Heriau | GT3 | Vista AF Corse 2025 #21:LM
   37       0                    -1           -1           -1           -1         LeftLane            0    Ian James | GT3 | Heart of Racing Team 2025 #27:LM
   38       0                    -1           -1           -1           -1         LeftLane            0    Eduardo Barrichello | GT3 | Racing Spirit of Léman 2025 #10:LM
    


08/13/2025 17:38:19    Sector: 1  ***************************************************** 

Player: Geoffrey Rigal
currLapET: 03:57:855    lastLapTime: 02:46:893    currLapTime: 00:00:145    bestLapTime: -1
lastS1: 00:52:677    lastS2: 01:00:841    lastS3: 00:53:374
currS1: 00:52:677    currS2: 01:00:841    currS3: 00:53:374
bestS1: -1    bestS2: -1    bestS3: -1    bestTotal: -3

Player delta current vs session best:    deltaCurrSelfBestLapTime: +3.188
deltaCurrSelfBestS1: -2.100    deltaCurrSelfBestS2: -5.687    deltaCurrSelfBestS3: +10.975

Best Split: +3.188

Player delta current vs self best:    deltaSelfBestLapTime: +167.893
deltaSelfBestS1: +53.677    deltaSelfBestS2: +61.841    deltaBestS3: +54.374

Player delta best vs session best:    deltaBestLapTime: -164.705
deltaBestS1: -55.777    deltaBestS2: -67.529    deltaBestS3: -43.399


Fastest: Brenton Grove
currLapET: 03:54:667    lastLapTime: 02:43:705    currLapTime: 00:03:333    bestLapTime: 02:43:705
lastS1: 00:54:777    lastS2: 01:06:529    lastS3: 00:42:399
currS1: 00:54:777    currS2: 01:06:529    currS3: 00:42:399
bestS1: 00:54:777    bestS2: 01:06:529    bestS3: 00:42:399    bestTotal: 02:43:705

Pos:  Lap:      Best Tracked:      Best S1:      Best S2:      Best S3:     Col. Assigned:    Pos. Assigned:    Name | Class | Vehicle:
    1       1                    -1           -1           -1           -1         LeftLane            0    Kévin Estre | Hyper | Porsche Penske Motorsport 2025 #6:LM
    2       1                    -1           -1           -1           -1         LeftLane            0    Paul-Loup Chatin | Hyper | Alpine Endurance Team 2025 #35:LM
    3       1                    -1           -1           -1           -1         LeftLane            0    Dries Vanthoor | Hyper | BMW M Team WRT 2025 #15:LM
    4       1                    -1           -1           -1           -1         LeftLane            0    Felipe Nasr | Hyper | Porsche Penske Motorsport 2025 #4:LM
    5       1                    -1           -1           -1           -1         LeftLane            0    Tom Gamble | Hyper | Aston Martin THOR Team 2025 #007:LM
    6       1                    -1           -1           -1           -1         LeftLane            0    Alex Riberas | Hyper | Aston Martin THOR Team 2025 #009:LM
    7       1                    -1           -1           -1           -1         LeftLane            0    Mike Conway | Hyper | Toyota Gazoo Racing 2025 #7:LM
    8       1                    -1           -1           -1           -1         LeftLane            0    Jules Gounon | Hyper | Alpine Endurance Team 2025 #36:LM
    9       1                    -1           -1           -1           -1         LeftLane            0    Norman Nato | Hyper | Cadillac Hertz Team Jota 2025 #12:LM
   10       1                    -1           -1           -1           -1         LeftLane            0    Julien Andlauer | Hyper | Porsche Penske Motorsport 2025 #5:LM
   11       1                    -1           -1           -1           -1         LeftLane            0    Sébastien Buemi | Hyper | Toyota Gazoo Racing 2025 #8:LM
   12       1                    -1           -1           -1           -1         LeftLane            0    Sheldon van der Linde | Hyper | BMW M Team WRT 2025 #20:LM
   13       1                    -1           -1           -1           -1         LeftLane            0    Paul Larfargue | LMP2 | IDEC Sport 2024 #28:LM
   14       1                    -1           -1           -1           -1         LeftLane            0    Lorenzo Fluxa | LMP2 | Cool Racing 2024 #37:LM
   15       1                    -1           -1           -1           -1         LeftLane            0    Ben Keating | LMP2 | United Autosports USA 2024 #23:LM
   16       1                    -1           -1           -1           -1         LeftLane            0    Fabio Scherer | LMP2 | Nielsen Racing 2024 #24:LM
   17       1                    -1           -1           -1           -1         LeftLane            0    Ryan Cullen | LMP2 | Vector Sport 2024 #10:LM
   18       1                    -1           -1           -1           -1         LeftLane            0    Alexander Mattschull | LMP2 | DKR Engineering 2024 #33:LM
   19       1                    -1           -1           -1           -1         LeftLane            0    George Kurtz | LMP2 | Crowdstrike Racing by APR 2024 #45:LM
   20       1                    -1           -1           -1           -1         LeftLane            0    John Falb | LMP2 | Duqueine Team 2024 #30:LM
   21       1                    -1           -1           -1           -1         LeftLane            0    Jonas Reid | LMP2 | Proton Competition 2024 #9:LM
   22       1                    -1           -1           -1           -1         LeftLane            0    PJ Hyett | LMP2 | AO by TF 2024 #14:LM
   23       1                    -1           -1           -1           -1         LeftLane            0    Matthias Kaiser | LMP2 | Algarve Pro Racing 2024 #25:LM
   24       1                    -1           -1           -1           -1         LeftLane            0    Jakub Smiechowski | LMP2 | Inter Europol Competition 2024 #34:LM
   25       1             02:43:705    00:54:777    01:06:529    00:42:399         LeftLane            0    Brenton Grove | GT3 | Iron Lynx 2025 #63:LM
   26       1             02:45:909    00:55:807    01:07:685    00:42:418         LeftLane            0    Francesco Castellacci | GT3 | Vista AF Corse 2025 #54:LM
   27       1             02:46:272    00:56:749    01:06:922    00:42:601         LeftLane            0    Lin Hodenius | GT3 | Iron Lynx 2025 #61:LM
   28       1                    -1           -1           -1           -1         LeftLane            0    Geoffrey Rigal | LMP2 | United Autosports 2024 #22:LM
   29       0                    -1           -1           -1           -1         LeftLane            0    Takeshi Kimura | GT3 | Kessel Racing 2025 #57:LM
   30       0                    -1           -1           -1           -1         LeftLane            0    Matt Bell | GT3 | AWA Racing 2025 #13:LM
   31       0                    -1           -1           -1           -1         LeftLane            0    Jonny Edgar | GT3 | TF Sport 2025 #33:LM
   32       0                    -1           -1           -1           -1         LeftLane            0    Ahmad Al Harthy | GT3 | Team WRT 2025 #46:LM
   33       0                    -1           -1           -1           -1         LeftLane            0    James Cottingham | GT3 | United Autosports 2025 #59:LM
   34       0                    -1           -1           -1           -1         LeftLane            0    Timur Boguslavskiy | GT3 | The Bend Team WRT 2025 #31:LM
   35       0                    -1           -1           -1           -1         LeftLane            0    Andrew Gilbert | GT3 | Iron Lynx 2025 #60:LM
   36       0                    -1           -1           -1           -1         LeftLane            0    Ian James | GT3 | Heart of Racing Team 2025 #27:LM
   37       0                    -1           -1           -1           -1         LeftLane            0    Eduardo Barrichello | GT3 | Racing Spirit of Léman 2025 #10:LM
   38       0                    -1           -1           -1           -1         LeftLane            0    François Heriau | GT3 | Vista AF Corse 2025 #21:LM
    
