

************************************************************************************
* NEW SESSION **********************************************************************
************************************************************************************

07/16/2025 23:38:27
mDentSeverity:0,0,0,0,0,0,0,0
***mLastImpactMagnitude:17.3
***mAccumulatedImpactMagnitude:3,263.9
***mMaxImpactMagnitude:916.7
***mLastImpactPos:x=1.0211 y=-0.2337 z=2.3596
***mLastImpactET:98.0800018310547
***mOverheating:0
***mDetached:0
***Front Wheels:Left Flat:0    Left Detached:0        Right Flat:0    Right Detached:0
***Rear Wheels:Left Flat:0    Left Detached:0        Right Flat:0    Right Detached:0


07/16/2025 23:42:04
***mDentSeverity:0,0,0,0,2,0,0,0
***mLastImpactMagnitude:3,434.8
mAccumulatedImpactMagnitude:3,263.9
mMaxImpactMagnitude:916.7
***mLastImpactPos:x=0.9924 y=-0.2268 z=2.3763
***mLastImpactET:579.419982910156
mOverheating:0
mDetached:0
Front Wheels:Left Flat:0    Left Detached:0        Right Flat:0    Right Detached:0
Rear Wheels:Left Flat:0    Left Detached:0        Right Flat:0    Right Detached:0


07/16/2025 23:42:04
mDentSeverity:0,0,0,0,2,0,0,0
mLastImpactMagnitude:3,434.8
***mAccumulatedImpactMagnitude:6,698.7
***mMaxImpactMagnitude:3,434.8
mLastImpactPos:x=0.9924 y=-0.2268 z=2.3763
mLastImpactET:579.419982910156
mOverheating:0
mDetached:0
Front Wheels:Left Flat:0    Left Detached:0        Right Flat:0    Right Detached:0
Rear Wheels:Left Flat:0    Left Detached:0        Right Flat:0    Right Detached:0

