

************************************************************************************
* NEW SESSION **********************************************************************
************************************************************************************


07/16/2025 23:38:27    Sector: 3  ***************************************************** 

Player: Geoffrey Rigal
currLapET: 03:52:381    lastLapTime: 02:40:298    currLapTime: 02:39:419    bestLapTime: -1
lastS1: 00:53:790    lastS2: 00:54:328    lastS3: 00:52:180
currS1: 01:10:731    currS2: 00:53:504    currS3: 00:52:180
bestS1: -1    bestS2: -1    bestS3: -1    bestTotal: -3



Pos:  Lap:      Best Tracked:      Best S1:      Best S2:      Best S3:     Col. Assigned:    Pos. Assigned:    Name | Class | Vehicle:
    1       2                    -1           -1           -1           -1         LeftLane            0    Matt Campbell | Hyper | Porsche Penske Motorsport 2024 #5:EC
    2       2                    -1           -1           -1           -1         LeftLane            0    Kévin Estre | Hyper | Porsche Penske Motorsport 2024 #6:EC
    3       2                    -1           -1           -1           -1         LeftLane            0    Nicolas Lapierre | Hyper | Alpine Endurance Team 2024 #36:EC
    4       2                    -1           -1           -1           -1         LeftLane            0    Dries Vanthoor | Hyper | BMW M Team WRT 2024 #15:PL
    5       2                    -1           -1           -1           -1         LeftLane            0    Sébastien Buemi | Hyper | Toyota Gazoo Racing 2024 #8:EC
    6       2                    -1           -1           -1           -1         LeftLane            0    Mirko Bortolotti | Hyper | Lamborghini Iron Lynx 2024 #63:EC
    7       2                    -1           -1           -1           -1         LeftLane            0    Stoffel Vandoorne | Hyper | Peugeot TotalEnergies 2024 #94:EC
    8       2                    -1           -1           -1           -1         LeftLane            0    Nico Müller | Hyper | Peugeot TotalEnergies 2024 #93:EC
    9       2                    -1           -1           -1           -1         LeftLane            0    William Stevens | Hyper | Hertz Team Jota 2024 #12:EC
   10       2                    -1           -1           -1           -1         LeftLane            0    Mike Conway | Hyper | Toyota Gazoo Racing 2024 #7:EC
   11       2                    -1           -1           -1           -1         LeftLane            0    Robert Kubica | Hyper | AF Corse 2024 #83:JKR
   12       2                    -1           -1           -1           -1         LeftLane            0    Oliver Rasmussen | Hyper | Hertz Team Jota 2024 #38:EC
   13       2                    -1           -1           -1           -1         LeftLane            0    Antonio Fuoco | Hyper | Ferrari AF Corse 2024 #50:JKR
   14       2                    -1           -1           -1           -1         LeftLane            0    Neel Jani | Hyper | Proton Competition 2024 #99:EC
   15       2                    -1           -1           -1           -1         LeftLane            0    Alessandro Pier Guidi | Hyper | Ferrari AF Corse 2024 #51:JKR
   16       2                    -1           -1           -1           -1         LeftLane            0    Sheldon van der Linde | Hyper | BMW M Team WRT 2024 #20:PL
   17       2                    -1           -1           -1           -1         LeftLane            0    Earl Bamber | Hyper | Cadillac Racing 2024 #2:EC
   18       1                    -1           -1           -1           -1         LeftLane            0    Geoffrey Rigal | Hyper | Alpine Endurance Team 2024 #35:LM
    


07/16/2025 23:39:21    Sector: 1  ***************************************************** 

Player: Geoffrey Rigal
currLapET: 06:56:570    lastLapTime: 03:04:189    currLapTime: 00:00:030    bestLapTime: -1
lastS1: 01:10:731    lastS2: 00:53:504    lastS3: 00:59:955
currS1: 01:10:731    currS2: 00:53:504    currS3: 00:59:955
bestS1: -1    bestS2: -1    bestS3: -1    bestTotal: -3



Pos:  Lap:      Best Tracked:      Best S1:      Best S2:      Best S3:     Col. Assigned:    Pos. Assigned:    Name | Class | Vehicle:
    1       2                    -1           -1           -1           -1         LeftLane            0    Matt Campbell | Hyper | Porsche Penske Motorsport 2024 #5:EC
    2       2                    -1           -1           -1           -1         LeftLane            0    Kévin Estre | Hyper | Porsche Penske Motorsport 2024 #6:EC
    3       2                    -1           -1           -1           -1         LeftLane            0    Nicolas Lapierre | Hyper | Alpine Endurance Team 2024 #36:EC
    4       2                    -1           -1           -1           -1         LeftLane            0    Dries Vanthoor | Hyper | BMW M Team WRT 2024 #15:PL
    5       2                    -1           -1           -1           -1         LeftLane            0    Sébastien Buemi | Hyper | Toyota Gazoo Racing 2024 #8:EC
    6       2                    -1           -1           -1           -1         LeftLane            0    Mirko Bortolotti | Hyper | Lamborghini Iron Lynx 2024 #63:EC
    7       2                    -1           -1           -1           -1         LeftLane            0    Stoffel Vandoorne | Hyper | Peugeot TotalEnergies 2024 #94:EC
    8       2                    -1           -1           -1           -1         LeftLane            0    Nico Müller | Hyper | Peugeot TotalEnergies 2024 #93:EC
    9       2                    -1           -1           -1           -1         LeftLane            0    William Stevens | Hyper | Hertz Team Jota 2024 #12:EC
   10       2                    -1           -1           -1           -1         LeftLane            0    Mike Conway | Hyper | Toyota Gazoo Racing 2024 #7:EC
   11       2                    -1           -1           -1           -1         LeftLane            0    Robert Kubica | Hyper | AF Corse 2024 #83:JKR
   12       2                    -1           -1           -1           -1         LeftLane            0    Oliver Rasmussen | Hyper | Hertz Team Jota 2024 #38:EC
   13       2                    -1           -1           -1           -1         LeftLane            0    Antonio Fuoco | Hyper | Ferrari AF Corse 2024 #50:JKR
   14       2                    -1           -1           -1           -1         LeftLane            0    Neel Jani | Hyper | Proton Competition 2024 #99:EC
   15       2                    -1           -1           -1           -1         LeftLane            0    Alessandro Pier Guidi | Hyper | Ferrari AF Corse 2024 #51:JKR
   16       2                    -1           -1           -1           -1         LeftLane            0    Sheldon van der Linde | Hyper | BMW M Team WRT 2024 #20:PL
   17       2                    -1           -1           -1           -1         LeftLane            0    Earl Bamber | Hyper | Cadillac Racing 2024 #2:EC
   18       2                    -1           -1           -1           -1         LeftLane            0    Geoffrey Rigal | Hyper | Alpine Endurance Team 2024 #35:LM
    


07/16/2025 23:39:57    Sector: 2  ***************************************************** 

Player: Geoffrey Rigal
currLapET: 06:56:570    lastLapTime: 03:04:189    currLapTime: 00:36:030    bestLapTime: 03:04:189
lastS1: 01:10:731    lastS2: 00:53:504    lastS3: 00:59:955
currS1: 00:35:976    currS2: 00:53:504    currS3: 00:59:955
bestS1: 01:10:731    bestS2: 00:53:504    bestS3: 00:59:955    bestTotal: 03:04:189

Player delta current vs session best:    deltaCurrSelfBestLapTime: +61.109
deltaCurrSelfBestS1: +2.390    deltaCurrSelfBestS2: +7.598    deltaCurrSelfBestS3: +16.366

Best Split: +2.390

Player delta current vs self best:    deltaSelfBestLapTime: 0.000
deltaSelfBestS1: -34.755    deltaSelfBestS2: 0.000    deltaBestS3: 0.000

Player delta best vs session best:    deltaBestLapTime: +61.109
deltaBestS1: +37.145    deltaBestS2: +7.598    deltaBestS3: +16.366


Fastest: Matt Campbell
currLapET: 07:26:824    lastLapTime: 02:03:080    currLapTime: 00:05:776    bestLapTime: 02:03:080
lastS1: 00:33:585    lastS2: 00:45:906    lastS3: 00:43:588
currS1: 00:33:585    currS2: 00:45:906    currS3: 00:43:588
bestS1: 00:33:585    bestS2: 00:45:906    bestS3: 00:43:588    bestTotal: 02:03:080

Pos:  Lap:      Best Tracked:      Best S1:      Best S2:      Best S3:     Col. Assigned:    Pos. Assigned:    Name | Class | Vehicle:
    1       3             02:03:080    00:33:585    00:45:906    00:43:588         LeftLane            0    Matt Campbell | Hyper | Porsche Penske Motorsport 2024 #5:EC
    2       3             02:03:277    00:33:658    00:46:045    00:43:575         LeftLane            0    Kévin Estre | Hyper | Porsche Penske Motorsport 2024 #6:EC
    3       3             02:03:573    00:33:495    00:46:158    00:43:919         LeftLane            0    Nicolas Lapierre | Hyper | Alpine Endurance Team 2024 #36:EC
    4       3             02:03:809    00:33:614    00:46:141    00:44:055         LeftLane            0    Dries Vanthoor | Hyper | BMW M Team WRT 2024 #15:PL
    5       3             02:03:101    00:33:184    00:45:998    00:43:919         LeftLane            0    Sébastien Buemi | Hyper | Toyota Gazoo Racing 2024 #8:EC
    6       3             02:03:224    00:33:526    00:46:134    00:43:564         LeftLane            0    Mirko Bortolotti | Hyper | Lamborghini Iron Lynx 2024 #63:EC
    7       2                    -1           -1           -1           -1         LeftLane            0    Stoffel Vandoorne | Hyper | Peugeot TotalEnergies 2024 #94:EC
    8       2                    -1           -1           -1           -1         LeftLane            0    Nico Müller | Hyper | Peugeot TotalEnergies 2024 #93:EC
    9       2                    -1           -1           -1           -1         LeftLane            0    William Stevens | Hyper | Hertz Team Jota 2024 #12:EC
   10       2                    -1           -1           -1           -1         LeftLane            0    Mike Conway | Hyper | Toyota Gazoo Racing 2024 #7:EC
   11       2                    -1           -1           -1           -1         LeftLane            0    Robert Kubica | Hyper | AF Corse 2024 #83:JKR
   12       2                    -1           -1           -1           -1         LeftLane            0    Oliver Rasmussen | Hyper | Hertz Team Jota 2024 #38:EC
   13       2                    -1           -1           -1           -1         LeftLane            0    Antonio Fuoco | Hyper | Ferrari AF Corse 2024 #50:JKR
   14       2                    -1           -1           -1           -1         LeftLane            0    Neel Jani | Hyper | Proton Competition 2024 #99:EC
   15       2                    -1           -1           -1           -1         LeftLane            0    Alessandro Pier Guidi | Hyper | Ferrari AF Corse 2024 #51:JKR
   16       2                    -1           -1           -1           -1         LeftLane            0    Sheldon van der Linde | Hyper | BMW M Team WRT 2024 #20:PL
   17       2                    -1           -1           -1           -1         LeftLane            0    Earl Bamber | Hyper | Cadillac Racing 2024 #2:EC
   18       2             03:04:189    01:10:731    00:53:504    00:59:955         LeftLane            0    Geoffrey Rigal | Hyper | Alpine Endurance Team 2024 #35:LM
    


07/16/2025 23:40:43    Sector: 3  ***************************************************** 

Player: Geoffrey Rigal
currLapET: 06:56:570    lastLapTime: 03:04:189    currLapTime: 01:21:830    bestLapTime: 03:04:189
lastS1: 01:10:731    lastS2: 00:53:504    lastS3: 00:59:955
currS1: 00:35:976    currS2: 00:45:707    currS3: 00:59:955
bestS1: 01:10:731    bestS2: 00:53:504    bestS3: 00:59:955    bestTotal: 03:04:189

Player delta current vs session best:    deltaCurrSelfBestLapTime: +61.109
deltaCurrSelfBestS1: +2.390    deltaCurrSelfBestS2: -0.199    deltaCurrSelfBestS3: +16.366

Best Split: +2.191

Player delta current vs self best:    deltaSelfBestLapTime: 0.000
deltaSelfBestS1: -34.755    deltaSelfBestS2: -7.797    deltaBestS3: 0.000

Player delta best vs session best:    deltaBestLapTime: +61.109
deltaBestS1: +37.145    deltaBestS2: +7.598    deltaBestS3: +16.366


Fastest: Matt Campbell
currLapET: 07:26:824    lastLapTime: 02:03:080    currLapTime: 00:51:576    bestLapTime: 02:03:080
lastS1: 00:33:585    lastS2: 00:45:906    lastS3: 00:43:588
currS1: 00:33:646    currS2: 00:45:906    currS3: 00:43:588
bestS1: 00:33:585    bestS2: 00:45:906    bestS3: 00:43:588    bestTotal: 02:03:080

Pos:  Lap:      Best Tracked:      Best S1:      Best S2:      Best S3:     Col. Assigned:    Pos. Assigned:    Name | Class | Vehicle:
    1       3             02:03:080    00:33:585    00:45:906    00:43:588         LeftLane            0    Matt Campbell | Hyper | Porsche Penske Motorsport 2024 #5:EC
    2       3             02:03:277    00:33:658    00:46:045    00:43:575         LeftLane            0    Kévin Estre | Hyper | Porsche Penske Motorsport 2024 #6:EC
    3       3             02:03:573    00:33:495    00:46:158    00:43:919         LeftLane            0    Nicolas Lapierre | Hyper | Alpine Endurance Team 2024 #36:EC
    4       3             02:03:809    00:33:614    00:46:141    00:44:055         LeftLane            0    Dries Vanthoor | Hyper | BMW M Team WRT 2024 #15:PL
    5       3             02:03:101    00:33:184    00:45:998    00:43:919         LeftLane            0    Sébastien Buemi | Hyper | Toyota Gazoo Racing 2024 #8:EC
    6       3             02:03:224    00:33:526    00:46:134    00:43:564         LeftLane            0    Mirko Bortolotti | Hyper | Lamborghini Iron Lynx 2024 #63:EC
    7       3             02:04:892    00:34:020    00:46:591    00:44:281         LeftLane            0    Stoffel Vandoorne | Hyper | Peugeot TotalEnergies 2024 #94:EC
    8       3             02:04:919    00:34:037    00:46:629    00:44:253         LeftLane            0    Nico Müller | Hyper | Peugeot TotalEnergies 2024 #93:EC
    9       3             02:04:415    00:33:589    00:46:618    00:44:208         LeftLane            0    Mike Conway | Hyper | Toyota Gazoo Racing 2024 #7:EC
   10       3             02:05:330    00:33:988    00:47:488    00:43:854         LeftLane            0    Robert Kubica | Hyper | AF Corse 2024 #83:JKR
   11       3             02:04:962    00:34:100    00:46:644    00:44:218         LeftLane            0    William Stevens | Hyper | Hertz Team Jota 2024 #12:EC
   12       3             02:05:068    00:33:869    00:47:460    00:43:739         LeftLane            0    Oliver Rasmussen | Hyper | Hertz Team Jota 2024 #38:EC
   13       3             02:05:006    00:33:689    00:47:546    00:43:772         LeftLane            0    Antonio Fuoco | Hyper | Ferrari AF Corse 2024 #50:JKR
   14       3             02:06:583    00:33:850    00:48:772    00:43:961         LeftLane            0    Neel Jani | Hyper | Proton Competition 2024 #99:EC
   15       3             02:03:986    00:33:423    00:46:532    00:44:032         LeftLane            0    Alessandro Pier Guidi | Hyper | Ferrari AF Corse 2024 #51:JKR
   16       3             02:03:861    00:33:659    00:46:315    00:43:887         LeftLane            0    Sheldon van der Linde | Hyper | BMW M Team WRT 2024 #20:PL
   17       3             02:04:142    00:33:832    00:46:345    00:43:965         LeftLane            0    Earl Bamber | Hyper | Cadillac Racing 2024 #2:EC
   18       2             03:04:189    01:10:731    00:53:504    00:59:955         LeftLane            0    Geoffrey Rigal | Hyper | Alpine Endurance Team 2024 #35:LM
    


07/16/2025 23:41:28    Sector: 1  ***************************************************** 

Player: Geoffrey Rigal
currLapET: 09:03:214    lastLapTime: 02:06:644    currLapTime: 00:00:186    bestLapTime: -1
lastS1: 00:35:976    lastS2: 00:45:707    lastS3: 00:44:961
currS1: 00:35:976    currS2: 00:45:707    currS3: 00:44:961
bestS1: -1    bestS2: -1    bestS3: -1    bestTotal: -3

Player delta current vs session best:    deltaCurrSelfBestLapTime: +3.564
deltaCurrSelfBestS1: +2.390    deltaCurrSelfBestS2: -0.199    deltaCurrSelfBestS3: +1.373

Best Split: +3.564

Player delta current vs self best:    deltaSelfBestLapTime: +127.644
deltaSelfBestS1: +36.976    deltaSelfBestS2: +46.707    deltaBestS3: +45.961

Player delta best vs session best:    deltaBestLapTime: -124.080
deltaBestS1: -34.585    deltaBestS2: -46.906    deltaBestS3: -44.588


Fastest: Matt Campbell
currLapET: 07:26:824    lastLapTime: 02:03:080    currLapTime: 01:36:576    bestLapTime: 02:03:080
lastS1: 00:33:585    lastS2: 00:45:906    lastS3: 00:43:588
currS1: 00:33:646    currS2: 00:46:007    currS3: 00:43:588
bestS1: 00:33:585    bestS2: 00:45:906    bestS3: 00:43:588    bestTotal: 02:03:080

Pos:  Lap:      Best Tracked:      Best S1:      Best S2:      Best S3:     Col. Assigned:    Pos. Assigned:    Name | Class | Vehicle:
    1       3             02:03:080    00:33:585    00:45:906    00:43:588         LeftLane            0    Matt Campbell | Hyper | Porsche Penske Motorsport 2024 #5:EC
    2       3             02:03:277    00:33:658    00:46:045    00:43:575         LeftLane            0    Kévin Estre | Hyper | Porsche Penske Motorsport 2024 #6:EC
    3       3             02:03:573    00:33:495    00:46:158    00:43:919         LeftLane            0    Nicolas Lapierre | Hyper | Alpine Endurance Team 2024 #36:EC
    4       3             02:03:809    00:33:614    00:46:141    00:44:055         LeftLane            0    Dries Vanthoor | Hyper | BMW M Team WRT 2024 #15:PL
    5       3             02:03:101    00:33:184    00:45:998    00:43:919         LeftLane            0    Sébastien Buemi | Hyper | Toyota Gazoo Racing 2024 #8:EC
    6       3             02:03:224    00:33:526    00:46:134    00:43:564         LeftLane            0    Mirko Bortolotti | Hyper | Lamborghini Iron Lynx 2024 #63:EC
    7       3             02:04:892    00:34:020    00:46:591    00:44:281         LeftLane            0    Stoffel Vandoorne | Hyper | Peugeot TotalEnergies 2024 #94:EC
    8       3             02:04:415    00:33:589    00:46:618    00:44:208         LeftLane            0    Mike Conway | Hyper | Toyota Gazoo Racing 2024 #7:EC
    9       3             02:05:330    00:33:988    00:47:488    00:43:854         LeftLane            0    Robert Kubica | Hyper | AF Corse 2024 #83:JKR
   10       3             02:04:962    00:34:100    00:46:644    00:44:218         LeftLane            0    William Stevens | Hyper | Hertz Team Jota 2024 #12:EC
   11       3             02:04:919    00:34:037    00:46:629    00:44:253         LeftLane            0    Nico Müller | Hyper | Peugeot TotalEnergies 2024 #93:EC
   12       3             02:05:068    00:33:869    00:47:460    00:43:739         LeftLane            0    Oliver Rasmussen | Hyper | Hertz Team Jota 2024 #38:EC
   13       3             02:05:006    00:33:689    00:47:546    00:43:772         LeftLane            0    Antonio Fuoco | Hyper | Ferrari AF Corse 2024 #50:JKR
   14       3             02:06:583    00:33:850    00:48:772    00:43:961         LeftLane            0    Neel Jani | Hyper | Proton Competition 2024 #99:EC
   15       3             02:03:986    00:33:423    00:46:532    00:44:032         LeftLane            0    Alessandro Pier Guidi | Hyper | Ferrari AF Corse 2024 #51:JKR
   16       3             02:03:861    00:33:659    00:46:315    00:43:887         LeftLane            0    Sheldon van der Linde | Hyper | BMW M Team WRT 2024 #20:PL
   17       3             02:04:142    00:33:832    00:46:345    00:43:965         LeftLane            0    Earl Bamber | Hyper | Cadillac Racing 2024 #2:EC
   18       3             03:04:189    01:10:731    00:53:504    00:59:955         LeftLane            0    Geoffrey Rigal | Hyper | Alpine Endurance Team 2024 #35:LM
    


07/16/2025 23:42:10    Sector: 2  ***************************************************** 

Player: Geoffrey Rigal
currLapET: 09:03:214    lastLapTime: 02:06:644    currLapTime: 00:42:386    bestLapTime: 02:06:644
lastS1: 00:35:976    lastS2: 00:45:707    lastS3: 00:44:961
currS1: 00:42:379    currS2: 00:45:707    currS3: 00:44:961
bestS1: 00:35:976    bestS2: 00:45:707    bestS3: 00:44:961    bestTotal: 02:06:644

Player delta current vs session best:    deltaCurrSelfBestLapTime: +3.564
deltaCurrSelfBestS1: +8.794    deltaCurrSelfBestS2: -0.199    deltaCurrSelfBestS3: +1.373

Best Split: +8.794

Player delta current vs self best:    deltaSelfBestLapTime: 0.000
deltaSelfBestS1: +6.404    deltaSelfBestS2: 0.000    deltaBestS3: 0.000

Player delta best vs session best:    deltaBestLapTime: +3.564
deltaBestS1: +2.390    deltaBestS2: -0.199    deltaBestS3: +1.373


Fastest: Matt Campbell
currLapET: 09:30:092    lastLapTime: 02:03:268    currLapTime: 00:15:508    bestLapTime: 02:03:080
lastS1: 00:33:646    lastS2: 00:46:007    lastS3: 00:43:615
currS1: 00:33:646    currS2: 00:46:007    currS3: 00:43:615
bestS1: 00:33:585    bestS2: 00:45:906    bestS3: 00:43:588    bestTotal: 02:03:080

Pos:  Lap:      Best Tracked:      Best S1:      Best S2:      Best S3:     Col. Assigned:    Pos. Assigned:    Name | Class | Vehicle:
    1       4             02:03:080    00:33:585    00:45:906    00:43:588         LeftLane            0    Matt Campbell | Hyper | Porsche Penske Motorsport 2024 #5:EC
    2       4             02:03:277    00:33:658    00:46:045    00:43:575         LeftLane            0    Kévin Estre | Hyper | Porsche Penske Motorsport 2024 #6:EC
    3       4             02:03:573    00:33:495    00:46:158    00:43:919         LeftLane            0    Nicolas Lapierre | Hyper | Alpine Endurance Team 2024 #36:EC
    4       4             02:03:809    00:33:614    00:46:141    00:44:055         LeftLane            0    Dries Vanthoor | Hyper | BMW M Team WRT 2024 #15:PL
    5       4             02:03:101    00:33:184    00:45:998    00:43:919         LeftLane            0    Sébastien Buemi | Hyper | Toyota Gazoo Racing 2024 #8:EC
    6       4             02:03:224    00:33:526    00:46:134    00:43:564         LeftLane            0    Mirko Bortolotti | Hyper | Lamborghini Iron Lynx 2024 #63:EC
    7       4             02:04:892    00:34:020    00:46:591    00:44:281         LeftLane            0    Stoffel Vandoorne | Hyper | Peugeot TotalEnergies 2024 #94:EC
    8       4             02:03:876    00:33:656    00:46:448    00:43:772         LeftLane            0    Mike Conway | Hyper | Toyota Gazoo Racing 2024 #7:EC
    9       4             02:03:931    00:33:558    00:47:006    00:43:368         LeftLane            0    Robert Kubica | Hyper | AF Corse 2024 #83:JKR
   10       4             02:04:962    00:34:100    00:46:644    00:44:218         LeftLane            0    William Stevens | Hyper | Hertz Team Jota 2024 #12:EC
   11       4             02:04:919    00:34:037    00:46:629    00:44:253         LeftLane            0    Nico Müller | Hyper | Peugeot TotalEnergies 2024 #93:EC
   12       3             02:05:068    00:33:869    00:47:460    00:43:739         LeftLane            0    Oliver Rasmussen | Hyper | Hertz Team Jota 2024 #38:EC
   13       3             02:06:583    00:33:850    00:48:772    00:43:961         LeftLane            0    Neel Jani | Hyper | Proton Competition 2024 #99:EC
   14       3             02:05:006    00:33:689    00:47:546    00:43:772         LeftLane            0    Antonio Fuoco | Hyper | Ferrari AF Corse 2024 #50:JKR
   15       3             02:03:861    00:33:659    00:46:315    00:43:887         LeftLane            0    Sheldon van der Linde | Hyper | BMW M Team WRT 2024 #20:PL
   16       3             02:03:986    00:33:423    00:46:532    00:44:032         LeftLane            0    Alessandro Pier Guidi | Hyper | Ferrari AF Corse 2024 #51:JKR
   17       3             02:04:142    00:33:832    00:46:345    00:43:965         LeftLane            0    Earl Bamber | Hyper | Cadillac Racing 2024 #2:EC
   18       3             02:06:644    00:35:976    00:45:707    00:44:961         LeftLane            0    Geoffrey Rigal | Hyper | Alpine Endurance Team 2024 #35:LM
    


07/16/2025 23:43:00    Sector: 3  ***************************************************** 

Player: Geoffrey Rigal
currLapET: 09:03:214    lastLapTime: 02:06:644    currLapTime: 01:32:786    bestLapTime: 02:06:644
lastS1: 00:35:976    lastS2: 00:45:707    lastS3: 00:44:961
currS1: 00:42:379    currS2: 00:50:229    currS3: 00:44:961
bestS1: 00:35:976    bestS2: 00:45:707    bestS3: 00:44:961    bestTotal: 02:06:644

Player delta current vs session best:    deltaCurrSelfBestLapTime: +3.564
deltaCurrSelfBestS1: +8.794    deltaCurrSelfBestS2: +4.323    deltaCurrSelfBestS3: +1.373

Best Split: +13.117

Player delta current vs self best:    deltaSelfBestLapTime: 0.000
deltaSelfBestS1: +6.404    deltaSelfBestS2: +4.522    deltaBestS3: 0.000

Player delta best vs session best:    deltaBestLapTime: +3.564
deltaBestS1: +2.390    deltaBestS2: -0.199    deltaBestS3: +1.373


Fastest: Matt Campbell
currLapET: 09:30:092    lastLapTime: 02:03:268    currLapTime: 01:05:908    bestLapTime: 02:03:080
lastS1: 00:33:646    lastS2: 00:46:007    lastS3: 00:43:615
currS1: 00:33:706    currS2: 00:46:007    currS3: 00:43:615
bestS1: 00:33:585    bestS2: 00:45:906    bestS3: 00:43:588    bestTotal: 02:03:080

Pos:  Lap:      Best Tracked:      Best S1:      Best S2:      Best S3:     Col. Assigned:    Pos. Assigned:    Name | Class | Vehicle:
    1       4             02:03:080    00:33:585    00:45:906    00:43:588         LeftLane            0    Matt Campbell | Hyper | Porsche Penske Motorsport 2024 #5:EC
    2       4             02:03:277    00:33:658    00:46:045    00:43:575         LeftLane            0    Kévin Estre | Hyper | Porsche Penske Motorsport 2024 #6:EC
    3       4             02:03:573    00:33:495    00:46:158    00:43:919         LeftLane            0    Nicolas Lapierre | Hyper | Alpine Endurance Team 2024 #36:EC
    4       4             02:03:101    00:33:184    00:45:998    00:43:919         LeftLane            0    Sébastien Buemi | Hyper | Toyota Gazoo Racing 2024 #8:EC
    5       4             02:03:809    00:33:614    00:46:141    00:44:055         LeftLane            0    Dries Vanthoor | Hyper | BMW M Team WRT 2024 #15:PL
    6       4             02:03:224    00:33:526    00:46:134    00:43:564         LeftLane            0    Mirko Bortolotti | Hyper | Lamborghini Iron Lynx 2024 #63:EC
    7       4             02:03:876    00:33:656    00:46:448    00:43:772         LeftLane            0    Mike Conway | Hyper | Toyota Gazoo Racing 2024 #7:EC
    8       4             02:03:931    00:33:558    00:47:006    00:43:368         LeftLane            0    Robert Kubica | Hyper | AF Corse 2024 #83:JKR
    9       4             02:04:892    00:34:020    00:46:591    00:44:281         LeftLane            0    Stoffel Vandoorne | Hyper | Peugeot TotalEnergies 2024 #94:EC
   10       4             02:04:962    00:34:100    00:46:644    00:44:218         LeftLane            0    William Stevens | Hyper | Hertz Team Jota 2024 #12:EC
   11       4             02:04:919    00:34:037    00:46:629    00:44:253         LeftLane            0    Nico Müller | Hyper | Peugeot TotalEnergies 2024 #93:EC
   12       4             02:05:068    00:33:869    00:47:460    00:43:739         LeftLane            0    Oliver Rasmussen | Hyper | Hertz Team Jota 2024 #38:EC
   13       4             02:05:006    00:33:689    00:47:546    00:43:772         LeftLane            0    Antonio Fuoco | Hyper | Ferrari AF Corse 2024 #50:JKR
   14       4             02:06:583    00:33:850    00:48:772    00:43:961         LeftLane            0    Neel Jani | Hyper | Proton Competition 2024 #99:EC
   15       4             02:03:861    00:33:659    00:46:315    00:43:887         LeftLane            0    Sheldon van der Linde | Hyper | BMW M Team WRT 2024 #20:PL
   16       4             02:03:986    00:33:423    00:46:532    00:44:032         LeftLane            0    Alessandro Pier Guidi | Hyper | Ferrari AF Corse 2024 #51:JKR
   17       4             02:04:142    00:33:832    00:46:345    00:43:965         LeftLane            0    Earl Bamber | Hyper | Cadillac Racing 2024 #2:EC
   18       3             02:06:644    00:35:976    00:45:707    00:44:961         LeftLane            0    Geoffrey Rigal | Hyper | Alpine Endurance Team 2024 #35:LM
    


07/16/2025 23:43:45    Sector: 1  ***************************************************** 

Player: Geoffrey Rigal
currLapET: 11:20:589    lastLapTime: 02:17:376    currLapTime: 00:00:011    bestLapTime: 03:04:189
lastS1: 00:42:379    lastS2: 00:50:229    lastS3: 00:44:767
currS1: 00:42:379    currS2: 00:50:229    currS3: 00:44:767
bestS1: 01:10:731    bestS2: 00:53:504    bestS3: 00:59:955    bestTotal: 03:04:189

Player delta current vs session best:    deltaCurrSelfBestLapTime: +14.296
deltaCurrSelfBestS1: +8.794    deltaCurrSelfBestS2: +4.323    deltaCurrSelfBestS3: +1.179

Best Split: +14.296

Player delta current vs self best:    deltaSelfBestLapTime: -46.814
deltaSelfBestS1: -28.351    deltaSelfBestS2: -3.275    deltaBestS3: -15.188

Player delta best vs session best:    deltaBestLapTime: +61.109
deltaBestS1: +37.145    deltaBestS2: +7.598    deltaBestS3: +16.366


Fastest: Matt Campbell
currLapET: 09:30:092    lastLapTime: 02:03:268    currLapTime: 01:50:508    bestLapTime: 02:03:080
lastS1: 00:33:646    lastS2: 00:46:007    lastS3: 00:43:615
currS1: 00:33:706    currS2: 00:46:108    currS3: 00:43:615
bestS1: 00:33:585    bestS2: 00:45:906    bestS3: 00:43:588    bestTotal: 02:03:080

Pos:  Lap:      Best Tracked:      Best S1:      Best S2:      Best S3:     Col. Assigned:    Pos. Assigned:    Name | Class | Vehicle:
    1       4             02:03:080    00:33:585    00:45:906    00:43:588         LeftLane            0    Matt Campbell | Hyper | Porsche Penske Motorsport 2024 #5:EC
    2       4             02:03:277    00:33:658    00:46:045    00:43:575         LeftLane            0    Kévin Estre | Hyper | Porsche Penske Motorsport 2024 #6:EC
    3       4             02:03:573    00:33:495    00:46:158    00:43:919         LeftLane            0    Nicolas Lapierre | Hyper | Alpine Endurance Team 2024 #36:EC
    4       4             02:03:101    00:33:184    00:45:998    00:43:919         LeftLane            0    Sébastien Buemi | Hyper | Toyota Gazoo Racing 2024 #8:EC
    5       4             02:03:809    00:33:614    00:46:141    00:44:055         LeftLane            0    Dries Vanthoor | Hyper | BMW M Team WRT 2024 #15:PL
    6       4             02:03:224    00:33:526    00:46:134    00:43:564         LeftLane            0    Mirko Bortolotti | Hyper | Lamborghini Iron Lynx 2024 #63:EC
    7       4             02:03:876    00:33:656    00:46:448    00:43:772         LeftLane            0    Mike Conway | Hyper | Toyota Gazoo Racing 2024 #7:EC
    8       4             02:03:931    00:33:558    00:47:006    00:43:368         LeftLane            0    Robert Kubica | Hyper | AF Corse 2024 #83:JKR
    9       4             02:04:892    00:34:020    00:46:591    00:44:281         LeftLane            0    Stoffel Vandoorne | Hyper | Peugeot TotalEnergies 2024 #94:EC
   10       4             02:04:962    00:34:100    00:46:644    00:44:218         LeftLane            0    William Stevens | Hyper | Hertz Team Jota 2024 #12:EC
   11       4             02:04:919    00:34:037    00:46:629    00:44:253         LeftLane            0    Nico Müller | Hyper | Peugeot TotalEnergies 2024 #93:EC
   12       4             02:05:068    00:33:869    00:47:460    00:43:739         LeftLane            0    Oliver Rasmussen | Hyper | Hertz Team Jota 2024 #38:EC
   13       4             02:05:006    00:33:689    00:47:546    00:43:772         LeftLane            0    Antonio Fuoco | Hyper | Ferrari AF Corse 2024 #50:JKR
   14       4             02:06:583    00:33:850    00:48:772    00:43:961         LeftLane            0    Neel Jani | Hyper | Proton Competition 2024 #99:EC
   15       4             02:03:861    00:33:659    00:46:315    00:43:887         LeftLane            0    Sheldon van der Linde | Hyper | BMW M Team WRT 2024 #20:PL
   16       4             02:03:986    00:33:423    00:46:532    00:44:032         LeftLane            0    Alessandro Pier Guidi | Hyper | Ferrari AF Corse 2024 #51:JKR
   17       4             02:04:142    00:33:832    00:46:345    00:43:965         LeftLane            0    Earl Bamber | Hyper | Cadillac Racing 2024 #2:EC
   18       4             02:06:644    00:35:976    00:45:707    00:44:961         LeftLane            0    Geoffrey Rigal | Hyper | Alpine Endurance Team 2024 #35:LM
    
