

************************************************************************************
* NEW SESSION **********************************************************************
************************************************************************************

07/31/2025 11:27:26
mDentSeverity:0,0,0,0,0,0,0,0
***mLastImpactMagnitude:0.0
***mAccumulatedImpactMagnitude:0.0
***mMaxImpactMagnitude:0.0
mLastImpactPos:x=0.0000 y=0.0000 z=0.0000
***mLastImpactET:0
***mOverheating:0
***mDetached:0
***Front Wheels:Left Flat:0    Left Detached:0        Right Flat:0    Right Detached:0
***Rear Wheels:Left Flat:0    Left Detached:0        Right Flat:0    Right Detached:0


07/31/2025 11:30:11
***mDentSeverity:0,1,0,0,0,0,0,0
***mLastImpactMagnitude:611.1
***mAccumulatedImpactMagnitude:611.1
***mMaxImpactMagnitude:611.1
***mLastImpactPos:x=0.9768 y=-0.2454 z=-2.0375
***mLastImpactET:426.779998779297
mOverheating:0
mDetached:0
Front Wheels:Left Flat:0    Left Detached:0        Right Flat:0    Right Detached:0
Rear Wheels:Left Flat:0    Left Detached:0        Right Flat:0    Right Detached:0

