

************************************************************************************
* NEW SESSION **********************************************************************
************************************************************************************

07/18/2025 12:17:50
***mDentSeverity:2,0,0,0,2,0,0,0
***mLastImpactMagnitude:207.1
***mAccumulatedImpactMagnitude:51,942.4
***mMaxImpactMagnitude:5,301.9
***mLastImpactPos:x=-0.5618 y=-0.1879 z=-0.9040
***mLastImpactET:258.459991455078
***mOverheating:0
***mDetached:0
***Front Wheels:Left Flat:1    Left Detached:0        Right Flat:0    Right Detached:0
***Rear Wheels:Left Flat:0    Left Detached:0        Right Flat:0    Right Detached:0


07/18/2025 12:18:16
mDentSeverity:2,0,0,0,2,0,0,0
mLastImpactMagnitude:207.1
***mAccumulatedImpactMagnitude:52,149.5
mMaxImpactMagnitude:5,301.9
mLastImpactPos:x=-0.5618 y=-0.1879 z=-0.9040
mLastImpactET:258.459991455078
mOverheating:0
mDetached:0
Front Wheels:Left Flat:1    Left Detached:0        Right Flat:0    Right Detached:0
Rear Wheels:Left Flat:0    Left Detached:0        Right Flat:0    Right Detached:0


07/18/2025 12:18:16
mDentSeverity:2,0,0,0,2,0,0,0
***mLastImpactMagnitude:181.0
mAccumulatedImpactMagnitude:52,149.5
mMaxImpactMagnitude:5,301.9
***mLastImpactPos:x=-0.6845 y=-0.1879 z=-0.6577
***mLastImpactET:258.720001220703
mOverheating:0
mDetached:0
Front Wheels:Left Flat:1    Left Detached:0        Right Flat:0    Right Detached:0
Rear Wheels:Left Flat:0    Left Detached:0        Right Flat:0    Right Detached:0


07/18/2025 12:18:16
mDentSeverity:2,0,0,0,2,0,0,0
***mLastImpactMagnitude:188.9
mAccumulatedImpactMagnitude:52,149.5
mMaxImpactMagnitude:5,301.9
***mLastImpactPos:x=-0.6336 y=-0.1876 z=-0.7649
***mLastImpactET:258.739990234375
mOverheating:0
mDetached:0
Front Wheels:Left Flat:1    Left Detached:0        Right Flat:0    Right Detached:0
Rear Wheels:Left Flat:0    Left Detached:0        Right Flat:0    Right Detached:0


07/18/2025 12:18:17
mDentSeverity:2,0,0,0,2,0,0,0
***mLastImpactMagnitude:191.6
mAccumulatedImpactMagnitude:52,149.5
mMaxImpactMagnitude:5,301.9
***mLastImpactPos:x=-0.6253 y=-0.1875 z=-0.7845
***mLastImpactET:258.779998779297
mOverheating:0
mDetached:0
Front Wheels:Left Flat:1    Left Detached:0        Right Flat:0    Right Detached:0
Rear Wheels:Left Flat:0    Left Detached:0        Right Flat:0    Right Detached:0


07/18/2025 12:18:17
mDentSeverity:2,0,0,0,2,0,0,0
***mLastImpactMagnitude:212.4
***mAccumulatedImpactMagnitude:52,923.3
mMaxImpactMagnitude:5,301.9
***mLastImpactPos:x=-0.5636 y=-0.1879 z=-0.9135
***mLastImpactET:258.799987792969
mOverheating:0
mDetached:0
Front Wheels:Left Flat:1    Left Detached:0        Right Flat:0    Right Detached:0
Rear Wheels:Left Flat:0    Left Detached:0        Right Flat:0    Right Detached:0


07/18/2025 12:18:17
mDentSeverity:2,0,0,0,2,0,0,0
***mLastImpactMagnitude:181.4
mAccumulatedImpactMagnitude:52,923.3
mMaxImpactMagnitude:5,301.9
***mLastImpactPos:x=-0.6645 y=-0.1876 z=-0.7166
***mLastImpactET:259.059997558594
mOverheating:0
mDetached:0
Front Wheels:Left Flat:1    Left Detached:0        Right Flat:0    Right Detached:0
Rear Wheels:Left Flat:0    Left Detached:0        Right Flat:0    Right Detached:0


07/18/2025 12:18:17
mDentSeverity:2,0,0,0,2,0,0,0
***mLastImpactMagnitude:190.6
mAccumulatedImpactMagnitude:52,923.3
mMaxImpactMagnitude:5,301.9
***mLastImpactPos:x=-0.6392 y=-0.1876 z=-0.7699
***mLastImpactET:259.079986572266
mOverheating:0
mDetached:0
Front Wheels:Left Flat:1    Left Detached:0        Right Flat:0    Right Detached:0
Rear Wheels:Left Flat:0    Left Detached:0        Right Flat:0    Right Detached:0


07/18/2025 12:18:17
mDentSeverity:2,0,0,0,2,0,0,0
***mLastImpactMagnitude:194.6
mAccumulatedImpactMagnitude:52,923.3
mMaxImpactMagnitude:5,301.9
***mLastImpactPos:x=-0.6355 y=-0.1878 z=-0.7786
***mLastImpactET:259.100006103516
mOverheating:0
mDetached:0
Front Wheels:Left Flat:1    Left Detached:0        Right Flat:0    Right Detached:0
Rear Wheels:Left Flat:0    Left Detached:0        Right Flat:0    Right Detached:0


07/18/2025 12:18:17
mDentSeverity:2,0,0,0,2,0,0,0
***mLastImpactMagnitude:206.3
mAccumulatedImpactMagnitude:52,923.3
mMaxImpactMagnitude:5,301.9
***mLastImpactPos:x=-0.4787 y=-0.1879 z=-1.0996
***mLastImpactET:259.119995117188
mOverheating:0
mDetached:0
Front Wheels:Left Flat:1    Left Detached:0        Right Flat:0    Right Detached:0
Rear Wheels:Left Flat:0    Left Detached:0        Right Flat:0    Right Detached:0


07/18/2025 12:18:17
mDentSeverity:2,0,0,0,2,0,0,0
mLastImpactMagnitude:206.3
***mAccumulatedImpactMagnitude:53,696.3
mMaxImpactMagnitude:5,301.9
mLastImpactPos:x=-0.4787 y=-0.1879 z=-1.0996
mLastImpactET:259.119995117188
mOverheating:0
mDetached:0
Front Wheels:Left Flat:1    Left Detached:0        Right Flat:0    Right Detached:0
Rear Wheels:Left Flat:0    Left Detached:0        Right Flat:0    Right Detached:0


07/18/2025 12:18:17
mDentSeverity:2,0,0,0,2,0,0,0
***mLastImpactMagnitude:206.3
mAccumulatedImpactMagnitude:53,696.3
mMaxImpactMagnitude:5,301.9
***mLastImpactPos:x=-0.5584 y=-0.1879 z=-0.9431
***mLastImpactET:259.299987792969
mOverheating:0
mDetached:0
Front Wheels:Left Flat:1    Left Detached:0        Right Flat:0    Right Detached:0
Rear Wheels:Left Flat:0    Left Detached:0        Right Flat:0    Right Detached:0


07/18/2025 12:18:17
mDentSeverity:2,0,0,0,2,0,0,0
mLastImpactMagnitude:206.3
***mAccumulatedImpactMagnitude:53,902.6
mMaxImpactMagnitude:5,301.9
mLastImpactPos:x=-0.5584 y=-0.1879 z=-0.9431
mLastImpactET:259.299987792969
mOverheating:0
mDetached:0
Front Wheels:Left Flat:1    Left Detached:0        Right Flat:0    Right Detached:0
Rear Wheels:Left Flat:0    Left Detached:0        Right Flat:0    Right Detached:0


07/18/2025 12:18:17
mDentSeverity:2,0,0,0,2,0,0,0
***mLastImpactMagnitude:183.5
mAccumulatedImpactMagnitude:53,902.6
mMaxImpactMagnitude:5,301.9
***mLastImpactPos:x=-0.6307 y=-0.1875 z=-0.8055
***mLastImpactET:259.559997558594
mOverheating:0
mDetached:0
Front Wheels:Left Flat:1    Left Detached:0        Right Flat:0    Right Detached:0
Rear Wheels:Left Flat:0    Left Detached:0        Right Flat:0    Right Detached:0


07/18/2025 12:18:17
mDentSeverity:2,0,0,0,2,0,0,0
***mLastImpactMagnitude:189.3
mAccumulatedImpactMagnitude:53,902.6
mMaxImpactMagnitude:5,301.9
***mLastImpactPos:x=-0.6312 y=-0.1875 z=-0.8053
***mLastImpactET:259.579986572266
mOverheating:0
mDetached:0
Front Wheels:Left Flat:1    Left Detached:0        Right Flat:0    Right Detached:0
Rear Wheels:Left Flat:0    Left Detached:0        Right Flat:0    Right Detached:0


07/18/2025 12:18:17
mDentSeverity:2,0,0,0,2,0,0,0
***mLastImpactMagnitude:194.8
***mAccumulatedImpactMagnitude:54,470.2
mMaxImpactMagnitude:5,301.9
***mLastImpactPos:x=-0.6922 y=-0.1880 z=-0.6844
***mLastImpactET:259.600006103516
mOverheating:0
mDetached:0
Front Wheels:Left Flat:1    Left Detached:0        Right Flat:0    Right Detached:0
Rear Wheels:Left Flat:0    Left Detached:0        Right Flat:0    Right Detached:0


07/18/2025 12:18:17
mDentSeverity:2,0,0,0,2,0,0,0
***mLastImpactMagnitude:198.8
mAccumulatedImpactMagnitude:54,470.2
mMaxImpactMagnitude:5,301.9
***mLastImpactPos:x=-0.6383 y=-0.1878 z=-0.7966
***mLastImpactET:259.700012207031
mOverheating:0
mDetached:0
Front Wheels:Left Flat:1    Left Detached:0        Right Flat:0    Right Detached:0
Rear Wheels:Left Flat:0    Left Detached:0        Right Flat:0    Right Detached:0


07/18/2025 12:18:17
mDentSeverity:2,0,0,0,2,0,0,0
***mLastImpactMagnitude:200.2
mAccumulatedImpactMagnitude:54,470.2
mMaxImpactMagnitude:5,301.9
***mLastImpactPos:x=-0.6389 y=-0.1877 z=-0.7956
***mLastImpactET:259.720001220703
mOverheating:0
mDetached:0
Front Wheels:Left Flat:1    Left Detached:0        Right Flat:0    Right Detached:0
Rear Wheels:Left Flat:0    Left Detached:0        Right Flat:0    Right Detached:0


07/18/2025 12:18:17
mDentSeverity:2,0,0,0,2,0,0,0
***mLastImpactMagnitude:205.4
mAccumulatedImpactMagnitude:54,470.2
mMaxImpactMagnitude:5,301.9
***mLastImpactPos:x=-0.6553 y=-0.1874 z=-0.7630
***mLastImpactET:259.739990234375
mOverheating:0
mDetached:0
Front Wheels:Left Flat:1    Left Detached:0        Right Flat:0    Right Detached:0
Rear Wheels:Left Flat:0    Left Detached:0        Right Flat:0    Right Detached:0


07/18/2025 12:18:17
mDentSeverity:2,0,0,0,2,0,0,0
***mLastImpactMagnitude:211.5
mAccumulatedImpactMagnitude:54,470.2
mMaxImpactMagnitude:5,301.9
***mLastImpactPos:x=-0.7374 y=-0.1880 z=-0.6006
***mLastImpactET:259.760009765625
mOverheating:0
mDetached:0
Front Wheels:Left Flat:1    Left Detached:0        Right Flat:0    Right Detached:0
Rear Wheels:Left Flat:0    Left Detached:0        Right Flat:0    Right Detached:0


07/18/2025 12:18:18
mDentSeverity:2,0,0,0,2,0,0,0
mLastImpactMagnitude:211.5
***mAccumulatedImpactMagnitude:55,286.1
mMaxImpactMagnitude:5,301.9
mLastImpactPos:x=-0.7374 y=-0.1880 z=-0.6006
mLastImpactET:259.760009765625
mOverheating:0
mDetached:0
Front Wheels:Left Flat:1    Left Detached:0        Right Flat:0    Right Detached:0
Rear Wheels:Left Flat:0    Left Detached:0        Right Flat:0    Right Detached:0


07/18/2025 12:18:18
mDentSeverity:2,0,0,0,2,0,0,0
***mLastImpactMagnitude:214.9
mAccumulatedImpactMagnitude:55,286.1
mMaxImpactMagnitude:5,301.9
***mLastImpactPos:x=-0.7112 y=-0.1879 z=-0.6586
***mLastImpactET:259.899993896484
mOverheating:0
mDetached:0
Front Wheels:Left Flat:1    Left Detached:0        Right Flat:0    Right Detached:0
Rear Wheels:Left Flat:0    Left Detached:0        Right Flat:0    Right Detached:0


07/18/2025 12:18:18
mDentSeverity:2,0,0,0,2,0,0,0
mLastImpactMagnitude:214.9
***mAccumulatedImpactMagnitude:55,501.1
mMaxImpactMagnitude:5,301.9
mLastImpactPos:x=-0.7112 y=-0.1879 z=-0.6586
mLastImpactET:259.899993896484
mOverheating:0
mDetached:0
Front Wheels:Left Flat:1    Left Detached:0        Right Flat:0    Right Detached:0
Rear Wheels:Left Flat:0    Left Detached:0        Right Flat:0    Right Detached:0


07/18/2025 12:18:18
mDentSeverity:2,0,0,0,2,0,0,0
***mLastImpactMagnitude:225.4
mAccumulatedImpactMagnitude:55,501.1
mMaxImpactMagnitude:5,301.9
***mLastImpactPos:x=-0.6553 y=-0.1879 z=-0.7770
***mLastImpactET:260.100006103516
mOverheating:0
mDetached:0
Front Wheels:Left Flat:1    Left Detached:0        Right Flat:0    Right Detached:0
Rear Wheels:Left Flat:0    Left Detached:0        Right Flat:0    Right Detached:0


07/18/2025 12:18:18
mDentSeverity:2,0,0,0,2,0,0,0
***mLastImpactMagnitude:230.4
***mAccumulatedImpactMagnitude:55,726.4
mMaxImpactMagnitude:5,301.9
***mLastImpactPos:x=-0.6505 y=-0.1879 z=-0.7910
***mLastImpactET:260.220001220703
mOverheating:0
mDetached:0
Front Wheels:Left Flat:1    Left Detached:0        Right Flat:0    Right Detached:0
Rear Wheels:Left Flat:0    Left Detached:0        Right Flat:0    Right Detached:0


07/18/2025 12:18:18
mDentSeverity:2,0,0,0,2,0,0,0
mLastImpactMagnitude:230.4
***mAccumulatedImpactMagnitude:55,956.8
mMaxImpactMagnitude:5,301.9
mLastImpactPos:x=-0.6505 y=-0.1879 z=-0.7910
mLastImpactET:260.220001220703
mOverheating:0
mDetached:0
Front Wheels:Left Flat:1    Left Detached:0        Right Flat:0    Right Detached:0
Rear Wheels:Left Flat:0    Left Detached:0        Right Flat:0    Right Detached:0


07/18/2025 12:18:18
mDentSeverity:2,0,0,0,2,0,0,0
***mLastImpactMagnitude:221.1
mAccumulatedImpactMagnitude:55,956.8
mMaxImpactMagnitude:5,301.9
***mLastImpactPos:x=-0.6690 y=-0.1879 z=-0.7662
***mLastImpactET:260.480010986328
mOverheating:0
mDetached:0
Front Wheels:Left Flat:1    Left Detached:0        Right Flat:0    Right Detached:0
Rear Wheels:Left Flat:0    Left Detached:0        Right Flat:0    Right Detached:0


07/18/2025 12:18:18
mDentSeverity:2,0,0,0,2,0,0,0
mLastImpactMagnitude:221.1
***mAccumulatedImpactMagnitude:56,177.9
mMaxImpactMagnitude:5,301.9
mLastImpactPos:x=-0.6690 y=-0.1879 z=-0.7662
mLastImpactET:260.480010986328
mOverheating:0
mDetached:0
Front Wheels:Left Flat:1    Left Detached:0        Right Flat:0    Right Detached:0
Rear Wheels:Left Flat:0    Left Detached:0        Right Flat:0    Right Detached:0


07/18/2025 12:18:18
mDentSeverity:2,0,0,0,2,0,0,0
***mLastImpactMagnitude:200.1
mAccumulatedImpactMagnitude:56,177.9
mMaxImpactMagnitude:5,301.9
***mLastImpactPos:x=-0.6884 y=-0.1882 z=-0.7366
***mLastImpactET:260.739990234375
mOverheating:0
mDetached:0
Front Wheels:Left Flat:1    Left Detached:0        Right Flat:0    Right Detached:0
Rear Wheels:Left Flat:0    Left Detached:0        Right Flat:0    Right Detached:0


07/18/2025 12:18:18
mDentSeverity:2,0,0,0,2,0,0,0
***mLastImpactMagnitude:203.0
mAccumulatedImpactMagnitude:56,177.9
mMaxImpactMagnitude:5,301.9
***mLastImpactPos:x=-0.6878 y=-0.1886 z=-0.7377
***mLastImpactET:260.760009765625
mOverheating:0
mDetached:0
Front Wheels:Left Flat:1    Left Detached:0        Right Flat:0    Right Detached:0
Rear Wheels:Left Flat:0    Left Detached:0        Right Flat:0    Right Detached:0


07/18/2025 12:18:19
mDentSeverity:2,0,0,0,2,0,0,0
mLastImpactMagnitude:203.0
***mAccumulatedImpactMagnitude:56,581.0
mMaxImpactMagnitude:5,301.9
mLastImpactPos:x=-0.6878 y=-0.1886 z=-0.7377
mLastImpactET:260.760009765625
mOverheating:0
mDetached:0
Front Wheels:Left Flat:1    Left Detached:0        Right Flat:0    Right Detached:0
Rear Wheels:Left Flat:0    Left Detached:0        Right Flat:0    Right Detached:0


07/18/2025 12:18:19
mDentSeverity:2,0,0,0,2,0,0,0
***mLastImpactMagnitude:217.8
mAccumulatedImpactMagnitude:56,581.0
mMaxImpactMagnitude:5,301.9
***mLastImpactPos:x=-0.7121 y=-0.1879 z=-0.6962
***mLastImpactET:260.899993896484
mOverheating:0
mDetached:0
Front Wheels:Left Flat:1    Left Detached:0        Right Flat:0    Right Detached:0
Rear Wheels:Left Flat:0    Left Detached:0        Right Flat:0    Right Detached:0


07/18/2025 12:18:19
mDentSeverity:2,0,0,0,2,0,0,0
mLastImpactMagnitude:217.8
***mAccumulatedImpactMagnitude:56,798.8
mMaxImpactMagnitude:5,301.9
mLastImpactPos:x=-0.7121 y=-0.1879 z=-0.6962
mLastImpactET:260.899993896484
mOverheating:0
mDetached:0
Front Wheels:Left Flat:1    Left Detached:0        Right Flat:0    Right Detached:0
Rear Wheels:Left Flat:0    Left Detached:0        Right Flat:0    Right Detached:0


07/18/2025 12:18:19
mDentSeverity:2,0,0,0,2,0,0,0
***mLastImpactMagnitude:225.7
mAccumulatedImpactMagnitude:56,798.8
mMaxImpactMagnitude:5,301.9
***mLastImpactPos:x=-0.6776 y=-0.1879 z=-0.7654
***mLastImpactET:261.059997558594
mOverheating:0
mDetached:0
Front Wheels:Left Flat:1    Left Detached:0        Right Flat:0    Right Detached:0
Rear Wheels:Left Flat:0    Left Detached:0        Right Flat:0    Right Detached:0


07/18/2025 12:18:19
mDentSeverity:2,0,0,0,2,0,0,0
***mLastImpactMagnitude:228.9
***mAccumulatedImpactMagnitude:57,253.4
mMaxImpactMagnitude:5,301.9
***mLastImpactPos:x=-0.6796 y=-0.1879 z=-0.7632
***mLastImpactET:261.179992675781
mOverheating:0
mDetached:0
Front Wheels:Left Flat:1    Left Detached:0        Right Flat:0    Right Detached:0
Rear Wheels:Left Flat:0    Left Detached:0        Right Flat:0    Right Detached:0


07/18/2025 12:18:19
mDentSeverity:2,0,0,0,2,0,0,0
***mLastImpactMagnitude:198.2
mAccumulatedImpactMagnitude:57,253.4
mMaxImpactMagnitude:5,301.9
***mLastImpactPos:x=-0.6848 y=-0.1865 z=-0.7536
***mLastImpactET:261.440002441406
mOverheating:0
mDetached:0
Front Wheels:Left Flat:1    Left Detached:0        Right Flat:0    Right Detached:0
Rear Wheels:Left Flat:0    Left Detached:0        Right Flat:0    Right Detached:0


07/18/2025 12:18:28
mDentSeverity:2,0,0,0,2,0,0,0
***mLastImpactMagnitude:229.5
mAccumulatedImpactMagnitude:57,253.4
mMaxImpactMagnitude:5,301.9
***mLastImpactPos:x=-0.6995 y=-0.1879 z=-0.7279
***mLastImpactET:261.459991455078
mOverheating:0
mDetached:0
Front Wheels:Left Flat:1    Left Detached:0        Right Flat:0    Right Detached:0
Rear Wheels:Left Flat:0    Left Detached:0        Right Flat:0    Right Detached:0


07/18/2025 12:18:28
mDentSeverity:2,0,0,0,2,0,0,0
***mLastImpactMagnitude:0.0
***mAccumulatedImpactMagnitude:0.0
***mMaxImpactMagnitude:0.0
***mLastImpactPos:x=0.0000 y=0.0000 z=0.0000
***mLastImpactET:0
mOverheating:0
mDetached:0
***Front Wheels:Left Flat:0    Left Detached:0        Right Flat:0    Right Detached:0
Rear Wheels:Left Flat:0    Left Detached:0        Right Flat:0    Right Detached:0


07/18/2025 12:18:32
***mDentSeverity:0,0,0,0,0,0,0,0
mLastImpactMagnitude:0.0
mAccumulatedImpactMagnitude:0.0
mMaxImpactMagnitude:0.0
mLastImpactPos:x=0.0000 y=0.0000 z=0.0000
mLastImpactET:0
mOverheating:0
mDetached:0
Front Wheels:Left Flat:0    Left Detached:0        Right Flat:0    Right Detached:0
Rear Wheels:Left Flat:0    Left Detached:0        Right Flat:0    Right Detached:0



************************************************************************************
* NEW SESSION **********************************************************************
************************************************************************************

07/18/2025 12:21:01
mDentSeverity:0,0,0,0,0,0,0,0
***mLastImpactMagnitude:49.6
mAccumulatedImpactMagnitude:0.0
mMaxImpactMagnitude:0.0
***mLastImpactPos:x=-0.9915 y=-0.1315 z=-2.3162
***mLastImpactET:84.3000030517578
mOverheating:0
mDetached:0
Front Wheels:Left Flat:0    Left Detached:0        Right Flat:0    Right Detached:0
Rear Wheels:Left Flat:0    Left Detached:0        Right Flat:0    Right Detached:0


07/18/2025 12:21:02
mDentSeverity:0,0,0,0,0,0,0,0
mLastImpactMagnitude:49.6
***mAccumulatedImpactMagnitude:49.6
***mMaxImpactMagnitude:49.6
mLastImpactPos:x=-0.9915 y=-0.1315 z=-2.3162
mLastImpactET:84.3000030517578
mOverheating:0
mDetached:0
Front Wheels:Left Flat:0    Left Detached:0        Right Flat:0    Right Detached:0
Rear Wheels:Left Flat:0    Left Detached:0        Right Flat:0    Right Detached:0


07/18/2025 12:21:12
mDentSeverity:0,0,0,0,0,0,0,0
***mLastImpactMagnitude:378.8
mAccumulatedImpactMagnitude:49.6
mMaxImpactMagnitude:49.6
***mLastImpactPos:x=0.9815 y=-0.1601 z=-2.4305
***mLastImpactET:95.0599975585938
mOverheating:0
mDetached:0
Front Wheels:Left Flat:0    Left Detached:0        Right Flat:0    Right Detached:0
Rear Wheels:Left Flat:0    Left Detached:0        Right Flat:0    Right Detached:0


07/18/2025 12:21:12
mDentSeverity:0,0,0,0,0,0,0,0
mLastImpactMagnitude:378.8
***mAccumulatedImpactMagnitude:428.4
***mMaxImpactMagnitude:378.8
mLastImpactPos:x=0.9815 y=-0.1601 z=-2.4305
mLastImpactET:95.0599975585938
mOverheating:0
mDetached:0
Front Wheels:Left Flat:0    Left Detached:0        Right Flat:0    Right Detached:0
Rear Wheels:Left Flat:0    Left Detached:0        Right Flat:0    Right Detached:0


07/18/2025 12:21:14
mDentSeverity:0,0,0,0,0,0,0,0
***mLastImpactMagnitude:1,256.3
mAccumulatedImpactMagnitude:428.4
mMaxImpactMagnitude:378.8
***mLastImpactPos:x=-0.6302 y=-0.1204 z=-2.6743
***mLastImpactET:96.5599975585938
mOverheating:0
mDetached:0
Front Wheels:Left Flat:0    Left Detached:0        Right Flat:0    Right Detached:0
Rear Wheels:Left Flat:0    Left Detached:0        Right Flat:0    Right Detached:0


07/18/2025 12:21:14
mDentSeverity:0,0,0,0,0,0,0,0
mLastImpactMagnitude:1,256.3
***mAccumulatedImpactMagnitude:1,684.7
***mMaxImpactMagnitude:1,256.3
mLastImpactPos:x=-0.6302 y=-0.1204 z=-2.6743
mLastImpactET:96.5599975585938
mOverheating:0
mDetached:0
Front Wheels:Left Flat:0    Left Detached:0        Right Flat:0    Right Detached:0
Rear Wheels:Left Flat:0    Left Detached:0        Right Flat:0    Right Detached:0


07/18/2025 12:21:17
mDentSeverity:0,0,0,0,0,0,0,0
***mLastImpactMagnitude:301.2
mAccumulatedImpactMagnitude:1,684.7
mMaxImpactMagnitude:1,256.3
***mLastImpactPos:x=0.9813 y=-0.1875 z=-2.5167
***mLastImpactET:99.5800018310547
mOverheating:0
mDetached:0
Front Wheels:Left Flat:0    Left Detached:0        Right Flat:0    Right Detached:0
Rear Wheels:Left Flat:0    Left Detached:0        Right Flat:0    Right Detached:0


07/18/2025 12:21:17
mDentSeverity:0,0,0,0,0,0,0,0
mLastImpactMagnitude:301.2
***mAccumulatedImpactMagnitude:1,985.9
mMaxImpactMagnitude:1,256.3
mLastImpactPos:x=0.9813 y=-0.1875 z=-2.5167
mLastImpactET:99.5800018310547
mOverheating:0
mDetached:0
Front Wheels:Left Flat:0    Left Detached:0        Right Flat:0    Right Detached:0
Rear Wheels:Left Flat:0    Left Detached:0        Right Flat:0    Right Detached:0


07/18/2025 12:21:28
mDentSeverity:0,0,0,0,0,0,0,0
***mLastImpactMagnitude:280.6
mAccumulatedImpactMagnitude:1,985.9
mMaxImpactMagnitude:1,256.3
***mLastImpactPos:x=-0.9917 y=-0.1312 z=-2.2899
***mLastImpactET:111.319999694824
mOverheating:0
mDetached:0
Front Wheels:Left Flat:0    Left Detached:0        Right Flat:0    Right Detached:0
Rear Wheels:Left Flat:0    Left Detached:0        Right Flat:0    Right Detached:0


07/18/2025 12:21:29
mDentSeverity:0,0,0,0,0,0,0,0
mLastImpactMagnitude:280.6
***mAccumulatedImpactMagnitude:2,266.5
mMaxImpactMagnitude:1,256.3
mLastImpactPos:x=-0.9917 y=-0.1312 z=-2.2899
mLastImpactET:111.319999694824
mOverheating:0
mDetached:0
Front Wheels:Left Flat:0    Left Detached:0        Right Flat:0    Right Detached:0
Rear Wheels:Left Flat:0    Left Detached:0        Right Flat:0    Right Detached:0

