

************************************************************************************
* NEW SESSION **********************************************************************
************************************************************************************


07/31/2025 11:27:26    Sector: 1  ***************************************************** 

Player: Geoffrey Rigal
currLapET: 0    lastLapTime: 0    currLapTime: 04:49:800    bestLapTime: -1
lastS1: -1    lastS2: -1    lastS3: -1
currS1: -1    currS2: -1    currS3: -1
bestS1: -1    bestS2: -1    bestS3: -1    bestTotal: -3



Pos:  Lap:      Best Tracked:      Best S1:      Best S2:      Best S3:     Col. Assigned:    Pos. Assigned:    Name | Class | Vehicle:
    1       2                    -1           -1           -1           -1         LeftLane            0    Robert Kubica | Hyper | AF Corse 2025 #83:EC
    2       2                    -1           -1           -1           -1         LeftLane            0    Alessandro Pier Guidi | Hyper | Ferrari AF Corse 2025 #51:WEC
    3       2                    -1           -1           -1           -1         LeftLane            0    Neel Jani | Hyper | Proton Competition 2025 #99:WEC
    4       2                    -1           -1           -1           -1         LeftLane            0    Antonio Fuoco | Hyper | Ferrari AF Corse 2025 #50:WEC
    5       2                    -1           -1           -1           -1         LeftLane            0    Tom Gamble | Hyper | Aston Martin THOR Team 2025 #007:EC
    6       2                    -1           -1           -1           -1         LeftLane            0    Paul di Resta | Hyper | Peugeot TotalEnergies 2025 #93:EC
    7       2                    -1           -1           -1           -1         LeftLane            0    José María López | GT3 | Akkodis ASP Team 2025 #87:WEC
    8       2                    -1           -1           -1           -1         LeftLane            0    Ian James | GT3 | Heart of Racing Team 2025 #27:WEC
    9       1                    -1           -1           -1           -1         LeftLane            0    Francesco Castellacci | GT3 | Vista AF Corse 2025 #54:WEC
   10       1                    -1           -1           -1           -1         LeftLane            0    Rahel Frey | GT3 | Iron Dames 2025 #85:WEC
   11       1                    -1           -1           -1           -1         LeftLane            0    Earl Bamber | Hyper | Cadillac Hertz Team Jota 2025 #38:WEC
   12       1                    -1           -1           -1           -1         LeftLane            0    Dries Vanthoor | Hyper | BMW M Team WRT 2025 #15:WEC
   13       1                    -1           -1           -1           -1         LeftLane            0    François Heriau | GT3 | Vista AF Corse 2025 #21:WEC
   14       1                    -1           -1           -1           -1         LeftLane            0    Norman Nato | Hyper | Cadillac Hertz Team Jota 2025 #12:WEC
   15       1                    -1           -1           -1           -1         LeftLane            0    Bernardo Sousa | GT3 | Proton Competition 2025 #77:WEC
   16       1                    -1           -1           -1           -1         LeftLane            0    Timur Boguslavskiy | GT3 | The Bend Team WRT 2025 #31:WEC
   17       1                    -1           -1           -1           -1         LeftLane            0    Rui Andrade | GT3 | TF Sport 2025 #81:WEC
   18       1                    -1           -1           -1           -1         LeftLane            0    Mike Conway | Hyper | Toyota Gazoo Racing 2025 #7:EC
   19       1                    -1           -1           -1           -1         LeftLane            0    Julien Andlauer | Hyper | Porsche Penske Motorsport 2025 #5:WEC
   20       1                    -1           -1           -1           -1         LeftLane            0    Finn Gehrsitz | GT3 | Akkodis ASP Team 2025 #78:EC2
   21       0                    -1           -1           -1           -1         LeftLane            0    Paul-Loup Chatin | Hyper | Alpine Endurance Team 2025 #35:EC
   22       0                    -1           -1           -1           -1         LeftLane            0    Ryan Hardwick | GT3 | Manthey 1st Phorm 2025 #92:WEC
   23       0                    -1           -1           -1           -1         LeftLane            0    Lin Hodenius | GT3 | Iron Lynx 2025 #61:WEC
   24       0                    -1           -1           -1           -1         LeftLane            0    Jonny Edgar | GT3 | TF Sport 2025 #33:WEC
   25       0                    -1           -1           -1           -1         LeftLane            0    Kévin Estre | Hyper | Porsche Penske Motorsport 2025 #6:WEC
   26       0                    -1           -1           -1           -1         LeftLane            0    Jules Gounon | Hyper | Alpine Endurance Team 2025 #36:EC
   27       0                    -1           -1           -1           -1         LeftLane            0    Sheldon van der Linde | Hyper | BMW M Team WRT 2025 #20:WEC
   28       0                    -1           -1           -1           -1         LeftLane            0    Sébastien Buemi | Hyper | Toyota Gazoo Racing 2025 #8:WEC
   29       0                    -1           -1           -1           -1         LeftLane            0    Alex Riberas | Hyper | Aston Martin THOR Team 2025 #009:EC
   30       0                    -1           -1           -1           -1         LeftLane            0    Loïc Duval | Hyper | Peugeot TotalEnergies 2025 #94:EC
   31       0                    -1           -1           -1           -1         LeftLane            0    Eduardo Barrichello | GT3 | Racing Spirit of Léman 2025 #10:WEC
   32       0                    -1           -1           -1           -1         LeftLane            0    James Cottingham | GT3 | United Autosports 2025 #59:WEC
   33       0                    -1           -1           -1           -1         LeftLane            0    Ahmad Al Harthy | GT3 | Team WRT 2025 #46:WEC
   34       0                    -1           -1           -1           -1         LeftLane            0    Geoffrey Rigal | GT3 | Iron Lynx 2025 #60:LM
   35       0                    -1           -1           -1           -1         LeftLane            0    Sean Gelael | GT3 | United Autosports 2025 #95:WEC
   36       0                    -1           -1           -1           -1         LeftLane            0    Stefano Gattuso | GT3 | Proton Competition 2025 #88:WEC
    


07/31/2025 11:28:53    Sector: 2  ***************************************************** 

Player: Geoffrey Rigal
currLapET: 0    lastLapTime: 0    currLapTime: 06:16:600    bestLapTime: -1
lastS1: -1    lastS2: -1    lastS3: -1
currS1: -1    currS2: -1    currS3: -1
bestS1: -1    bestS2: -1    bestS3: -1    bestTotal: -3

Player delta current vs session best:    deltaCurrSelfBestLapTime: -94.732
deltaCurrSelfBestS1: -28.189    deltaCurrSelfBestS2: -34.717    deltaCurrSelfBestS3: -34.825

Best Split: -28.189

Player delta current vs self best:    deltaSelfBestLapTime: +1.000
deltaSelfBestS1: 0.000    deltaSelfBestS2: 0.000    deltaBestS3: 0.000

Player delta best vs session best:    deltaBestLapTime: -95.732
deltaBestS1: -28.189    deltaBestS2: -34.717    deltaBestS3: -34.825


Fastest: Antonio Fuoco
currLapET: 06:01:608    lastLapTime: 01:34:732    currLapTime: 00:14:992    bestLapTime: 01:34:732
lastS1: 00:27:189    lastS2: 00:33:717    lastS3: 00:33:825
currS1: 00:27:189    currS2: 00:33:717    currS3: 00:33:825
bestS1: 00:27:189    bestS2: 00:33:717    bestS3: 00:33:825    bestTotal: 01:34:732

Pos:  Lap:      Best Tracked:      Best S1:      Best S2:      Best S3:     Col. Assigned:    Pos. Assigned:    Name | Class | Vehicle:
    1       2                    -1           -1           -1           -1         LeftLane            0    Robert Kubica | Hyper | AF Corse 2025 #83:EC
    2       3             01:34:732    00:27:189    00:33:717    00:33:825         LeftLane            0    Antonio Fuoco | Hyper | Ferrari AF Corse 2025 #50:WEC
    3       2             01:35:102    00:27:399    00:33:865    00:33:838         LeftLane            0    Norman Nato | Hyper | Cadillac Hertz Team Jota 2025 #12:WEC
    4       2             01:35:424    00:28:082    00:33:672    00:33:671         LeftLane            0    Earl Bamber | Hyper | Cadillac Hertz Team Jota 2025 #38:WEC
    5       2                    -1           -1           -1           -1         LeftLane            0    Alessandro Pier Guidi | Hyper | Ferrari AF Corse 2025 #51:WEC
    6       2             01:35:909    00:27:738    00:33:848    00:34:322         LeftLane            0    Mike Conway | Hyper | Toyota Gazoo Racing 2025 #7:EC
    7       3             01:36:141    00:27:855    00:34:242    00:34:044         LeftLane            0    Neel Jani | Hyper | Proton Competition 2025 #99:WEC
    8       2             01:36:497    00:27:761    00:34:257    00:34:479         LeftLane            0    Julien Andlauer | Hyper | Porsche Penske Motorsport 2025 #5:WEC
    9       3             01:37:731    00:27:861    00:35:225    00:34:645         LeftLane            0    Paul di Resta | Hyper | Peugeot TotalEnergies 2025 #93:EC
   10       3             01:37:925    00:27:801    00:35:309    00:34:816         LeftLane            0    Tom Gamble | Hyper | Aston Martin THOR Team 2025 #007:EC
   11       2             01:38:590    00:29:734    00:34:438    00:34:418         LeftLane            0    Dries Vanthoor | Hyper | BMW M Team WRT 2025 #15:WEC
   12       2             01:50:587    00:32:347    00:39:695    00:38:545         LeftLane            0    Rahel Frey | GT3 | Iron Dames 2025 #85:WEC
   13       2             01:50:964    00:32:330    00:39:805    00:38:829         LeftLane            0    Timur Boguslavskiy | GT3 | The Bend Team WRT 2025 #31:WEC
   14       2                    -1           -1           -1           -1         LeftLane            0    José María López | GT3 | Akkodis ASP Team 2025 #87:WEC
   15       2             01:51:629    00:32:634    00:40:127    00:38:869         LeftLane            0    Bernardo Sousa | GT3 | Proton Competition 2025 #77:WEC
   16       2             01:51:915    00:32:526    00:40:275    00:39:114         LeftLane            0    Francesco Castellacci | GT3 | Vista AF Corse 2025 #54:WEC
   17       2                    -1           -1           -1           -1         LeftLane            0    Ian James | GT3 | Heart of Racing Team 2025 #27:WEC
   18       2             01:52:294    00:32:738    00:40:334    00:39:222         LeftLane            0    Rui Andrade | GT3 | TF Sport 2025 #81:WEC
   19       2             01:52:371    00:32:676    00:40:419    00:39:276         LeftLane            0    François Heriau | GT3 | Vista AF Corse 2025 #21:WEC
   20       1                    -1           -1           -1           -1         LeftLane            0    Finn Gehrsitz | GT3 | Akkodis ASP Team 2025 #78:EC2
   21       1                    -1           -1           -1           -1         LeftLane            0    Paul-Loup Chatin | Hyper | Alpine Endurance Team 2025 #35:EC
   22       1                    -1           -1           -1           -1         LeftLane            0    Ryan Hardwick | GT3 | Manthey 1st Phorm 2025 #92:WEC
   23       0                    -1           -1           -1           -1         LeftLane            0    Lin Hodenius | GT3 | Iron Lynx 2025 #61:WEC
   24       0                    -1           -1           -1           -1         LeftLane            0    Jonny Edgar | GT3 | TF Sport 2025 #33:WEC
   25       0                    -1           -1           -1           -1         LeftLane            0    Sébastien Buemi | Hyper | Toyota Gazoo Racing 2025 #8:WEC
   26       0                    -1           -1           -1           -1         LeftLane            0    Sheldon van der Linde | Hyper | BMW M Team WRT 2025 #20:WEC
   27       0                    -1           -1           -1           -1         LeftLane            0    Loïc Duval | Hyper | Peugeot TotalEnergies 2025 #94:EC
   28       0                    -1           -1           -1           -1         LeftLane            0    Geoffrey Rigal | GT3 | Iron Lynx 2025 #60:LM
   29       0                    -1           -1           -1           -1         LeftLane            0    Kévin Estre | Hyper | Porsche Penske Motorsport 2025 #6:WEC
   30       0                    -1           -1           -1           -1         LeftLane            0    Jules Gounon | Hyper | Alpine Endurance Team 2025 #36:EC
   31       0                    -1           -1           -1           -1         LeftLane            0    Alex Riberas | Hyper | Aston Martin THOR Team 2025 #009:EC
   32       0                    -1           -1           -1           -1         LeftLane            0    Eduardo Barrichello | GT3 | Racing Spirit of Léman 2025 #10:WEC
   33       0                    -1           -1           -1           -1         LeftLane            0    James Cottingham | GT3 | United Autosports 2025 #59:WEC
   34       0                    -1           -1           -1           -1         LeftLane            0    Ahmad Al Harthy | GT3 | Team WRT 2025 #46:WEC
   35       0                    -1           -1           -1           -1         LeftLane            0    Sean Gelael | GT3 | United Autosports 2025 #95:WEC
   36       0                    -1           -1           -1           -1         LeftLane            0    Stefano Gattuso | GT3 | Proton Competition 2025 #88:WEC
    
