

************************************************************************************
* NEW SESSION **********************************************************************
************************************************************************************

11/27/2025 23:17:00
***mGamePhase:GreenFlag(5)
***mSession:Practice(1)
***mYellowFlagState:NoFlag(0)
***mSector:1
***mCurrentSector:0x80000000
***mInRealtimeFC:true(1)
***mInRealtimeSU:false(0)
***mSectorFlag[0]:Unknown(11)
***mSectorFlag[1]:Unknown(11)
***mSectorFlag[2]:Unknown(11)
***mControl:AI(1)
***mInPits:true(1)
***mIsPlayer:true(1)
***mPlace:16
***mPitState:Unknown(5)
***mIndividualPhase:GreenFlag(5)
***mFlag:Green(0)
***mUnderYellow:0
***mCountLapFlag:CountLapButNotTime(1)
***mInGarageStall:true(1)
***mFinishStatus:None(0)
***mLapNumber:0
***mTotalLaps:0
***mMaxLaps:2147483647
***mNumVehicles:36
***mHeadlights:false(0)
***mSpeedLimiter:true(1)
***mFrontTireCompoundIndex:false(0)
***mRearTireCompoundIndex:false(0)
***mFrontTireCompoundName:Medium
***mRearTireCompoundName:Medium
***mFrontFlapActivated:false(0)
***mRearFlapActivated:false(0)
***mRearFlapLegalStatus:Disallowed(0)
***mIgnitionStarter:Off(0)
***mSpeedLimiterAvailable:true(1)
***mAntiStallActivated:false(0)
***mStartLight:0
***mNumRedLights:5
***mNumPitstops:0
***mNumPenalties:0
***mLapsBehindNext:0
***mLapsBehindLeader:0
***mPlayerHeadlights:false(0)
***mServerScored:true(1)
***mQualification:31
