

************************************************************************************
* NEW SESSION **********************************************************************
************************************************************************************


07/25/2025 22:15:02    Sector: 3  ***************************************************** 

Player: Geoffrey Rigal
currLapET: 01:16:183    lastLapTime: 0    currLapTime: 02:10:417    bestLapTime: -1
lastS1: -1    lastS2: -1    lastS3: -1
currS1: 00:47:356    currS2: 01:10:597    currS3: -1
bestS1: -1    bestS2: -1    bestS3: -1    bestTotal: -3



Pos:  Lap:      Best Tracked:      Best S1:      Best S2:      Best S3:     Col. Assigned:    Pos. Assigned:    Name | Class | Vehicle:
    1       0                    -1           -1           -1           -1         LeftLane            0    Lin Hodenius | GT3 | Iron Lynx 2025 #61:EC2
    2       0                    -1           -1           -1           -1         LeftLane            0    James Cottingham | GT3 | United Autosports 2025 #59:WEC
    3       0                    -1           -1           -1           -1         LeftLane            0    Jonny Edgar | GT3 | TF Sport 2025 #33:WEC
    4       0                    -1           -1           -1           -1         LeftLane            0    Eduardo Barrichello | GT3 | Racing Spirit of Léman 2025 #10:WEC
    5       0                    -1           -1           -1           -1         LeftLane            0    Geoffrey Rigal | GT3 | United Autosports 2025 #95:LM
    6       0                    -1           -1           -1           -1         LeftLane            0    José María López | GT3 | Akkodis ASP Team 2025 #87:WEC
    7       0                    -1           -1           -1           -1         LeftLane            0    Rui Andrade | GT3 | TF Sport 2025 #81:WEC
    8       0                    -1           -1           -1           -1         LeftLane            0    Matteo Cairoli | GT3 | Iron Lynx 2025 #60:EC2
    9       0                    -1           -1           -1           -1         LeftLane            0    Finn Gehrsitz | GT3 | Akkodis ASP Team 2025 #78:EC3
   10       0                    -1           -1           -1           -1         LeftLane            0    Ahmad Al Harthy | GT3 | Team WRT 2025 #46:WEC
   11       0                    -1           -1           -1           -1         LeftLane            0    Bernardo Sousa | GT3 | Proton Competition 2025 #77:WEC
   12       0                    -1           -1           -1           -1         LeftLane            0    Timur Boguslavskiy | GT3 | The Bend Team WRT 2025 #31:WEC
   13       0                    -1           -1           -1           -1         LeftLane            0    Ryan Hardwick | GT3 | Manthey 1st Phorm 2025 #92:WEC
   14       0                    -1           -1           -1           -1         LeftLane            0    Rahel Frey | GT3 | Iron Dames 2025 #85:WEC
   15       0                    -1           -1           -1           -1         LeftLane            0    Ian James | GT3 | Heart of Racing Team 2025 #27:WEC
   16       0                    -1           -1           -1           -1         LeftLane            0    Stefano Gattuso | GT3 | Proton Competition 2025 #88:WEC
   17       0                    -1           -1           -1           -1         LeftLane            0    François Heriau | GT3 | Vista AF Corse 2025 #21:WEC
   18       0                    -1           -1           -1           -1         LeftLane            0    Francesco Castellacci | GT3 | Vista AF Corse 2025 #54:WEC
    


07/25/2025 22:17:26    Sector: 1  ***************************************************** 

Player: Geoffrey Rigal
currLapET: 0    lastLapTime: 0    currLapTime: 0    bestLapTime: -1
lastS1: -1    lastS2: -1    lastS3: -1
currS1: -1    currS2: -1    currS3: -1
bestS1: -1    bestS2: -1    bestS3: -1    bestTotal: -3



Pos:  Lap:      Best Tracked:      Best S1:      Best S2:      Best S3:     Col. Assigned:    Pos. Assigned:    Name | Class | Vehicle:
    1       0                    -1           -1           -1           -1         LeftLane            0    Eduardo Barrichello | GT3 | Racing Spirit of Léman 2025 #10:WEC
    2       0                    -1           -1           -1           -1         LeftLane            0    François Heriau | GT3 | Vista AF Corse 2025 #21:WEC
    3       0                    -1           -1           -1           -1         LeftLane            0    Ian James | GT3 | Heart of Racing Team 2025 #27:WEC
    4       0                    -1           -1           -1           -1         LeftLane            0    Timur Boguslavskiy | GT3 | The Bend Team WRT 2025 #31:WEC
    5       0                    -1           -1           -1           -1         LeftLane            0    Jonny Edgar | GT3 | TF Sport 2025 #33:WEC
    6       0                    -1           -1           -1           -1         LeftLane            0    Ahmad Al Harthy | GT3 | Team WRT 2025 #46:WEC
    7       0                    -1           -1           -1           -1         LeftLane            0    Francesco Castellacci | GT3 | Vista AF Corse 2025 #54:WEC
    8       0                    -1           -1           -1           -1         LeftLane            0    James Cottingham | GT3 | United Autosports 2025 #59:WEC
    9       0                    -1           -1           -1           -1         LeftLane            0    Matteo Cairoli | GT3 | Iron Lynx 2025 #60:EC2
   10       0                    -1           -1           -1           -1         LeftLane            0    Lin Hodenius | GT3 | Iron Lynx 2025 #61:EC2
   11       0                    -1           -1           -1           -1         LeftLane            0    Bernardo Sousa | GT3 | Proton Competition 2025 #77:WEC
   12       0                    -1           -1           -1           -1         LeftLane            0    Finn Gehrsitz | GT3 | Akkodis ASP Team 2025 #78:EC3
   13       0                    -1           -1           -1           -1         LeftLane            0    Rui Andrade | GT3 | TF Sport 2025 #81:WEC
   14       0                    -1           -1           -1           -1         LeftLane            0    Rahel Frey | GT3 | Iron Dames 2025 #85:WEC
   15       0                    -1           -1           -1           -1         LeftLane            0    José María López | GT3 | Akkodis ASP Team 2025 #87:WEC
   16       0                    -1           -1           -1           -1         LeftLane            0    Stefano Gattuso | GT3 | Proton Competition 2025 #88:WEC
   17       0                    -1           -1           -1           -1         LeftLane            0    Ryan Hardwick | GT3 | Manthey 1st Phorm 2025 #92:WEC
   18       0                    -1           -1           -1           -1         LeftLane            0    Geoffrey Rigal | GT3 | United Autosports 2025 #95:LM
    


************************************************************************************
* NEW SESSION **********************************************************************
************************************************************************************


07/25/2025 22:18:58    Sector: 1  ***************************************************** 

Player: Geoffrey Rigal
currLapET: 0    lastLapTime: 0    currLapTime: 0    bestLapTime: -1
lastS1: -1    lastS2: -1    lastS3: -1
currS1: -1    currS2: -1    currS3: -1
bestS1: -1    bestS2: -1    bestS3: -1    bestTotal: -3



Pos:  Lap:      Best Tracked:      Best S1:      Best S2:      Best S3:     Col. Assigned:    Pos. Assigned:    Name | Class | Vehicle:
    1       0                    -1           -1           -1           -1         LeftLane            0    James Cottingham | GT3 | United Autosports 2025 #59:WEC
    2       0                    -1           -1           -1           -1         LeftLane            0    Ahmad Al Harthy | GT3 | Team WRT 2025 #46:WEC
    3       0                    -1           -1           -1           -1         LeftLane            0    Bernardo Sousa | GT3 | Proton Competition 2025 #77:WEC
    4       0                    -1           -1           -1           -1         LeftLane            0    Rahel Frey | GT3 | Iron Dames 2025 #85:WEC
    5       0                    -1           -1           -1           -1         LeftLane            0    Finn Gehrsitz | GT3 | Akkodis ASP Team 2025 #78:EC3
    6       0                    -1           -1           -1           -1         LeftLane            0    Matteo Cairoli | GT3 | Iron Lynx 2025 #60:EC2
    7       0                    -1           -1           -1           -1         LeftLane            0    Lin Hodenius | GT3 | Iron Lynx 2025 #61:EC2
    8       0                    -1           -1           -1           -1         LeftLane            0    Timur Boguslavskiy | GT3 | The Bend Team WRT 2025 #31:WEC
    9       0                    -1           -1           -1           -1         LeftLane            0    Ryan Hardwick | GT3 | Manthey 1st Phorm 2025 #92:WEC
   10       0                    -1           -1           -1           -1         LeftLane            0    Geoffrey Rigal | GT3 | United Autosports 2025 #95:LM
   11       0                    -1           -1           -1           -1         LeftLane            0    Eduardo Barrichello | GT3 | Racing Spirit of Léman 2025 #10:WEC
   12       0                    -1           -1           -1           -1         LeftLane            0    François Heriau | GT3 | Vista AF Corse 2025 #21:WEC
   13       0                    -1           -1           -1           -1         LeftLane            0    Ian James | GT3 | Heart of Racing Team 2025 #27:WEC
   14       0                    -1           -1           -1           -1         LeftLane            0    Jonny Edgar | GT3 | TF Sport 2025 #33:WEC
   15       0                    -1           -1           -1           -1         LeftLane            0    Francesco Castellacci | GT3 | Vista AF Corse 2025 #54:WEC
   16       0                    -1           -1           -1           -1         LeftLane            0    Rui Andrade | GT3 | TF Sport 2025 #81:WEC
   17       0                    -1           -1           -1           -1         LeftLane            0    José María López | GT3 | Akkodis ASP Team 2025 #87:WEC
   18       0                    -1           -1           -1           -1         LeftLane            0    Stefano Gattuso | GT3 | Proton Competition 2025 #88:WEC
    


************************************************************************************
* NEW SESSION **********************************************************************
************************************************************************************


07/25/2025 22:32:20    Sector: 1  ***************************************************** 

Player: Geoffrey Rigal
currLapET: 0    lastLapTime: 0    currLapTime: 0    bestLapTime: -1
lastS1: -1    lastS2: -1    lastS3: -1
currS1: -1    currS2: -1    currS3: -1
bestS1: -1    bestS2: -1    bestS3: -1    bestTotal: -3



Pos:  Lap:      Best Tracked:      Best S1:      Best S2:      Best S3:     Col. Assigned:    Pos. Assigned:    Name | Class | Vehicle:
    1       0                    -1           -1           -1           -1         LeftLane            0    Matteo Cairoli | GT3 | Iron Lynx 2025 #60:EC2
    2       0                    -1           -1           -1           -1         LeftLane            0    Lin Hodenius | GT3 | Iron Lynx 2025 #61:EC2
    3       0                    -1           -1           -1           -1         LeftLane            0    Ahmad Al Harthy | GT3 | Team WRT 2025 #46:WEC
    4       0                    -1           -1           -1           -1         LeftLane            0    José María López | GT3 | Akkodis ASP Team 2025 #87:WEC
    5       0                    -1           -1           -1           -1         LeftLane            0    Rui Andrade | GT3 | TF Sport 2025 #81:WEC
    6       0                    -1           -1           -1           -1         LeftLane            0    Finn Gehrsitz | GT3 | Akkodis ASP Team 2025 #78:EC3
    7       0                    -1           -1           -1           -1         LeftLane            0    Eduardo Barrichello | GT3 | Racing Spirit of Léman 2025 #10:WEC
    8       0                    -1           -1           -1           -1         LeftLane            0    Jonny Edgar | GT3 | TF Sport 2025 #33:WEC
    9       0                    -1           -1           -1           -1         LeftLane            0    Timur Boguslavskiy | GT3 | The Bend Team WRT 2025 #31:WEC
   10       0                    -1           -1           -1           -1         LeftLane            0    Ian James | GT3 | Heart of Racing Team 2025 #27:WEC
   11       0                    -1           -1           -1           -1         LeftLane            0    Stefano Gattuso | GT3 | Proton Competition 2025 #88:WEC
   12       0                    -1           -1           -1           -1         LeftLane            0    James Cottingham | GT3 | United Autosports 2025 #59:WEC
   13       0                    -1           -1           -1           -1         LeftLane            0    Francesco Castellacci | GT3 | Vista AF Corse 2025 #54:WEC
   14       0                    -1           -1           -1           -1         LeftLane            0    Rahel Frey | GT3 | Iron Dames 2025 #85:WEC
   15       0                    -1           -1           -1           -1         LeftLane            0    Bernardo Sousa | GT3 | Proton Competition 2025 #77:WEC
   16       0                    -1           -1           -1           -1         LeftLane            0    François Heriau | GT3 | Vista AF Corse 2025 #21:WEC
   17       0                    -1           -1           -1           -1         LeftLane            0    Ryan Hardwick | GT3 | Manthey 1st Phorm 2025 #92:WEC
   18       0                    -1           -1           -1           -1         LeftLane            0    Geoffrey Rigal | GT3 | United Autosports 2025 #95:LM
    


************************************************************************************
* NEW SESSION **********************************************************************
************************************************************************************


07/25/2025 22:34:55    Sector: 3  ***************************************************** 

Player: Geoffrey Rigal
currLapET: 0    lastLapTime: 0    currLapTime: 00:08:000    bestLapTime: -1
lastS1: -1    lastS2: -1    lastS3: -1
currS1: -1    currS2: -1    currS3: -1
bestS1: -1    bestS2: -1    bestS3: -1    bestTotal: -3



Pos:  Lap:      Best Tracked:      Best S1:      Best S2:      Best S3:     Col. Assigned:    Pos. Assigned:    Name | Class | Vehicle:
    1       0                    -1           -1           -1           -1         LeftLane            0    Matteo Cairoli | GT3 | Iron Lynx 2025 #60:EC2
    2       0                    -1           -1           -1           -1         LeftLane            0    Lin Hodenius | GT3 | Iron Lynx 2025 #61:EC2
    3       0                    -1           -1           -1           -1         LeftLane            0    Ahmad Al Harthy | GT3 | Team WRT 2025 #46:WEC
    4       0                    -1           -1           -1           -1         LeftLane            0    José María López | GT3 | Akkodis ASP Team 2025 #87:WEC
    5       0                    -1           -1           -1           -1         LeftLane            0    Rui Andrade | GT3 | TF Sport 2025 #81:WEC
    6       0                    -1           -1           -1           -1         LeftLane            0    Finn Gehrsitz | GT3 | Akkodis ASP Team 2025 #78:EC3
    7       0                    -1           -1           -1           -1         LeftLane            0    Eduardo Barrichello | GT3 | Racing Spirit of Léman 2025 #10:WEC
    8       0                    -1           -1           -1           -1         LeftLane            0    Jonny Edgar | GT3 | TF Sport 2025 #33:WEC
    9       0                    -1           -1           -1           -1         LeftLane            0    Timur Boguslavskiy | GT3 | The Bend Team WRT 2025 #31:WEC
   10       0                    -1           -1           -1           -1         LeftLane            0    Ian James | GT3 | Heart of Racing Team 2025 #27:WEC
   11       0                    -1           -1           -1           -1         LeftLane            0    Stefano Gattuso | GT3 | Proton Competition 2025 #88:WEC
   12       0                    -1           -1           -1           -1         LeftLane            0    James Cottingham | GT3 | United Autosports 2025 #59:WEC
   13       0                    -1           -1           -1           -1         LeftLane            0    Francesco Castellacci | GT3 | Vista AF Corse 2025 #54:WEC
   14       0                    -1           -1           -1           -1         LeftLane            0    Rahel Frey | GT3 | Iron Dames 2025 #85:WEC
   15       0                    -1           -1           -1           -1         LeftLane            0    Bernardo Sousa | GT3 | Proton Competition 2025 #77:WEC
   16       0                    -1           -1           -1           -1         LeftLane            0    François Heriau | GT3 | Vista AF Corse 2025 #21:WEC
   17       0                    -1           -1           -1           -1         LeftLane            0    Ryan Hardwick | GT3 | Manthey 1st Phorm 2025 #92:WEC
   18       0                    -1           -1           -1           -1         LeftLane            0    Geoffrey Rigal | GT3 | United Autosports 2025 #95:LM
    
